[0.567s] Invoking command in '/home/kjames/ros2_ws/src/eecs256aw25': DEBUGINFOD_URLS=https://debuginfod.ubuntu.com PYTHONPATH=/home/kjames/ros2_ws/build/eecs256aw25/prefix_override:/usr/lib/python3/dist-packages/colcon_core/task/python/colcon_distutils_commands:/home/kjames/ros2_ws/install/eecs256aw25/lib/python3.12/site-packages:${PYTHONPATH} /usr/bin/python3 -W ignore:setup.py install is deprecated -W ignore:easy_install command is deprecated setup.py egg_info --egg-base ../../build/eecs256aw25 build --build-base /home/kjames/ros2_ws/build/eecs256aw25/build install --record /home/kjames/ros2_ws/build/eecs256aw25/install.log --single-version-externally-managed install_data
[0.765s] running egg_info
[0.776s] writing ../../build/eecs256aw25/eecs256aw25.egg-info/PKG-INFO
[0.776s] writing dependency_links to ../../build/eecs256aw25/eecs256aw25.egg-info/dependency_links.txt
[0.776s] writing entry points to ../../build/eecs256aw25/eecs256aw25.egg-info/entry_points.txt
[0.776s] writing requirements to ../../build/eecs256aw25/eecs256aw25.egg-info/requires.txt
[0.776s] writing top-level names to ../../build/eecs256aw25/eecs256aw25.egg-info/top_level.txt
[0.807s] reading manifest file '../../build/eecs256aw25/eecs256aw25.egg-info/SOURCES.txt'
[0.808s] writing manifest file '../../build/eecs256aw25/eecs256aw25.egg-info/SOURCES.txt'
[0.808s] running build
[0.808s] running build_py
[0.808s] copying eecs256aw25/visualize.py -> /home/kjames/ros2_ws/build/eecs256aw25/build/lib/eecs256aw25
[0.809s] running install
[0.814s] running install_lib
[0.827s] copying /home/kjames/ros2_ws/build/eecs256aw25/build/lib/eecs256aw25/visualize.py -> /home/kjames/ros2_ws/install/eecs256aw25/lib/python3.12/site-packages/eecs256aw25
[0.828s] byte-compiling /home/kjames/ros2_ws/install/eecs256aw25/lib/python3.12/site-packages/eecs256aw25/visualize.py to visualize.cpython-312.pyc
[0.828s] running install_data
[0.829s] running install_egg_info
[0.845s] removing '/home/kjames/ros2_ws/install/eecs256aw25/lib/python3.12/site-packages/eecs256aw25-0.0.0-py3.12.egg-info' (and everything under it)
[0.845s] Copying ../../build/eecs256aw25/eecs256aw25.egg-info to /home/kjames/ros2_ws/install/eecs256aw25/lib/python3.12/site-packages/eecs256aw25-0.0.0-py3.12.egg-info
[0.845s] running install_scripts
[0.935s] Installing closed_loop script to /home/kjames/ros2_ws/install/eecs256aw25/lib/eecs256aw25
[0.935s] Installing listener script to /home/kjames/ros2_ws/install/eecs256aw25/lib/eecs256aw25
[0.935s] Installing open_loop script to /home/kjames/ros2_ws/install/eecs256aw25/lib/eecs256aw25
[0.935s] Installing talker script to /home/kjames/ros2_ws/install/eecs256aw25/lib/eecs256aw25
[0.935s] writing list of installed files to '/home/kjames/ros2_ws/build/eecs256aw25/install.log'
[0.957s] Invoked command in '/home/kjames/ros2_ws/src/eecs256aw25' returned '0': DEBUGINFOD_URLS=https://debuginfod.ubuntu.com PYTHONPATH=/home/kjames/ros2_ws/build/eecs256aw25/prefix_override:/usr/lib/python3/dist-packages/colcon_core/task/python/colcon_distutils_commands:/home/kjames/ros2_ws/install/eecs256aw25/lib/python3.12/site-packages:${PYTHONPATH} /usr/bin/python3 -W ignore:setup.py install is deprecated -W ignore:easy_install command is deprecated setup.py egg_info --egg-base ../../build/eecs256aw25 build --build-base /home/kjames/ros2_ws/build/eecs256aw25/build install --record /home/kjames/ros2_ws/build/eecs256aw25/install.log --single-version-externally-managed install_data
