[0.393s] Invoking command in '/home/kjames/ros2_ws/build/eecs256aw25': DEBUGINFOD_URLS=https://debuginfod.ubuntu.com PYTHONPATH=/home/kjames/ros2_ws/build/eecs256aw25/prefix_override:/usr/lib/python3/dist-packages/colcon_core/task/python/colcon_distutils_commands:/home/kjames/ros2_ws/install/eecs256aw25/lib/python3.12/site-packages:${PYTHONPATH} /usr/bin/python3 -W ignore:setup.py install is deprecated -W ignore:easy_install command is deprecated setup.py develop --editable --build-directory /home/kjames/ros2_ws/build/eecs256aw25/build --no-deps symlink_data
[0.553s] running develop
[0.641s] running egg_info
[0.650s] writing eecs256aw25.egg-info/PKG-INFO
[0.650s] writing dependency_links to eecs256aw25.egg-info/dependency_links.txt
[0.650s] writing entry points to eecs256aw25.egg-info/entry_points.txt
[0.650s] writing requirements to eecs256aw25.egg-info/requires.txt
[0.650s] writing top-level names to eecs256aw25.egg-info/top_level.txt
[0.669s] reading manifest file 'eecs256aw25.egg-info/SOURCES.txt'
[0.672s] writing manifest file 'eecs256aw25.egg-info/SOURCES.txt'
[0.681s] running build_ext
[0.681s] Creating /home/kjames/ros2_ws/install/eecs256aw25/lib/python3.12/site-packages/eecs256aw25.egg-link (link to .)
[0.681s] Installing closed_loop script to /home/kjames/ros2_ws/install/eecs256aw25/lib/eecs256aw25
[0.682s] Installing listener script to /home/kjames/ros2_ws/install/eecs256aw25/lib/eecs256aw25
[0.682s] Installing open_loop script to /home/kjames/ros2_ws/install/eecs256aw25/lib/eecs256aw25
[0.682s] Installing talker script to /home/kjames/ros2_ws/install/eecs256aw25/lib/eecs256aw25
[0.682s] 
[0.682s] Installed /home/kjames/ros2_ws/build/eecs256aw25
[0.682s] running symlink_data
[0.682s] symbolically linking /home/kjames/ros2_ws/build/eecs256aw25/models/husky_ur_control.yaml -> /home/kjames/ros2_ws/install/eecs256aw25/share/eecs256aw25/models
[0.682s] symbolically linking /home/kjames/ros2_ws/build/eecs256aw25/models/ur_description/urdf/ur_gz.ros2_control.xacro -> /home/kjames/ros2_ws/install/eecs256aw25/share/eecs256aw25/models/ur_description/urdf
[0.702s] Invoked command in '/home/kjames/ros2_ws/build/eecs256aw25' returned '0': DEBUGINFOD_URLS=https://debuginfod.ubuntu.com PYTHONPATH=/home/kjames/ros2_ws/build/eecs256aw25/prefix_override:/usr/lib/python3/dist-packages/colcon_core/task/python/colcon_distutils_commands:/home/kjames/ros2_ws/install/eecs256aw25/lib/python3.12/site-packages:${PYTHONPATH} /usr/bin/python3 -W ignore:setup.py install is deprecated -W ignore:easy_install command is deprecated setup.py develop --editable --build-directory /home/kjames/ros2_ws/build/eecs256aw25/build --no-deps symlink_data
