[0.435s] Invoking command in '/home/kjames/ros2_ws/src/eecs256aw25': DEBUGINFOD_URLS=https://debuginfod.ubuntu.com PYTHONPATH=/home/kjames/ros2_ws/build/eecs256aw25/prefix_override:/usr/lib/python3/dist-packages/colcon_core/task/python/colcon_distutils_commands:/home/kjames/ros2_ws/install/eecs256aw25/lib/python3.12/site-packages:${PYTHONPATH} /usr/bin/python3 -W ignore:setup.py install is deprecated -W ignore:easy_install command is deprecated setup.py egg_info --egg-base ../../build/eecs256aw25 build --build-base /home/kjames/ros2_ws/build/eecs256aw25/build install --record /home/kjames/ros2_ws/build/eecs256aw25/install.log --single-version-externally-managed install_data
[0.555s] running egg_info
[0.555s] creating ../../build/eecs256aw25/eecs256aw25.egg-info
[0.562s] writing ../../build/eecs256aw25/eecs256aw25.egg-info/PKG-INFO
[0.562s] writing dependency_links to ../../build/eecs256aw25/eecs256aw25.egg-info/dependency_links.txt
[0.562s] writing requirements to ../../build/eecs256aw25/eecs256aw25.egg-info/requires.txt
[0.562s] writing top-level names to ../../build/eecs256aw25/eecs256aw25.egg-info/top_level.txt
[0.562s] writing manifest file '../../build/eecs256aw25/eecs256aw25.egg-info/SOURCES.txt'
[0.577s] reading manifest file '../../build/eecs256aw25/eecs256aw25.egg-info/SOURCES.txt'
[0.577s] writing manifest file '../../build/eecs256aw25/eecs256aw25.egg-info/SOURCES.txt'
[0.577s] running build
[0.577s] running build_py
[0.577s] creating /home/kjames/ros2_ws/build/eecs256aw25/build
[0.577s] creating /home/kjames/ros2_ws/build/eecs256aw25/build/lib
[0.577s] creating /home/kjames/ros2_ws/build/eecs256aw25/build/lib/eecs256aw25
[0.577s] copying eecs256aw25/__init__.py -> /home/kjames/ros2_ws/build/eecs256aw25/build/lib/eecs256aw25
[0.577s] running install
[0.580s] running install_lib
[0.587s] creating /home/kjames/ros2_ws/install/eecs256aw25/lib/python3.12/site-packages/eecs256aw25
[0.588s] copying /home/kjames/ros2_ws/build/eecs256aw25/build/lib/eecs256aw25/__init__.py -> /home/kjames/ros2_ws/install/eecs256aw25/lib/python3.12/site-packages/eecs256aw25
[0.588s] byte-compiling /home/kjames/ros2_ws/install/eecs256aw25/lib/python3.12/site-packages/eecs256aw25/__init__.py to __init__.cpython-312.pyc
[0.588s] running install_data
[0.588s] creating /home/kjames/ros2_ws/install/eecs256aw25/share/ament_index
[0.588s] creating /home/kjames/ros2_ws/install/eecs256aw25/share/ament_index/resource_index
[0.588s] creating /home/kjames/ros2_ws/install/eecs256aw25/share/ament_index/resource_index/packages
[0.588s] copying resource/eecs256aw25 -> /home/kjames/ros2_ws/install/eecs256aw25/share/ament_index/resource_index/packages
[0.588s] copying package.xml -> /home/kjames/ros2_ws/install/eecs256aw25/share/eecs256aw25
[0.588s] running install_egg_info
[0.596s] Copying ../../build/eecs256aw25/eecs256aw25.egg-info to /home/kjames/ros2_ws/install/eecs256aw25/lib/python3.12/site-packages/eecs256aw25-0.0.0-py3.12.egg-info
[0.596s] running install_scripts
[0.646s] writing list of installed files to '/home/kjames/ros2_ws/build/eecs256aw25/install.log'
[0.657s] Invoked command in '/home/kjames/ros2_ws/src/eecs256aw25' returned '0': DEBUGINFOD_URLS=https://debuginfod.ubuntu.com PYTHONPATH=/home/kjames/ros2_ws/build/eecs256aw25/prefix_override:/usr/lib/python3/dist-packages/colcon_core/task/python/colcon_distutils_commands:/home/kjames/ros2_ws/install/eecs256aw25/lib/python3.12/site-packages:${PYTHONPATH} /usr/bin/python3 -W ignore:setup.py install is deprecated -W ignore:easy_install command is deprecated setup.py egg_info --egg-base ../../build/eecs256aw25 build --build-base /home/kjames/ros2_ws/build/eecs256aw25/build install --record /home/kjames/ros2_ws/build/eecs256aw25/install.log --single-version-externally-managed install_data
