[0.363s] Invoking command in '/home/kjames/ros2_ws/src/eecs256aw25': DEBUGINFOD_URLS=https://debuginfod.ubuntu.com PYTHONPATH=/home/kjames/ros2_ws/build/eecs256aw25/prefix_override:/usr/lib/python3/dist-packages/colcon_core/task/python/colcon_distutils_commands:/home/kjames/ros2_ws/install/eecs256aw25/lib/python3.12/site-packages:${PYTHONPATH} /usr/bin/python3 -W ignore:setup.py install is deprecated -W ignore:easy_install command is deprecated setup.py egg_info --egg-base ../../build/eecs256aw25 build --build-base /home/kjames/ros2_ws/build/eecs256aw25/build install --record /home/kjames/ros2_ws/build/eecs256aw25/install.log --single-version-externally-managed install_data
[0.486s] running egg_info
[0.494s] writing ../../build/eecs256aw25/eecs256aw25.egg-info/PKG-INFO
[0.494s] writing dependency_links to ../../build/eecs256aw25/eecs256aw25.egg-info/dependency_links.txt
[0.495s] writing entry points to ../../build/eecs256aw25/eecs256aw25.egg-info/entry_points.txt
[0.495s] writing requirements to ../../build/eecs256aw25/eecs256aw25.egg-info/requires.txt
[0.495s] writing top-level names to ../../build/eecs256aw25/eecs256aw25.egg-info/top_level.txt
[0.514s] reading manifest file '../../build/eecs256aw25/eecs256aw25.egg-info/SOURCES.txt'
[0.514s] writing manifest file '../../build/eecs256aw25/eecs256aw25.egg-info/SOURCES.txt'
[0.514s] running build
[0.514s] running build_py
[0.514s] copying eecs256aw25/orient_a_star.py -> /home/kjames/ros2_ws/build/eecs256aw25/build/lib/eecs256aw25
[0.514s] copying eecs256aw25/point_a_star.py -> /home/kjames/ros2_ws/build/eecs256aw25/build/lib/eecs256aw25
[0.515s] copying eecs256aw25/closed_loop.py -> /home/kjames/ros2_ws/build/eecs256aw25/build/lib/eecs256aw25
[0.515s] copying eecs256aw25/verify_logic_only.py -> /home/kjames/ros2_ws/build/eecs256aw25/build/lib/eecs256aw25
[0.515s] copying eecs256aw25/test_a_star.py -> /home/kjames/ros2_ws/build/eecs256aw25/build/lib/eecs256aw25
[0.515s] running install
[0.518s] running install_lib
[0.528s] copying /home/kjames/ros2_ws/build/eecs256aw25/build/lib/eecs256aw25/orient_a_star.py -> /home/kjames/ros2_ws/install/eecs256aw25/lib/python3.12/site-packages/eecs256aw25
[0.528s] copying /home/kjames/ros2_ws/build/eecs256aw25/build/lib/eecs256aw25/point_a_star.py -> /home/kjames/ros2_ws/install/eecs256aw25/lib/python3.12/site-packages/eecs256aw25
[0.528s] copying /home/kjames/ros2_ws/build/eecs256aw25/build/lib/eecs256aw25/closed_loop.py -> /home/kjames/ros2_ws/install/eecs256aw25/lib/python3.12/site-packages/eecs256aw25
[0.528s] copying /home/kjames/ros2_ws/build/eecs256aw25/build/lib/eecs256aw25/verify_logic_only.py -> /home/kjames/ros2_ws/install/eecs256aw25/lib/python3.12/site-packages/eecs256aw25
[0.528s] copying /home/kjames/ros2_ws/build/eecs256aw25/build/lib/eecs256aw25/test_a_star.py -> /home/kjames/ros2_ws/install/eecs256aw25/lib/python3.12/site-packages/eecs256aw25
[0.529s] byte-compiling /home/kjames/ros2_ws/install/eecs256aw25/lib/python3.12/site-packages/eecs256aw25/orient_a_star.py to orient_a_star.cpython-312.pyc
[0.529s] byte-compiling /home/kjames/ros2_ws/install/eecs256aw25/lib/python3.12/site-packages/eecs256aw25/point_a_star.py to point_a_star.cpython-312.pyc
[0.529s] byte-compiling /home/kjames/ros2_ws/install/eecs256aw25/lib/python3.12/site-packages/eecs256aw25/closed_loop.py to closed_loop.cpython-312.pyc
[0.531s] byte-compiling /home/kjames/ros2_ws/install/eecs256aw25/lib/python3.12/site-packages/eecs256aw25/verify_logic_only.py to verify_logic_only.cpython-312.pyc
[0.531s] byte-compiling /home/kjames/ros2_ws/install/eecs256aw25/lib/python3.12/site-packages/eecs256aw25/test_a_star.py to test_a_star.cpython-312.pyc
[0.532s]   File "/home/kjames/ros2_ws/install/eecs256aw25/lib/python3.12/site-packages/eecs256aw25/test_a_star.py", line 78
[0.532s]     if __name__ == "__main__":-
[0.532s]                                ^
[0.532s] SyntaxError: invalid syntax
[0.532s] 
[0.533s] running install_data
[0.533s] running install_egg_info
[0.543s] removing '/home/kjames/ros2_ws/install/eecs256aw25/lib/python3.12/site-packages/eecs256aw25-0.0.0-py3.12.egg-info' (and everything under it)
[0.543s] Copying ../../build/eecs256aw25/eecs256aw25.egg-info to /home/kjames/ros2_ws/install/eecs256aw25/lib/python3.12/site-packages/eecs256aw25-0.0.0-py3.12.egg-info
[0.543s] running install_scripts
[0.603s] Installing closed_loop script to /home/kjames/ros2_ws/install/eecs256aw25/lib/eecs256aw25
[0.603s] Installing listener script to /home/kjames/ros2_ws/install/eecs256aw25/lib/eecs256aw25
[0.604s] Installing open_loop script to /home/kjames/ros2_ws/install/eecs256aw25/lib/eecs256aw25
[0.604s] Installing talker script to /home/kjames/ros2_ws/install/eecs256aw25/lib/eecs256aw25
[0.604s] writing list of installed files to '/home/kjames/ros2_ws/build/eecs256aw25/install.log'
[0.617s] Invoked command in '/home/kjames/ros2_ws/src/eecs256aw25' returned '0': DEBUGINFOD_URLS=https://debuginfod.ubuntu.com PYTHONPATH=/home/kjames/ros2_ws/build/eecs256aw25/prefix_override:/usr/lib/python3/dist-packages/colcon_core/task/python/colcon_distutils_commands:/home/kjames/ros2_ws/install/eecs256aw25/lib/python3.12/site-packages:${PYTHONPATH} /usr/bin/python3 -W ignore:setup.py install is deprecated -W ignore:easy_install command is deprecated setup.py egg_info --egg-base ../../build/eecs256aw25 build --build-base /home/kjames/ros2_ws/build/eecs256aw25/build install --record /home/kjames/ros2_ws/build/eecs256aw25/install.log --single-version-externally-managed install_data
