[0.447s] Invoking command in '/home/kjames/ros2_ws/build/eecs256aw25': DEBUGINFOD_URLS=https://debuginfod.ubuntu.com PYTHONPATH=/home/kjames/ros2_ws/build/eecs256aw25/prefix_override:/usr/lib/python3/dist-packages/colcon_core/task/python/colcon_distutils_commands:/home/kjames/ros2_ws/install/eecs256aw25/lib/python3.12/site-packages:${PYTHONPATH} /usr/bin/python3 -W ignore:setup.py install is deprecated -W ignore:easy_install command is deprecated setup.py develop --editable --build-directory /home/kjames/ros2_ws/build/eecs256aw25/build --no-deps symlink_data
[0.635s] running develop
[0.740s] running egg_info
[0.740s] creating eecs256aw25.egg-info
[0.750s] writing eecs256aw25.egg-info/PKG-INFO
[0.751s] writing dependency_links to eecs256aw25.egg-info/dependency_links.txt
[0.751s] writing entry points to eecs256aw25.egg-info/entry_points.txt
[0.751s] writing requirements to eecs256aw25.egg-info/requires.txt
[0.751s] writing top-level names to eecs256aw25.egg-info/top_level.txt
[0.751s] writing manifest file 'eecs256aw25.egg-info/SOURCES.txt'
[0.773s] reading manifest file 'eecs256aw25.egg-info/SOURCES.txt'
[0.775s] writing manifest file 'eecs256aw25.egg-info/SOURCES.txt'
[0.786s] running build_ext
[0.786s] Creating /home/kjames/ros2_ws/install/eecs256aw25/lib/python3.12/site-packages/eecs256aw25.egg-link (link to .)
[0.786s] Installing closed_loop script to /home/kjames/ros2_ws/install/eecs256aw25/lib/eecs256aw25
[0.786s] Installing listener script to /home/kjames/ros2_ws/install/eecs256aw25/lib/eecs256aw25
[0.786s] Installing open_loop script to /home/kjames/ros2_ws/install/eecs256aw25/lib/eecs256aw25
[0.786s] Installing talker script to /home/kjames/ros2_ws/install/eecs256aw25/lib/eecs256aw25
[0.786s] 
[0.786s] Installed /home/kjames/ros2_ws/build/eecs256aw25
[0.787s] running symlink_data
[0.787s] creating /home/kjames/ros2_ws/install/eecs256aw25/share/ament_index
[0.787s] creating /home/kjames/ros2_ws/install/eecs256aw25/share/ament_index/resource_index
[0.787s] creating /home/kjames/ros2_ws/install/eecs256aw25/share/ament_index/resource_index/packages
[0.787s] symbolically linking /home/kjames/ros2_ws/build/eecs256aw25/resource/eecs256aw25 -> /home/kjames/ros2_ws/install/eecs256aw25/share/ament_index/resource_index/packages
[0.787s] symbolically linking /home/kjames/ros2_ws/build/eecs256aw25/package.xml -> /home/kjames/ros2_ws/install/eecs256aw25/share/eecs256aw25
[0.787s] creating /home/kjames/ros2_ws/install/eecs256aw25/share/eecs256aw25/launch
[0.787s] symbolically linking /home/kjames/ros2_ws/build/eecs256aw25/launch/closed_loop.launch.py -> /home/kjames/ros2_ws/install/eecs256aw25/share/eecs256aw25/launch
[0.787s] symbolically linking /home/kjames/ros2_ws/build/eecs256aw25/launch/lab3_turtlebot4_spawn.launch.py -> /home/kjames/ros2_ws/install/eecs256aw25/share/eecs256aw25/launch
[0.787s] symbolically linking /home/kjames/ros2_ws/build/eecs256aw25/launch/spawn_husky_ur.launch.py -> /home/kjames/ros2_ws/install/eecs256aw25/share/eecs256aw25/launch
[0.787s] symbolically linking /home/kjames/ros2_ws/build/eecs256aw25/launch/lab3_gz.launch.py -> /home/kjames/ros2_ws/install/eecs256aw25/share/eecs256aw25/launch
[0.787s] creating /home/kjames/ros2_ws/install/eecs256aw25/share/eecs256aw25/models
[0.787s] symbolically linking /home/kjames/ros2_ws/build/eecs256aw25/models/.gitkeep -> /home/kjames/ros2_ws/install/eecs256aw25/share/eecs256aw25/models
[0.787s] symbolically linking /home/kjames/ros2_ws/build/eecs256aw25/models/husky_ur_extras.urdf.xacro -> /home/kjames/ros2_ws/install/eecs256aw25/share/eecs256aw25/models
[0.787s] creating /home/kjames/ros2_ws/install/eecs256aw25/share/eecs256aw25/models/husky_ur_description
[0.787s] symbolically linking /home/kjames/ros2_ws/build/eecs256aw25/models/husky_ur_description/package.xml -> /home/kjames/ros2_ws/install/eecs256aw25/share/eecs256aw25/models/husky_ur_description
[0.787s] symbolically linking /home/kjames/ros2_ws/build/eecs256aw25/models/husky_ur_description/CMakeLists.txt -> /home/kjames/ros2_ws/install/eecs256aw25/share/eecs256aw25/models/husky_ur_description
[0.787s] creating /home/kjames/ros2_ws/install/eecs256aw25/share/eecs256aw25/models/husky_ur_description/urdf
[0.787s] symbolically linking /home/kjames/ros2_ws/build/eecs256aw25/models/husky_ur_description/urdf/husky_ur3_description.urdf.xacro -> /home/kjames/ros2_ws/install/eecs256aw25/share/eecs256aw25/models/husky_ur_description/urdf
[0.787s] symbolically linking /home/kjames/ros2_ws/build/eecs256aw25/models/husky_ur_description/urdf/husky_dual_ur5_e_description.urdf.xacro -> /home/kjames/ros2_ws/install/eecs256aw25/share/eecs256aw25/models/husky_ur_description/urdf
[0.787s] symbolically linking /home/kjames/ros2_ws/build/eecs256aw25/models/husky_ur_description/urdf/husky_ur5_description.urdf.xacro -> /home/kjames/ros2_ws/install/eecs256aw25/share/eecs256aw25/models/husky_ur_description/urdf
[0.787s] symbolically linking /home/kjames/ros2_ws/build/eecs256aw25/models/husky_ur_description/urdf/husky_dual_ur5_description.urdf.xacro -> /home/kjames/ros2_ws/install/eecs256aw25/share/eecs256aw25/models/husky_ur_description/urdf
[0.787s] symbolically linking /home/kjames/ros2_ws/build/eecs256aw25/models/husky_ur_description/urdf/husky_dual_ur3_description.urdf.xacro -> /home/kjames/ros2_ws/install/eecs256aw25/share/eecs256aw25/models/husky_ur_description/urdf
[0.787s] symbolically linking /home/kjames/ros2_ws/build/eecs256aw25/models/husky_ur_description/urdf/husky_ur5_e_description.urdf.xacro -> /home/kjames/ros2_ws/install/eecs256aw25/share/eecs256aw25/models/husky_ur_description/urdf
[0.787s] symbolically linking /home/kjames/ros2_ws/build/eecs256aw25/models/husky_ur_description/urdf/husky_dual_ur3_e_description.urdf.xacro -> /home/kjames/ros2_ws/install/eecs256aw25/share/eecs256aw25/models/husky_ur_description/urdf
[0.787s] symbolically linking /home/kjames/ros2_ws/build/eecs256aw25/models/husky_ur_description/urdf/husky_ur3_e_description.urdf.xacro -> /home/kjames/ros2_ws/install/eecs256aw25/share/eecs256aw25/models/husky_ur_description/urdf
[0.787s] creating /home/kjames/ros2_ws/install/eecs256aw25/share/eecs256aw25/models/husky_ur_description/urdf/inc
[0.788s] symbolically linking /home/kjames/ros2_ws/build/eecs256aw25/models/husky_ur_description/urdf/inc/ur_robotiq_2f_gripper.urdf.xacro -> /home/kjames/ros2_ws/install/eecs256aw25/share/eecs256aw25/models/husky_ur_description/urdf/inc
[0.788s] creating /home/kjames/ros2_ws/install/eecs256aw25/share/eecs256aw25/models/husky_ur_description/meshes
[0.788s] symbolically linking /home/kjames/ros2_ws/build/eecs256aw25/models/husky_ur_description/meshes/dual_arm_bulkhead_collision.stl -> /home/kjames/ros2_ws/install/eecs256aw25/share/eecs256aw25/models/husky_ur_description/meshes
[0.788s] symbolically linking /home/kjames/ros2_ws/build/eecs256aw25/models/husky_ur_description/meshes/dual_arm_bulkhead.dae -> /home/kjames/ros2_ws/install/eecs256aw25/share/eecs256aw25/models/husky_ur_description/meshes
[0.788s] creating /home/kjames/ros2_ws/install/eecs256aw25/share/eecs256aw25/models/husky_ur_description/scripts
[0.788s] symbolically linking /home/kjames/ros2_ws/build/eecs256aw25/models/husky_ur_description/scripts/setup_husky_ur3_envar -> /home/kjames/ros2_ws/install/eecs256aw25/share/eecs256aw25/models/husky_ur_description/scripts
[0.788s] symbolically linking /home/kjames/ros2_ws/build/eecs256aw25/models/husky_ur_description/scripts/setup_husky_dual_ur3_e_envar -> /home/kjames/ros2_ws/install/eecs256aw25/share/eecs256aw25/models/husky_ur_description/scripts
[0.788s] symbolically linking /home/kjames/ros2_ws/build/eecs256aw25/models/husky_ur_description/scripts/setup_husky_ur_envar -> /home/kjames/ros2_ws/install/eecs256aw25/share/eecs256aw25/models/husky_ur_description/scripts
[0.788s] symbolically linking /home/kjames/ros2_ws/build/eecs256aw25/models/husky_ur_description/scripts/setup_husky_ur3_e_envar -> /home/kjames/ros2_ws/install/eecs256aw25/share/eecs256aw25/models/husky_ur_description/scripts
[0.788s] symbolically linking /home/kjames/ros2_ws/build/eecs256aw25/models/husky_ur_description/scripts/setup_husky_ur5_envar -> /home/kjames/ros2_ws/install/eecs256aw25/share/eecs256aw25/models/husky_ur_description/scripts
[0.788s] symbolically linking /home/kjames/ros2_ws/build/eecs256aw25/models/husky_ur_description/scripts/setup_husky_dual_ur5_e_envar -> /home/kjames/ros2_ws/install/eecs256aw25/share/eecs256aw25/models/husky_ur_description/scripts
[0.788s] symbolically linking /home/kjames/ros2_ws/build/eecs256aw25/models/husky_ur_description/scripts/setup_husky_dual_ur3_envar -> /home/kjames/ros2_ws/install/eecs256aw25/share/eecs256aw25/models/husky_ur_description/scripts
[0.788s] symbolically linking /home/kjames/ros2_ws/build/eecs256aw25/models/husky_ur_description/scripts/setup_husky_ur5_e_envar -> /home/kjames/ros2_ws/install/eecs256aw25/share/eecs256aw25/models/husky_ur_description/scripts
[0.788s] symbolically linking /home/kjames/ros2_ws/build/eecs256aw25/models/husky_ur_description/scripts/setup_husky_dual_ur5_envar -> /home/kjames/ros2_ws/install/eecs256aw25/share/eecs256aw25/models/husky_ur_description/scripts
[0.788s] creating /home/kjames/ros2_ws/install/eecs256aw25/share/eecs256aw25/models/ur_description
[0.788s] symbolically linking /home/kjames/ros2_ws/build/eecs256aw25/models/ur_description/CONTRIBUTING.md -> /home/kjames/ros2_ws/install/eecs256aw25/share/eecs256aw25/models/ur_description
[0.788s] symbolically linking /home/kjames/ros2_ws/build/eecs256aw25/models/ur_description/model.pdf -> /home/kjames/ros2_ws/install/eecs256aw25/share/eecs256aw25/models/ur_description
[0.788s] symbolically linking /home/kjames/ros2_ws/build/eecs256aw25/models/ur_description/README.md -> /home/kjames/ros2_ws/install/eecs256aw25/share/eecs256aw25/models/ur_description
[0.788s] symbolically linking /home/kjames/ros2_ws/build/eecs256aw25/models/ur_description/CHANGELOG.rst -> /home/kjames/ros2_ws/install/eecs256aw25/share/eecs256aw25/models/ur_description
[0.788s] symbolically linking /home/kjames/ros2_ws/build/eecs256aw25/models/ur_description/doc_requirements.txt -> /home/kjames/ros2_ws/install/eecs256aw25/share/eecs256aw25/models/ur_description
[0.788s] symbolically linking /home/kjames/ros2_ws/build/eecs256aw25/models/ur_description/LICENSE -> /home/kjames/ros2_ws/install/eecs256aw25/share/eecs256aw25/models/ur_description
[0.788s] symbolically linking /home/kjames/ros2_ws/build/eecs256aw25/models/ur_description/package.xml -> /home/kjames/ros2_ws/install/eecs256aw25/share/eecs256aw25/models/ur_description
[0.788s] symbolically linking /home/kjames/ros2_ws/build/eecs256aw25/models/ur_description/CMakeLists.txt -> /home/kjames/ros2_ws/install/eecs256aw25/share/eecs256aw25/models/ur_description
[0.788s] symbolically linking /home/kjames/ros2_ws/build/eecs256aw25/models/ur_description/.pre-commit-config.yaml -> /home/kjames/ros2_ws/install/eecs256aw25/share/eecs256aw25/models/ur_description
[0.788s] symbolically linking /home/kjames/ros2_ws/build/eecs256aw25/models/ur_description/.gitignore -> /home/kjames/ros2_ws/install/eecs256aw25/share/eecs256aw25/models/ur_description
[0.788s] symbolically linking /home/kjames/ros2_ws/build/eecs256aw25/models/ur_description/ci_status.md -> /home/kjames/ros2_ws/install/eecs256aw25/share/eecs256aw25/models/ur_description
[0.788s] creating /home/kjames/ros2_ws/install/eecs256aw25/share/eecs256aw25/models/ur_description/urdf
[0.788s] symbolically linking /home/kjames/ros2_ws/build/eecs256aw25/models/ur_description/urdf/ur_macro.xacro -> /home/kjames/ros2_ws/install/eecs256aw25/share/eecs256aw25/models/ur_description/urdf
[0.789s] symbolically linking /home/kjames/ros2_ws/build/eecs256aw25/models/ur_description/urdf/ros2_control_mock_hardware.xacro -> /home/kjames/ros2_ws/install/eecs256aw25/share/eecs256aw25/models/ur_description/urdf
[0.789s] symbolically linking /home/kjames/ros2_ws/build/eecs256aw25/models/ur_description/urdf/ur_mocked.urdf.xacro -> /home/kjames/ros2_ws/install/eecs256aw25/share/eecs256aw25/models/ur_description/urdf
[0.789s] symbolically linking /home/kjames/ros2_ws/build/eecs256aw25/models/ur_description/urdf/ur.urdf.xacro -> /home/kjames/ros2_ws/install/eecs256aw25/share/eecs256aw25/models/ur_description/urdf
[0.789s] creating /home/kjames/ros2_ws/install/eecs256aw25/share/eecs256aw25/models/ur_description/urdf/inc
[0.789s] symbolically linking /home/kjames/ros2_ws/build/eecs256aw25/models/ur_description/urdf/inc/ur_sensors.xacro -> /home/kjames/ros2_ws/install/eecs256aw25/share/eecs256aw25/models/ur_description/urdf/inc
[0.789s] symbolically linking /home/kjames/ros2_ws/build/eecs256aw25/models/ur_description/urdf/inc/ur_joint_control.xacro -> /home/kjames/ros2_ws/install/eecs256aw25/share/eecs256aw25/models/ur_description/urdf/inc
[0.789s] symbolically linking /home/kjames/ros2_ws/build/eecs256aw25/models/ur_description/urdf/inc/ur_transmissions.xacro -> /home/kjames/ros2_ws/install/eecs256aw25/share/eecs256aw25/models/ur_description/urdf/inc
[0.789s] symbolically linking /home/kjames/ros2_ws/build/eecs256aw25/models/ur_description/urdf/inc/ur_common.xacro -> /home/kjames/ros2_ws/install/eecs256aw25/share/eecs256aw25/models/ur_description/urdf/inc
[0.789s] creating /home/kjames/ros2_ws/install/eecs256aw25/share/eecs256aw25/models/ur_description/doc
[0.789s] symbolically linking /home/kjames/ros2_ws/build/eecs256aw25/models/ur_description/doc/conf.py -> /home/kjames/ros2_ws/install/eecs256aw25/share/eecs256aw25/models/ur_description/doc
[0.789s] symbolically linking /home/kjames/ros2_ws/build/eecs256aw25/models/ur_description/doc/structure.drawio -> /home/kjames/ros2_ws/install/eecs256aw25/share/eecs256aw25/models/ur_description/doc
[0.789s] symbolically linking /home/kjames/ros2_ws/build/eecs256aw25/models/ur_description/doc/migration_notes.rst -> /home/kjames/ros2_ws/install/eecs256aw25/share/eecs256aw25/models/ur_description/doc
[0.789s] symbolically linking /home/kjames/ros2_ws/build/eecs256aw25/models/ur_description/doc/structure.svg -> /home/kjames/ros2_ws/install/eecs256aw25/share/eecs256aw25/models/ur_description/doc
[0.789s] symbolically linking /home/kjames/ros2_ws/build/eecs256aw25/models/ur_description/doc/index.rst -> /home/kjames/ros2_ws/install/eecs256aw25/share/eecs256aw25/models/ur_description/doc
[0.789s] symbolically linking /home/kjames/ros2_ws/build/eecs256aw25/models/ur_description/doc/robot_frames.rst -> /home/kjames/ros2_ws/install/eecs256aw25/share/eecs256aw25/models/ur_description/doc
[0.789s] creating /home/kjames/ros2_ws/install/eecs256aw25/share/eecs256aw25/models/ur_description/doc/frames
[0.789s] symbolically linking /home/kjames/ros2_ws/build/eecs256aw25/models/ur_description/doc/frames/base_link.png -> /home/kjames/ros2_ws/install/eecs256aw25/share/eecs256aw25/models/ur_description/doc/frames
[0.789s] symbolically linking /home/kjames/ros2_ws/build/eecs256aw25/models/ur_description/doc/frames/base.png -> /home/kjames/ros2_ws/install/eecs256aw25/share/eecs256aw25/models/ur_description/doc/frames
[0.789s] creating /home/kjames/ros2_ws/install/eecs256aw25/share/eecs256aw25/models/ur_description/doc/migration
[0.789s] symbolically linking /home/kjames/ros2_ws/build/eecs256aw25/models/ur_description/doc/migration/jazzy.rst -> /home/kjames/ros2_ws/install/eecs256aw25/share/eecs256aw25/models/ur_description/doc/migration
[0.789s] creating /home/kjames/ros2_ws/install/eecs256aw25/share/eecs256aw25/models/ur_description/config
[0.789s] symbolically linking /home/kjames/ros2_ws/build/eecs256aw25/models/ur_description/config/initial_positions.yaml -> /home/kjames/ros2_ws/install/eecs256aw25/share/eecs256aw25/models/ur_description/config
[0.789s] creating /home/kjames/ros2_ws/install/eecs256aw25/share/eecs256aw25/models/ur_description/config/ur5e
[0.789s] symbolically linking /home/kjames/ros2_ws/build/eecs256aw25/models/ur_description/config/ur5e/physical_parameters.yaml -> /home/kjames/ros2_ws/install/eecs256aw25/share/eecs256aw25/models/ur_description/config/ur5e
[0.790s] symbolically linking /home/kjames/ros2_ws/build/eecs256aw25/models/ur_description/config/ur5e/joint_limits.yaml -> /home/kjames/ros2_ws/install/eecs256aw25/share/eecs256aw25/models/ur_description/config/ur5e
[0.790s] symbolically linking /home/kjames/ros2_ws/build/eecs256aw25/models/ur_description/config/ur5e/visual_parameters.yaml -> /home/kjames/ros2_ws/install/eecs256aw25/share/eecs256aw25/models/ur_description/config/ur5e
[0.790s] symbolically linking /home/kjames/ros2_ws/build/eecs256aw25/models/ur_description/config/ur5e/default_kinematics.yaml -> /home/kjames/ros2_ws/install/eecs256aw25/share/eecs256aw25/models/ur_description/config/ur5e
[0.790s] creating /home/kjames/ros2_ws/install/eecs256aw25/share/eecs256aw25/models/ur_description/config/ur20
[0.790s] symbolically linking /home/kjames/ros2_ws/build/eecs256aw25/models/ur_description/config/ur20/physical_parameters.yaml -> /home/kjames/ros2_ws/install/eecs256aw25/share/eecs256aw25/models/ur_description/config/ur20
[0.790s] symbolically linking /home/kjames/ros2_ws/build/eecs256aw25/models/ur_description/config/ur20/joint_limits.yaml -> /home/kjames/ros2_ws/install/eecs256aw25/share/eecs256aw25/models/ur_description/config/ur20
[0.790s] symbolically linking /home/kjames/ros2_ws/build/eecs256aw25/models/ur_description/config/ur20/visual_parameters.yaml -> /home/kjames/ros2_ws/install/eecs256aw25/share/eecs256aw25/models/ur_description/config/ur20
[0.790s] symbolically linking /home/kjames/ros2_ws/build/eecs256aw25/models/ur_description/config/ur20/default_kinematics.yaml -> /home/kjames/ros2_ws/install/eecs256aw25/share/eecs256aw25/models/ur_description/config/ur20
[0.790s] creating /home/kjames/ros2_ws/install/eecs256aw25/share/eecs256aw25/models/ur_description/config/ur18
[0.790s] symbolically linking /home/kjames/ros2_ws/build/eecs256aw25/models/ur_description/config/ur18/physical_parameters.yaml -> /home/kjames/ros2_ws/install/eecs256aw25/share/eecs256aw25/models/ur_description/config/ur18
[0.790s] symbolically linking /home/kjames/ros2_ws/build/eecs256aw25/models/ur_description/config/ur18/joint_limits.yaml -> /home/kjames/ros2_ws/install/eecs256aw25/share/eecs256aw25/models/ur_description/config/ur18
[0.790s] symbolically linking /home/kjames/ros2_ws/build/eecs256aw25/models/ur_description/config/ur18/visual_parameters.yaml -> /home/kjames/ros2_ws/install/eecs256aw25/share/eecs256aw25/models/ur_description/config/ur18
[0.790s] symbolically linking /home/kjames/ros2_ws/build/eecs256aw25/models/ur_description/config/ur18/default_kinematics.yaml -> /home/kjames/ros2_ws/install/eecs256aw25/share/eecs256aw25/models/ur_description/config/ur18
[0.790s] creating /home/kjames/ros2_ws/install/eecs256aw25/share/eecs256aw25/models/ur_description/config/ur7e
[0.790s] symbolically linking /home/kjames/ros2_ws/build/eecs256aw25/models/ur_description/config/ur7e/physical_parameters.yaml -> /home/kjames/ros2_ws/install/eecs256aw25/share/eecs256aw25/models/ur_description/config/ur7e
[0.790s] symbolically linking /home/kjames/ros2_ws/build/eecs256aw25/models/ur_description/config/ur7e/joint_limits.yaml -> /home/kjames/ros2_ws/install/eecs256aw25/share/eecs256aw25/models/ur_description/config/ur7e
[0.790s] symbolically linking /home/kjames/ros2_ws/build/eecs256aw25/models/ur_description/config/ur7e/visual_parameters.yaml -> /home/kjames/ros2_ws/install/eecs256aw25/share/eecs256aw25/models/ur_description/config/ur7e
[0.790s] symbolically linking /home/kjames/ros2_ws/build/eecs256aw25/models/ur_description/config/ur7e/default_kinematics.yaml -> /home/kjames/ros2_ws/install/eecs256aw25/share/eecs256aw25/models/ur_description/config/ur7e
[0.790s] creating /home/kjames/ros2_ws/install/eecs256aw25/share/eecs256aw25/models/ur_description/config/ur3
[0.791s] symbolically linking /home/kjames/ros2_ws/build/eecs256aw25/models/ur_description/config/ur3/physical_parameters.yaml -> /home/kjames/ros2_ws/install/eecs256aw25/share/eecs256aw25/models/ur_description/config/ur3
[0.791s] symbolically linking /home/kjames/ros2_ws/build/eecs256aw25/models/ur_description/config/ur3/joint_limits.yaml -> /home/kjames/ros2_ws/install/eecs256aw25/share/eecs256aw25/models/ur_description/config/ur3
[0.791s] symbolically linking /home/kjames/ros2_ws/build/eecs256aw25/models/ur_description/config/ur3/visual_parameters.yaml -> /home/kjames/ros2_ws/install/eecs256aw25/share/eecs256aw25/models/ur_description/config/ur3
[0.791s] symbolically linking /home/kjames/ros2_ws/build/eecs256aw25/models/ur_description/config/ur3/default_kinematics.yaml -> /home/kjames/ros2_ws/install/eecs256aw25/share/eecs256aw25/models/ur_description/config/ur3
[0.791s] creating /home/kjames/ros2_ws/install/eecs256aw25/share/eecs256aw25/models/ur_description/config/ur30
[0.791s] symbolically linking /home/kjames/ros2_ws/build/eecs256aw25/models/ur_description/config/ur30/physical_parameters.yaml -> /home/kjames/ros2_ws/install/eecs256aw25/share/eecs256aw25/models/ur_description/config/ur30
[0.791s] symbolically linking /home/kjames/ros2_ws/build/eecs256aw25/models/ur_description/config/ur30/joint_limits.yaml -> /home/kjames/ros2_ws/install/eecs256aw25/share/eecs256aw25/models/ur_description/config/ur30
[0.791s] symbolically linking /home/kjames/ros2_ws/build/eecs256aw25/models/ur_description/config/ur30/visual_parameters.yaml -> /home/kjames/ros2_ws/install/eecs256aw25/share/eecs256aw25/models/ur_description/config/ur30
[0.791s] symbolically linking /home/kjames/ros2_ws/build/eecs256aw25/models/ur_description/config/ur30/default_kinematics.yaml -> /home/kjames/ros2_ws/install/eecs256aw25/share/eecs256aw25/models/ur_description/config/ur30
[0.791s] creating /home/kjames/ros2_ws/install/eecs256aw25/share/eecs256aw25/models/ur_description/config/ur10
[0.791s] symbolically linking /home/kjames/ros2_ws/build/eecs256aw25/models/ur_description/config/ur10/physical_parameters.yaml -> /home/kjames/ros2_ws/install/eecs256aw25/share/eecs256aw25/models/ur_description/config/ur10
[0.791s] symbolically linking /home/kjames/ros2_ws/build/eecs256aw25/models/ur_description/config/ur10/joint_limits.yaml -> /home/kjames/ros2_ws/install/eecs256aw25/share/eecs256aw25/models/ur_description/config/ur10
[0.791s] symbolically linking /home/kjames/ros2_ws/build/eecs256aw25/models/ur_description/config/ur10/visual_parameters.yaml -> /home/kjames/ros2_ws/install/eecs256aw25/share/eecs256aw25/models/ur_description/config/ur10
[0.791s] symbolically linking /home/kjames/ros2_ws/build/eecs256aw25/models/ur_description/config/ur10/default_kinematics.yaml -> /home/kjames/ros2_ws/install/eecs256aw25/share/eecs256aw25/models/ur_description/config/ur10
[0.791s] creating /home/kjames/ros2_ws/install/eecs256aw25/share/eecs256aw25/models/ur_description/config/ur12e
[0.791s] symbolically linking /home/kjames/ros2_ws/build/eecs256aw25/models/ur_description/config/ur12e/physical_parameters.yaml -> /home/kjames/ros2_ws/install/eecs256aw25/share/eecs256aw25/models/ur_description/config/ur12e
[0.791s] symbolically linking /home/kjames/ros2_ws/build/eecs256aw25/models/ur_description/config/ur12e/joint_limits.yaml -> /home/kjames/ros2_ws/install/eecs256aw25/share/eecs256aw25/models/ur_description/config/ur12e
[0.791s] symbolically linking /home/kjames/ros2_ws/build/eecs256aw25/models/ur_description/config/ur12e/visual_parameters.yaml -> /home/kjames/ros2_ws/install/eecs256aw25/share/eecs256aw25/models/ur_description/config/ur12e
[0.791s] symbolically linking /home/kjames/ros2_ws/build/eecs256aw25/models/ur_description/config/ur12e/default_kinematics.yaml -> /home/kjames/ros2_ws/install/eecs256aw25/share/eecs256aw25/models/ur_description/config/ur12e
[0.791s] creating /home/kjames/ros2_ws/install/eecs256aw25/share/eecs256aw25/models/ur_description/config/ur16e
[0.791s] symbolically linking /home/kjames/ros2_ws/build/eecs256aw25/models/ur_description/config/ur16e/physical_parameters.yaml -> /home/kjames/ros2_ws/install/eecs256aw25/share/eecs256aw25/models/ur_description/config/ur16e
[0.791s] symbolically linking /home/kjames/ros2_ws/build/eecs256aw25/models/ur_description/config/ur16e/joint_limits.yaml -> /home/kjames/ros2_ws/install/eecs256aw25/share/eecs256aw25/models/ur_description/config/ur16e
[0.791s] symbolically linking /home/kjames/ros2_ws/build/eecs256aw25/models/ur_description/config/ur16e/visual_parameters.yaml -> /home/kjames/ros2_ws/install/eecs256aw25/share/eecs256aw25/models/ur_description/config/ur16e
[0.791s] symbolically linking /home/kjames/ros2_ws/build/eecs256aw25/models/ur_description/config/ur16e/default_kinematics.yaml -> /home/kjames/ros2_ws/install/eecs256aw25/share/eecs256aw25/models/ur_description/config/ur16e
[0.791s] creating /home/kjames/ros2_ws/install/eecs256aw25/share/eecs256aw25/models/ur_description/config/ur5
[0.791s] symbolically linking /home/kjames/ros2_ws/build/eecs256aw25/models/ur_description/config/ur5/physical_parameters.yaml -> /home/kjames/ros2_ws/install/eecs256aw25/share/eecs256aw25/models/ur_description/config/ur5
[0.791s] symbolically linking /home/kjames/ros2_ws/build/eecs256aw25/models/ur_description/config/ur5/joint_limits.yaml -> /home/kjames/ros2_ws/install/eecs256aw25/share/eecs256aw25/models/ur_description/config/ur5
[0.791s] symbolically linking /home/kjames/ros2_ws/build/eecs256aw25/models/ur_description/config/ur5/visual_parameters.yaml -> /home/kjames/ros2_ws/install/eecs256aw25/share/eecs256aw25/models/ur_description/config/ur5
[0.792s] symbolically linking /home/kjames/ros2_ws/build/eecs256aw25/models/ur_description/config/ur5/default_kinematics.yaml -> /home/kjames/ros2_ws/install/eecs256aw25/share/eecs256aw25/models/ur_description/config/ur5
[0.792s] creating /home/kjames/ros2_ws/install/eecs256aw25/share/eecs256aw25/models/ur_description/config/ur8long
[0.792s] symbolically linking /home/kjames/ros2_ws/build/eecs256aw25/models/ur_description/config/ur8long/physical_parameters.yaml -> /home/kjames/ros2_ws/install/eecs256aw25/share/eecs256aw25/models/ur_description/config/ur8long
[0.792s] symbolically linking /home/kjames/ros2_ws/build/eecs256aw25/models/ur_description/config/ur8long/joint_limits.yaml -> /home/kjames/ros2_ws/install/eecs256aw25/share/eecs256aw25/models/ur_description/config/ur8long
[0.792s] symbolically linking /home/kjames/ros2_ws/build/eecs256aw25/models/ur_description/config/ur8long/visual_parameters.yaml -> /home/kjames/ros2_ws/install/eecs256aw25/share/eecs256aw25/models/ur_description/config/ur8long
[0.792s] symbolically linking /home/kjames/ros2_ws/build/eecs256aw25/models/ur_description/config/ur8long/default_kinematics.yaml -> /home/kjames/ros2_ws/install/eecs256aw25/share/eecs256aw25/models/ur_description/config/ur8long
[0.792s] creating /home/kjames/ros2_ws/install/eecs256aw25/share/eecs256aw25/models/ur_description/config/ur3e
[0.792s] symbolically linking /home/kjames/ros2_ws/build/eecs256aw25/models/ur_description/config/ur3e/physical_parameters.yaml -> /home/kjames/ros2_ws/install/eecs256aw25/share/eecs256aw25/models/ur_description/config/ur3e
[0.792s] symbolically linking /home/kjames/ros2_ws/build/eecs256aw25/models/ur_description/config/ur3e/joint_limits.yaml -> /home/kjames/ros2_ws/install/eecs256aw25/share/eecs256aw25/models/ur_description/config/ur3e
[0.792s] symbolically linking /home/kjames/ros2_ws/build/eecs256aw25/models/ur_description/config/ur3e/visual_parameters.yaml -> /home/kjames/ros2_ws/install/eecs256aw25/share/eecs256aw25/models/ur_description/config/ur3e
[0.792s] symbolically linking /home/kjames/ros2_ws/build/eecs256aw25/models/ur_description/config/ur3e/default_kinematics.yaml -> /home/kjames/ros2_ws/install/eecs256aw25/share/eecs256aw25/models/ur_description/config/ur3e
[0.792s] creating /home/kjames/ros2_ws/install/eecs256aw25/share/eecs256aw25/models/ur_description/config/ur10e
[0.792s] symbolically linking /home/kjames/ros2_ws/build/eecs256aw25/models/ur_description/config/ur10e/physical_parameters.yaml -> /home/kjames/ros2_ws/install/eecs256aw25/share/eecs256aw25/models/ur_description/config/ur10e
[0.792s] symbolically linking /home/kjames/ros2_ws/build/eecs256aw25/models/ur_description/config/ur10e/joint_limits.yaml -> /home/kjames/ros2_ws/install/eecs256aw25/share/eecs256aw25/models/ur_description/config/ur10e
[0.792s] symbolically linking /home/kjames/ros2_ws/build/eecs256aw25/models/ur_description/config/ur10e/visual_parameters.yaml -> /home/kjames/ros2_ws/install/eecs256aw25/share/eecs256aw25/models/ur_description/config/ur10e
[0.792s] symbolically linking /home/kjames/ros2_ws/build/eecs256aw25/models/ur_description/config/ur10e/default_kinematics.yaml -> /home/kjames/ros2_ws/install/eecs256aw25/share/eecs256aw25/models/ur_description/config/ur10e
[0.792s] creating /home/kjames/ros2_ws/install/eecs256aw25/share/eecs256aw25/models/ur_description/config/ur15
[0.792s] symbolically linking /home/kjames/ros2_ws/build/eecs256aw25/models/ur_description/config/ur15/physical_parameters.yaml -> /home/kjames/ros2_ws/install/eecs256aw25/share/eecs256aw25/models/ur_description/config/ur15
[0.792s] symbolically linking /home/kjames/ros2_ws/build/eecs256aw25/models/ur_description/config/ur15/joint_limits.yaml -> /home/kjames/ros2_ws/install/eecs256aw25/share/eecs256aw25/models/ur_description/config/ur15
[0.792s] symbolically linking /home/kjames/ros2_ws/build/eecs256aw25/models/ur_description/config/ur15/visual_parameters.yaml -> /home/kjames/ros2_ws/install/eecs256aw25/share/eecs256aw25/models/ur_description/config/ur15
[0.792s] symbolically linking /home/kjames/ros2_ws/build/eecs256aw25/models/ur_description/config/ur15/default_kinematics.yaml -> /home/kjames/ros2_ws/install/eecs256aw25/share/eecs256aw25/models/ur_description/config/ur15
[0.792s] creating /home/kjames/ros2_ws/install/eecs256aw25/share/eecs256aw25/models/ur_description/meshes
[0.792s] creating /home/kjames/ros2_ws/install/eecs256aw25/share/eecs256aw25/models/ur_description/meshes/ur5e
[0.793s] creating /home/kjames/ros2_ws/install/eecs256aw25/share/eecs256aw25/models/ur_description/meshes/ur5e/visual
[0.793s] symbolically linking /home/kjames/ros2_ws/build/eecs256aw25/models/ur_description/meshes/ur5e/visual/shoulder.dae -> /home/kjames/ros2_ws/install/eecs256aw25/share/eecs256aw25/models/ur_description/meshes/ur5e/visual
[0.793s] symbolically linking /home/kjames/ros2_ws/build/eecs256aw25/models/ur_description/meshes/ur5e/visual/wrist3.dae -> /home/kjames/ros2_ws/install/eecs256aw25/share/eecs256aw25/models/ur_description/meshes/ur5e/visual
[0.793s] symbolically linking /home/kjames/ros2_ws/build/eecs256aw25/models/ur_description/meshes/ur5e/visual/upperarm.dae -> /home/kjames/ros2_ws/install/eecs256aw25/share/eecs256aw25/models/ur_description/meshes/ur5e/visual
[0.793s] symbolically linking /home/kjames/ros2_ws/build/eecs256aw25/models/ur_description/meshes/ur5e/visual/wrist1.dae -> /home/kjames/ros2_ws/install/eecs256aw25/share/eecs256aw25/models/ur_description/meshes/ur5e/visual
[0.793s] symbolically linking /home/kjames/ros2_ws/build/eecs256aw25/models/ur_description/meshes/ur5e/visual/base.dae -> /home/kjames/ros2_ws/install/eecs256aw25/share/eecs256aw25/models/ur_description/meshes/ur5e/visual
[0.793s] symbolically linking /home/kjames/ros2_ws/build/eecs256aw25/models/ur_description/meshes/ur5e/visual/forearm.dae -> /home/kjames/ros2_ws/install/eecs256aw25/share/eecs256aw25/models/ur_description/meshes/ur5e/visual
[0.793s] symbolically linking /home/kjames/ros2_ws/build/eecs256aw25/models/ur_description/meshes/ur5e/visual/wrist2.dae -> /home/kjames/ros2_ws/install/eecs256aw25/share/eecs256aw25/models/ur_description/meshes/ur5e/visual
[0.793s] creating /home/kjames/ros2_ws/install/eecs256aw25/share/eecs256aw25/models/ur_description/meshes/ur5e/collision
[0.793s] symbolically linking /home/kjames/ros2_ws/build/eecs256aw25/models/ur_description/meshes/ur5e/collision/shoulder.stl -> /home/kjames/ros2_ws/install/eecs256aw25/share/eecs256aw25/models/ur_description/meshes/ur5e/collision
[0.793s] symbolically linking /home/kjames/ros2_ws/build/eecs256aw25/models/ur_description/meshes/ur5e/collision/wrist3.stl -> /home/kjames/ros2_ws/install/eecs256aw25/share/eecs256aw25/models/ur_description/meshes/ur5e/collision
[0.793s] symbolically linking /home/kjames/ros2_ws/build/eecs256aw25/models/ur_description/meshes/ur5e/collision/upperarm.stl -> /home/kjames/ros2_ws/install/eecs256aw25/share/eecs256aw25/models/ur_description/meshes/ur5e/collision
[0.793s] symbolically linking /home/kjames/ros2_ws/build/eecs256aw25/models/ur_description/meshes/ur5e/collision/base.stl -> /home/kjames/ros2_ws/install/eecs256aw25/share/eecs256aw25/models/ur_description/meshes/ur5e/collision
[0.793s] symbolically linking /home/kjames/ros2_ws/build/eecs256aw25/models/ur_description/meshes/ur5e/collision/wrist1.stl -> /home/kjames/ros2_ws/install/eecs256aw25/share/eecs256aw25/models/ur_description/meshes/ur5e/collision
[0.793s] symbolically linking /home/kjames/ros2_ws/build/eecs256aw25/models/ur_description/meshes/ur5e/collision/forearm.stl -> /home/kjames/ros2_ws/install/eecs256aw25/share/eecs256aw25/models/ur_description/meshes/ur5e/collision
[0.793s] symbolically linking /home/kjames/ros2_ws/build/eecs256aw25/models/ur_description/meshes/ur5e/collision/wrist2.stl -> /home/kjames/ros2_ws/install/eecs256aw25/share/eecs256aw25/models/ur_description/meshes/ur5e/collision
[0.793s] creating /home/kjames/ros2_ws/install/eecs256aw25/share/eecs256aw25/models/ur_description/meshes/ur20
[0.793s] symbolically linking /home/kjames/ros2_ws/build/eecs256aw25/models/ur_description/meshes/ur20/LICENSE.txt -> /home/kjames/ros2_ws/install/eecs256aw25/share/eecs256aw25/models/ur_description/meshes/ur20
[0.793s] creating /home/kjames/ros2_ws/install/eecs256aw25/share/eecs256aw25/models/ur_description/meshes/ur20/visual
[0.793s] symbolically linking /home/kjames/ros2_ws/build/eecs256aw25/models/ur_description/meshes/ur20/visual/shoulder.dae -> /home/kjames/ros2_ws/install/eecs256aw25/share/eecs256aw25/models/ur_description/meshes/ur20/visual
[0.793s] symbolically linking /home/kjames/ros2_ws/build/eecs256aw25/models/ur_description/meshes/ur20/visual/UR20_DIFF_8bit_2K.png -> /home/kjames/ros2_ws/install/eecs256aw25/share/eecs256aw25/models/ur_description/meshes/ur20/visual
[0.793s] symbolically linking /home/kjames/ros2_ws/build/eecs256aw25/models/ur_description/meshes/ur20/visual/wrist3.dae -> /home/kjames/ros2_ws/install/eecs256aw25/share/eecs256aw25/models/ur_description/meshes/ur20/visual
[0.793s] symbolically linking /home/kjames/ros2_ws/build/eecs256aw25/models/ur_description/meshes/ur20/visual/upperarm.dae -> /home/kjames/ros2_ws/install/eecs256aw25/share/eecs256aw25/models/ur_description/meshes/ur20/visual
[0.793s] symbolically linking /home/kjames/ros2_ws/build/eecs256aw25/models/ur_description/meshes/ur20/visual/wrist1.dae -> /home/kjames/ros2_ws/install/eecs256aw25/share/eecs256aw25/models/ur_description/meshes/ur20/visual
[0.793s] symbolically linking /home/kjames/ros2_ws/build/eecs256aw25/models/ur_description/meshes/ur20/visual/base.dae -> /home/kjames/ros2_ws/install/eecs256aw25/share/eecs256aw25/models/ur_description/meshes/ur20/visual
[0.794s] symbolically linking /home/kjames/ros2_ws/build/eecs256aw25/models/ur_description/meshes/ur20/visual/forearm.dae -> /home/kjames/ros2_ws/install/eecs256aw25/share/eecs256aw25/models/ur_description/meshes/ur20/visual
[0.794s] symbolically linking /home/kjames/ros2_ws/build/eecs256aw25/models/ur_description/meshes/ur20/visual/wrist2.dae -> /home/kjames/ros2_ws/install/eecs256aw25/share/eecs256aw25/models/ur_description/meshes/ur20/visual
[0.794s] creating /home/kjames/ros2_ws/install/eecs256aw25/share/eecs256aw25/models/ur_description/meshes/ur20/collision
[0.794s] symbolically linking /home/kjames/ros2_ws/build/eecs256aw25/models/ur_description/meshes/ur20/collision/shoulder.stl -> /home/kjames/ros2_ws/install/eecs256aw25/share/eecs256aw25/models/ur_description/meshes/ur20/collision
[0.794s] symbolically linking /home/kjames/ros2_ws/build/eecs256aw25/models/ur_description/meshes/ur20/collision/wrist3.stl -> /home/kjames/ros2_ws/install/eecs256aw25/share/eecs256aw25/models/ur_description/meshes/ur20/collision
[0.794s] symbolically linking /home/kjames/ros2_ws/build/eecs256aw25/models/ur_description/meshes/ur20/collision/upperarm.stl -> /home/kjames/ros2_ws/install/eecs256aw25/share/eecs256aw25/models/ur_description/meshes/ur20/collision
[0.794s] symbolically linking /home/kjames/ros2_ws/build/eecs256aw25/models/ur_description/meshes/ur20/collision/base.stl -> /home/kjames/ros2_ws/install/eecs256aw25/share/eecs256aw25/models/ur_description/meshes/ur20/collision
[0.794s] symbolically linking /home/kjames/ros2_ws/build/eecs256aw25/models/ur_description/meshes/ur20/collision/wrist1.stl -> /home/kjames/ros2_ws/install/eecs256aw25/share/eecs256aw25/models/ur_description/meshes/ur20/collision
[0.794s] symbolically linking /home/kjames/ros2_ws/build/eecs256aw25/models/ur_description/meshes/ur20/collision/forearm.stl -> /home/kjames/ros2_ws/install/eecs256aw25/share/eecs256aw25/models/ur_description/meshes/ur20/collision
[0.794s] symbolically linking /home/kjames/ros2_ws/build/eecs256aw25/models/ur_description/meshes/ur20/collision/wrist2.stl -> /home/kjames/ros2_ws/install/eecs256aw25/share/eecs256aw25/models/ur_description/meshes/ur20/collision
[0.794s] creating /home/kjames/ros2_ws/install/eecs256aw25/share/eecs256aw25/models/ur_description/meshes/ur18
[0.794s] symbolically linking /home/kjames/ros2_ws/build/eecs256aw25/models/ur_description/meshes/ur18/LICENSE.txt -> /home/kjames/ros2_ws/install/eecs256aw25/share/eecs256aw25/models/ur_description/meshes/ur18
[0.794s] creating /home/kjames/ros2_ws/install/eecs256aw25/share/eecs256aw25/models/ur_description/meshes/ur18/visual
[0.794s] symbolically linking /home/kjames/ros2_ws/build/eecs256aw25/models/ur_description/meshes/ur18/visual/upperarm.dae -> /home/kjames/ros2_ws/install/eecs256aw25/share/eecs256aw25/models/ur_description/meshes/ur18/visual
[0.794s] symbolically linking /home/kjames/ros2_ws/build/eecs256aw25/models/ur_description/meshes/ur18/visual/UR18_DIFF_8bit_2K.jpg -> /home/kjames/ros2_ws/install/eecs256aw25/share/eecs256aw25/models/ur_description/meshes/ur18/visual
[0.794s] symbolically linking /home/kjames/ros2_ws/build/eecs256aw25/models/ur_description/meshes/ur18/visual/forearm.dae -> /home/kjames/ros2_ws/install/eecs256aw25/share/eecs256aw25/models/ur_description/meshes/ur18/visual
[0.794s] creating /home/kjames/ros2_ws/install/eecs256aw25/share/eecs256aw25/models/ur_description/meshes/ur18/collision
[0.794s] symbolically linking /home/kjames/ros2_ws/build/eecs256aw25/models/ur_description/meshes/ur18/collision/upperarm.stl -> /home/kjames/ros2_ws/install/eecs256aw25/share/eecs256aw25/models/ur_description/meshes/ur18/collision
[0.794s] symbolically linking /home/kjames/ros2_ws/build/eecs256aw25/models/ur_description/meshes/ur18/collision/forearm.stl -> /home/kjames/ros2_ws/install/eecs256aw25/share/eecs256aw25/models/ur_description/meshes/ur18/collision
[0.794s] creating /home/kjames/ros2_ws/install/eecs256aw25/share/eecs256aw25/models/ur_description/meshes/ur3
[0.794s] creating /home/kjames/ros2_ws/install/eecs256aw25/share/eecs256aw25/models/ur_description/meshes/ur3/visual
[0.794s] symbolically linking /home/kjames/ros2_ws/build/eecs256aw25/models/ur_description/meshes/ur3/visual/shoulder.dae -> /home/kjames/ros2_ws/install/eecs256aw25/share/eecs256aw25/models/ur_description/meshes/ur3/visual
[0.794s] symbolically linking /home/kjames/ros2_ws/build/eecs256aw25/models/ur_description/meshes/ur3/visual/wrist3.dae -> /home/kjames/ros2_ws/install/eecs256aw25/share/eecs256aw25/models/ur_description/meshes/ur3/visual
[0.794s] symbolically linking /home/kjames/ros2_ws/build/eecs256aw25/models/ur_description/meshes/ur3/visual/upperarm.dae -> /home/kjames/ros2_ws/install/eecs256aw25/share/eecs256aw25/models/ur_description/meshes/ur3/visual
[0.794s] symbolically linking /home/kjames/ros2_ws/build/eecs256aw25/models/ur_description/meshes/ur3/visual/wrist1.dae -> /home/kjames/ros2_ws/install/eecs256aw25/share/eecs256aw25/models/ur_description/meshes/ur3/visual
[0.794s] symbolically linking /home/kjames/ros2_ws/build/eecs256aw25/models/ur_description/meshes/ur3/visual/base.dae -> /home/kjames/ros2_ws/install/eecs256aw25/share/eecs256aw25/models/ur_description/meshes/ur3/visual
[0.794s] symbolically linking /home/kjames/ros2_ws/build/eecs256aw25/models/ur_description/meshes/ur3/visual/forearm.dae -> /home/kjames/ros2_ws/install/eecs256aw25/share/eecs256aw25/models/ur_description/meshes/ur3/visual
[0.794s] symbolically linking /home/kjames/ros2_ws/build/eecs256aw25/models/ur_description/meshes/ur3/visual/wrist2.dae -> /home/kjames/ros2_ws/install/eecs256aw25/share/eecs256aw25/models/ur_description/meshes/ur3/visual
[0.794s] creating /home/kjames/ros2_ws/install/eecs256aw25/share/eecs256aw25/models/ur_description/meshes/ur3/collision
[0.795s] symbolically linking /home/kjames/ros2_ws/build/eecs256aw25/models/ur_description/meshes/ur3/collision/shoulder.stl -> /home/kjames/ros2_ws/install/eecs256aw25/share/eecs256aw25/models/ur_description/meshes/ur3/collision
[0.795s] symbolically linking /home/kjames/ros2_ws/build/eecs256aw25/models/ur_description/meshes/ur3/collision/wrist3.stl -> /home/kjames/ros2_ws/install/eecs256aw25/share/eecs256aw25/models/ur_description/meshes/ur3/collision
[0.795s] symbolically linking /home/kjames/ros2_ws/build/eecs256aw25/models/ur_description/meshes/ur3/collision/upperarm.stl -> /home/kjames/ros2_ws/install/eecs256aw25/share/eecs256aw25/models/ur_description/meshes/ur3/collision
[0.795s] symbolically linking /home/kjames/ros2_ws/build/eecs256aw25/models/ur_description/meshes/ur3/collision/base.stl -> /home/kjames/ros2_ws/install/eecs256aw25/share/eecs256aw25/models/ur_description/meshes/ur3/collision
[0.795s] symbolically linking /home/kjames/ros2_ws/build/eecs256aw25/models/ur_description/meshes/ur3/collision/wrist1.stl -> /home/kjames/ros2_ws/install/eecs256aw25/share/eecs256aw25/models/ur_description/meshes/ur3/collision
[0.795s] symbolically linking /home/kjames/ros2_ws/build/eecs256aw25/models/ur_description/meshes/ur3/collision/forearm.stl -> /home/kjames/ros2_ws/install/eecs256aw25/share/eecs256aw25/models/ur_description/meshes/ur3/collision
[0.795s] symbolically linking /home/kjames/ros2_ws/build/eecs256aw25/models/ur_description/meshes/ur3/collision/wrist2.stl -> /home/kjames/ros2_ws/install/eecs256aw25/share/eecs256aw25/models/ur_description/meshes/ur3/collision
[0.795s] creating /home/kjames/ros2_ws/install/eecs256aw25/share/eecs256aw25/models/ur_description/meshes/ur30
[0.795s] symbolically linking /home/kjames/ros2_ws/build/eecs256aw25/models/ur_description/meshes/ur30/LICENSE.txt -> /home/kjames/ros2_ws/install/eecs256aw25/share/eecs256aw25/models/ur_description/meshes/ur30
[0.795s] creating /home/kjames/ros2_ws/install/eecs256aw25/share/eecs256aw25/models/ur_description/meshes/ur30/visual
[0.795s] symbolically linking /home/kjames/ros2_ws/build/eecs256aw25/models/ur_description/meshes/ur30/visual/upperarm.dae -> /home/kjames/ros2_ws/install/eecs256aw25/share/eecs256aw25/models/ur_description/meshes/ur30/visual
[0.795s] symbolically linking /home/kjames/ros2_ws/build/eecs256aw25/models/ur_description/meshes/ur30/visual/UR30_DIFF_8bit_2K.png -> /home/kjames/ros2_ws/install/eecs256aw25/share/eecs256aw25/models/ur_description/meshes/ur30/visual
[0.795s] symbolically linking /home/kjames/ros2_ws/build/eecs256aw25/models/ur_description/meshes/ur30/visual/forearm.dae -> /home/kjames/ros2_ws/install/eecs256aw25/share/eecs256aw25/models/ur_description/meshes/ur30/visual
[0.795s] creating /home/kjames/ros2_ws/install/eecs256aw25/share/eecs256aw25/models/ur_description/meshes/ur30/collision
[0.795s] symbolically linking /home/kjames/ros2_ws/build/eecs256aw25/models/ur_description/meshes/ur30/collision/upperarm.stl -> /home/kjames/ros2_ws/install/eecs256aw25/share/eecs256aw25/models/ur_description/meshes/ur30/collision
[0.795s] symbolically linking /home/kjames/ros2_ws/build/eecs256aw25/models/ur_description/meshes/ur30/collision/forearm.stl -> /home/kjames/ros2_ws/install/eecs256aw25/share/eecs256aw25/models/ur_description/meshes/ur30/collision
[0.795s] creating /home/kjames/ros2_ws/install/eecs256aw25/share/eecs256aw25/models/ur_description/meshes/ur10
[0.795s] creating /home/kjames/ros2_ws/install/eecs256aw25/share/eecs256aw25/models/ur_description/meshes/ur10/visual
[0.795s] symbolically linking /home/kjames/ros2_ws/build/eecs256aw25/models/ur_description/meshes/ur10/visual/shoulder.dae -> /home/kjames/ros2_ws/install/eecs256aw25/share/eecs256aw25/models/ur_description/meshes/ur10/visual
[0.795s] symbolically linking /home/kjames/ros2_ws/build/eecs256aw25/models/ur_description/meshes/ur10/visual/wrist3.dae -> /home/kjames/ros2_ws/install/eecs256aw25/share/eecs256aw25/models/ur_description/meshes/ur10/visual
[0.795s] symbolically linking /home/kjames/ros2_ws/build/eecs256aw25/models/ur_description/meshes/ur10/visual/upperarm.dae -> /home/kjames/ros2_ws/install/eecs256aw25/share/eecs256aw25/models/ur_description/meshes/ur10/visual
[0.795s] symbolically linking /home/kjames/ros2_ws/build/eecs256aw25/models/ur_description/meshes/ur10/visual/wrist1.dae -> /home/kjames/ros2_ws/install/eecs256aw25/share/eecs256aw25/models/ur_description/meshes/ur10/visual
[0.795s] symbolically linking /home/kjames/ros2_ws/build/eecs256aw25/models/ur_description/meshes/ur10/visual/base.dae -> /home/kjames/ros2_ws/install/eecs256aw25/share/eecs256aw25/models/ur_description/meshes/ur10/visual
[0.795s] symbolically linking /home/kjames/ros2_ws/build/eecs256aw25/models/ur_description/meshes/ur10/visual/forearm.dae -> /home/kjames/ros2_ws/install/eecs256aw25/share/eecs256aw25/models/ur_description/meshes/ur10/visual
[0.795s] symbolically linking /home/kjames/ros2_ws/build/eecs256aw25/models/ur_description/meshes/ur10/visual/wrist2.dae -> /home/kjames/ros2_ws/install/eecs256aw25/share/eecs256aw25/models/ur_description/meshes/ur10/visual
[0.795s] creating /home/kjames/ros2_ws/install/eecs256aw25/share/eecs256aw25/models/ur_description/meshes/ur10/collision
[0.796s] symbolically linking /home/kjames/ros2_ws/build/eecs256aw25/models/ur_description/meshes/ur10/collision/shoulder.stl -> /home/kjames/ros2_ws/install/eecs256aw25/share/eecs256aw25/models/ur_description/meshes/ur10/collision
[0.796s] symbolically linking /home/kjames/ros2_ws/build/eecs256aw25/models/ur_description/meshes/ur10/collision/wrist3.stl -> /home/kjames/ros2_ws/install/eecs256aw25/share/eecs256aw25/models/ur_description/meshes/ur10/collision
[0.796s] symbolically linking /home/kjames/ros2_ws/build/eecs256aw25/models/ur_description/meshes/ur10/collision/upperarm.stl -> /home/kjames/ros2_ws/install/eecs256aw25/share/eecs256aw25/models/ur_description/meshes/ur10/collision
[0.796s] symbolically linking /home/kjames/ros2_ws/build/eecs256aw25/models/ur_description/meshes/ur10/collision/base.stl -> /home/kjames/ros2_ws/install/eecs256aw25/share/eecs256aw25/models/ur_description/meshes/ur10/collision
[0.796s] symbolically linking /home/kjames/ros2_ws/build/eecs256aw25/models/ur_description/meshes/ur10/collision/wrist1.stl -> /home/kjames/ros2_ws/install/eecs256aw25/share/eecs256aw25/models/ur_description/meshes/ur10/collision
[0.796s] symbolically linking /home/kjames/ros2_ws/build/eecs256aw25/models/ur_description/meshes/ur10/collision/forearm.stl -> /home/kjames/ros2_ws/install/eecs256aw25/share/eecs256aw25/models/ur_description/meshes/ur10/collision
[0.796s] symbolically linking /home/kjames/ros2_ws/build/eecs256aw25/models/ur_description/meshes/ur10/collision/wrist2.stl -> /home/kjames/ros2_ws/install/eecs256aw25/share/eecs256aw25/models/ur_description/meshes/ur10/collision
[0.796s] creating /home/kjames/ros2_ws/install/eecs256aw25/share/eecs256aw25/models/ur_description/meshes/ur16e
[0.796s] creating /home/kjames/ros2_ws/install/eecs256aw25/share/eecs256aw25/models/ur_description/meshes/ur16e/visual
[0.796s] symbolically linking /home/kjames/ros2_ws/build/eecs256aw25/models/ur_description/meshes/ur16e/visual/upperarm.dae -> /home/kjames/ros2_ws/install/eecs256aw25/share/eecs256aw25/models/ur_description/meshes/ur16e/visual
[0.796s] symbolically linking /home/kjames/ros2_ws/build/eecs256aw25/models/ur_description/meshes/ur16e/visual/forearm.dae -> /home/kjames/ros2_ws/install/eecs256aw25/share/eecs256aw25/models/ur_description/meshes/ur16e/visual
[0.796s] creating /home/kjames/ros2_ws/install/eecs256aw25/share/eecs256aw25/models/ur_description/meshes/ur16e/collision
[0.796s] symbolically linking /home/kjames/ros2_ws/build/eecs256aw25/models/ur_description/meshes/ur16e/collision/upperarm.stl -> /home/kjames/ros2_ws/install/eecs256aw25/share/eecs256aw25/models/ur_description/meshes/ur16e/collision
[0.796s] symbolically linking /home/kjames/ros2_ws/build/eecs256aw25/models/ur_description/meshes/ur16e/collision/forearm.stl -> /home/kjames/ros2_ws/install/eecs256aw25/share/eecs256aw25/models/ur_description/meshes/ur16e/collision
[0.796s] creating /home/kjames/ros2_ws/install/eecs256aw25/share/eecs256aw25/models/ur_description/meshes/ur5
[0.796s] creating /home/kjames/ros2_ws/install/eecs256aw25/share/eecs256aw25/models/ur_description/meshes/ur5/visual
[0.796s] symbolically linking /home/kjames/ros2_ws/build/eecs256aw25/models/ur_description/meshes/ur5/visual/shoulder.dae -> /home/kjames/ros2_ws/install/eecs256aw25/share/eecs256aw25/models/ur_description/meshes/ur5/visual
[0.797s] symbolically linking /home/kjames/ros2_ws/build/eecs256aw25/models/ur_description/meshes/ur5/visual/wrist3.dae -> /home/kjames/ros2_ws/install/eecs256aw25/share/eecs256aw25/models/ur_description/meshes/ur5/visual
[0.797s] symbolically linking /home/kjames/ros2_ws/build/eecs256aw25/models/ur_description/meshes/ur5/visual/upperarm.dae -> /home/kjames/ros2_ws/install/eecs256aw25/share/eecs256aw25/models/ur_description/meshes/ur5/visual
[0.797s] symbolically linking /home/kjames/ros2_ws/build/eecs256aw25/models/ur_description/meshes/ur5/visual/wrist1.dae -> /home/kjames/ros2_ws/install/eecs256aw25/share/eecs256aw25/models/ur_description/meshes/ur5/visual
[0.797s] symbolically linking /home/kjames/ros2_ws/build/eecs256aw25/models/ur_description/meshes/ur5/visual/base.dae -> /home/kjames/ros2_ws/install/eecs256aw25/share/eecs256aw25/models/ur_description/meshes/ur5/visual
[0.797s] symbolically linking /home/kjames/ros2_ws/build/eecs256aw25/models/ur_description/meshes/ur5/visual/forearm.dae -> /home/kjames/ros2_ws/install/eecs256aw25/share/eecs256aw25/models/ur_description/meshes/ur5/visual
[0.797s] symbolically linking /home/kjames/ros2_ws/build/eecs256aw25/models/ur_description/meshes/ur5/visual/wrist2.dae -> /home/kjames/ros2_ws/install/eecs256aw25/share/eecs256aw25/models/ur_description/meshes/ur5/visual
[0.797s] creating /home/kjames/ros2_ws/install/eecs256aw25/share/eecs256aw25/models/ur_description/meshes/ur5/collision
[0.797s] symbolically linking /home/kjames/ros2_ws/build/eecs256aw25/models/ur_description/meshes/ur5/collision/shoulder.stl -> /home/kjames/ros2_ws/install/eecs256aw25/share/eecs256aw25/models/ur_description/meshes/ur5/collision
[0.797s] symbolically linking /home/kjames/ros2_ws/build/eecs256aw25/models/ur_description/meshes/ur5/collision/wrist3.stl -> /home/kjames/ros2_ws/install/eecs256aw25/share/eecs256aw25/models/ur_description/meshes/ur5/collision
[0.797s] symbolically linking /home/kjames/ros2_ws/build/eecs256aw25/models/ur_description/meshes/ur5/collision/upperarm.stl -> /home/kjames/ros2_ws/install/eecs256aw25/share/eecs256aw25/models/ur_description/meshes/ur5/collision
[0.797s] symbolically linking /home/kjames/ros2_ws/build/eecs256aw25/models/ur_description/meshes/ur5/collision/base.stl -> /home/kjames/ros2_ws/install/eecs256aw25/share/eecs256aw25/models/ur_description/meshes/ur5/collision
[0.797s] symbolically linking /home/kjames/ros2_ws/build/eecs256aw25/models/ur_description/meshes/ur5/collision/wrist1.stl -> /home/kjames/ros2_ws/install/eecs256aw25/share/eecs256aw25/models/ur_description/meshes/ur5/collision
[0.797s] symbolically linking /home/kjames/ros2_ws/build/eecs256aw25/models/ur_description/meshes/ur5/collision/forearm.stl -> /home/kjames/ros2_ws/install/eecs256aw25/share/eecs256aw25/models/ur_description/meshes/ur5/collision
[0.797s] symbolically linking /home/kjames/ros2_ws/build/eecs256aw25/models/ur_description/meshes/ur5/collision/wrist2.stl -> /home/kjames/ros2_ws/install/eecs256aw25/share/eecs256aw25/models/ur_description/meshes/ur5/collision
[0.797s] creating /home/kjames/ros2_ws/install/eecs256aw25/share/eecs256aw25/models/ur_description/meshes/ur8long
[0.797s] symbolically linking /home/kjames/ros2_ws/build/eecs256aw25/models/ur_description/meshes/ur8long/LICENSE.txt -> /home/kjames/ros2_ws/install/eecs256aw25/share/eecs256aw25/models/ur_description/meshes/ur8long
[0.797s] creating /home/kjames/ros2_ws/install/eecs256aw25/share/eecs256aw25/models/ur_description/meshes/ur8long/visual
[0.797s] symbolically linking /home/kjames/ros2_ws/build/eecs256aw25/models/ur_description/meshes/ur8long/visual/UR8Long_DIFF_8bit_2K.jpg -> /home/kjames/ros2_ws/install/eecs256aw25/share/eecs256aw25/models/ur_description/meshes/ur8long/visual
[0.797s] symbolically linking /home/kjames/ros2_ws/build/eecs256aw25/models/ur_description/meshes/ur8long/visual/upperarm.dae -> /home/kjames/ros2_ws/install/eecs256aw25/share/eecs256aw25/models/ur_description/meshes/ur8long/visual
[0.797s] symbolically linking /home/kjames/ros2_ws/build/eecs256aw25/models/ur_description/meshes/ur8long/visual/forearm.dae -> /home/kjames/ros2_ws/install/eecs256aw25/share/eecs256aw25/models/ur_description/meshes/ur8long/visual
[0.797s] creating /home/kjames/ros2_ws/install/eecs256aw25/share/eecs256aw25/models/ur_description/meshes/ur8long/collision
[0.798s] symbolically linking /home/kjames/ros2_ws/build/eecs256aw25/models/ur_description/meshes/ur8long/collision/upperarm.stl -> /home/kjames/ros2_ws/install/eecs256aw25/share/eecs256aw25/models/ur_description/meshes/ur8long/collision
[0.798s] symbolically linking /home/kjames/ros2_ws/build/eecs256aw25/models/ur_description/meshes/ur8long/collision/forearm.stl -> /home/kjames/ros2_ws/install/eecs256aw25/share/eecs256aw25/models/ur_description/meshes/ur8long/collision
[0.798s] creating /home/kjames/ros2_ws/install/eecs256aw25/share/eecs256aw25/models/ur_description/meshes/ur3e
[0.798s] creating /home/kjames/ros2_ws/install/eecs256aw25/share/eecs256aw25/models/ur_description/meshes/ur3e/visual
[0.798s] symbolically linking /home/kjames/ros2_ws/build/eecs256aw25/models/ur_description/meshes/ur3e/visual/shoulder.dae -> /home/kjames/ros2_ws/install/eecs256aw25/share/eecs256aw25/models/ur_description/meshes/ur3e/visual
[0.798s] symbolically linking /home/kjames/ros2_ws/build/eecs256aw25/models/ur_description/meshes/ur3e/visual/wrist3.dae -> /home/kjames/ros2_ws/install/eecs256aw25/share/eecs256aw25/models/ur_description/meshes/ur3e/visual
[0.798s] symbolically linking /home/kjames/ros2_ws/build/eecs256aw25/models/ur_description/meshes/ur3e/visual/upperarm.dae -> /home/kjames/ros2_ws/install/eecs256aw25/share/eecs256aw25/models/ur_description/meshes/ur3e/visual
[0.798s] symbolically linking /home/kjames/ros2_ws/build/eecs256aw25/models/ur_description/meshes/ur3e/visual/wrist1.dae -> /home/kjames/ros2_ws/install/eecs256aw25/share/eecs256aw25/models/ur_description/meshes/ur3e/visual
[0.798s] symbolically linking /home/kjames/ros2_ws/build/eecs256aw25/models/ur_description/meshes/ur3e/visual/base.dae -> /home/kjames/ros2_ws/install/eecs256aw25/share/eecs256aw25/models/ur_description/meshes/ur3e/visual
[0.798s] symbolically linking /home/kjames/ros2_ws/build/eecs256aw25/models/ur_description/meshes/ur3e/visual/forearm.dae -> /home/kjames/ros2_ws/install/eecs256aw25/share/eecs256aw25/models/ur_description/meshes/ur3e/visual
[0.798s] symbolically linking /home/kjames/ros2_ws/build/eecs256aw25/models/ur_description/meshes/ur3e/visual/wrist2.dae -> /home/kjames/ros2_ws/install/eecs256aw25/share/eecs256aw25/models/ur_description/meshes/ur3e/visual
[0.798s] creating /home/kjames/ros2_ws/install/eecs256aw25/share/eecs256aw25/models/ur_description/meshes/ur3e/collision
[0.798s] symbolically linking /home/kjames/ros2_ws/build/eecs256aw25/models/ur_description/meshes/ur3e/collision/shoulder.stl -> /home/kjames/ros2_ws/install/eecs256aw25/share/eecs256aw25/models/ur_description/meshes/ur3e/collision
[0.798s] symbolically linking /home/kjames/ros2_ws/build/eecs256aw25/models/ur_description/meshes/ur3e/collision/wrist3.stl -> /home/kjames/ros2_ws/install/eecs256aw25/share/eecs256aw25/models/ur_description/meshes/ur3e/collision
[0.798s] symbolically linking /home/kjames/ros2_ws/build/eecs256aw25/models/ur_description/meshes/ur3e/collision/upperarm.stl -> /home/kjames/ros2_ws/install/eecs256aw25/share/eecs256aw25/models/ur_description/meshes/ur3e/collision
[0.798s] symbolically linking /home/kjames/ros2_ws/build/eecs256aw25/models/ur_description/meshes/ur3e/collision/base.stl -> /home/kjames/ros2_ws/install/eecs256aw25/share/eecs256aw25/models/ur_description/meshes/ur3e/collision
[0.798s] symbolically linking /home/kjames/ros2_ws/build/eecs256aw25/models/ur_description/meshes/ur3e/collision/wrist1.stl -> /home/kjames/ros2_ws/install/eecs256aw25/share/eecs256aw25/models/ur_description/meshes/ur3e/collision
[0.798s] symbolically linking /home/kjames/ros2_ws/build/eecs256aw25/models/ur_description/meshes/ur3e/collision/forearm.stl -> /home/kjames/ros2_ws/install/eecs256aw25/share/eecs256aw25/models/ur_description/meshes/ur3e/collision
[0.798s] symbolically linking /home/kjames/ros2_ws/build/eecs256aw25/models/ur_description/meshes/ur3e/collision/wrist2.stl -> /home/kjames/ros2_ws/install/eecs256aw25/share/eecs256aw25/models/ur_description/meshes/ur3e/collision
[0.798s] creating /home/kjames/ros2_ws/install/eecs256aw25/share/eecs256aw25/models/ur_description/meshes/ur10e
[0.798s] creating /home/kjames/ros2_ws/install/eecs256aw25/share/eecs256aw25/models/ur_description/meshes/ur10e/visual
[0.798s] symbolically linking /home/kjames/ros2_ws/build/eecs256aw25/models/ur_description/meshes/ur10e/visual/shoulder.dae -> /home/kjames/ros2_ws/install/eecs256aw25/share/eecs256aw25/models/ur_description/meshes/ur10e/visual
[0.798s] symbolically linking /home/kjames/ros2_ws/build/eecs256aw25/models/ur_description/meshes/ur10e/visual/wrist3.dae -> /home/kjames/ros2_ws/install/eecs256aw25/share/eecs256aw25/models/ur_description/meshes/ur10e/visual
[0.799s] symbolically linking /home/kjames/ros2_ws/build/eecs256aw25/models/ur_description/meshes/ur10e/visual/upperarm.dae -> /home/kjames/ros2_ws/install/eecs256aw25/share/eecs256aw25/models/ur_description/meshes/ur10e/visual
[0.799s] symbolically linking /home/kjames/ros2_ws/build/eecs256aw25/models/ur_description/meshes/ur10e/visual/wrist1.dae -> /home/kjames/ros2_ws/install/eecs256aw25/share/eecs256aw25/models/ur_description/meshes/ur10e/visual
[0.799s] symbolically linking /home/kjames/ros2_ws/build/eecs256aw25/models/ur_description/meshes/ur10e/visual/base.dae -> /home/kjames/ros2_ws/install/eecs256aw25/share/eecs256aw25/models/ur_description/meshes/ur10e/visual
[0.799s] symbolically linking /home/kjames/ros2_ws/build/eecs256aw25/models/ur_description/meshes/ur10e/visual/forearm.dae -> /home/kjames/ros2_ws/install/eecs256aw25/share/eecs256aw25/models/ur_description/meshes/ur10e/visual
[0.799s] symbolically linking /home/kjames/ros2_ws/build/eecs256aw25/models/ur_description/meshes/ur10e/visual/wrist2.dae -> /home/kjames/ros2_ws/install/eecs256aw25/share/eecs256aw25/models/ur_description/meshes/ur10e/visual
[0.799s] creating /home/kjames/ros2_ws/install/eecs256aw25/share/eecs256aw25/models/ur_description/meshes/ur10e/collision
[0.799s] symbolically linking /home/kjames/ros2_ws/build/eecs256aw25/models/ur_description/meshes/ur10e/collision/shoulder.stl -> /home/kjames/ros2_ws/install/eecs256aw25/share/eecs256aw25/models/ur_description/meshes/ur10e/collision
[0.799s] symbolically linking /home/kjames/ros2_ws/build/eecs256aw25/models/ur_description/meshes/ur10e/collision/wrist3.stl -> /home/kjames/ros2_ws/install/eecs256aw25/share/eecs256aw25/models/ur_description/meshes/ur10e/collision
[0.799s] symbolically linking /home/kjames/ros2_ws/build/eecs256aw25/models/ur_description/meshes/ur10e/collision/upperarm.stl -> /home/kjames/ros2_ws/install/eecs256aw25/share/eecs256aw25/models/ur_description/meshes/ur10e/collision
[0.799s] symbolically linking /home/kjames/ros2_ws/build/eecs256aw25/models/ur_description/meshes/ur10e/collision/base.stl -> /home/kjames/ros2_ws/install/eecs256aw25/share/eecs256aw25/models/ur_description/meshes/ur10e/collision
[0.799s] symbolically linking /home/kjames/ros2_ws/build/eecs256aw25/models/ur_description/meshes/ur10e/collision/wrist1.stl -> /home/kjames/ros2_ws/install/eecs256aw25/share/eecs256aw25/models/ur_description/meshes/ur10e/collision
[0.799s] symbolically linking /home/kjames/ros2_ws/build/eecs256aw25/models/ur_description/meshes/ur10e/collision/forearm.stl -> /home/kjames/ros2_ws/install/eecs256aw25/share/eecs256aw25/models/ur_description/meshes/ur10e/collision
[0.799s] symbolically linking /home/kjames/ros2_ws/build/eecs256aw25/models/ur_description/meshes/ur10e/collision/wrist2.stl -> /home/kjames/ros2_ws/install/eecs256aw25/share/eecs256aw25/models/ur_description/meshes/ur10e/collision
[0.799s] creating /home/kjames/ros2_ws/install/eecs256aw25/share/eecs256aw25/models/ur_description/meshes/ur15
[0.799s] symbolically linking /home/kjames/ros2_ws/build/eecs256aw25/models/ur_description/meshes/ur15/LICENSE.txt -> /home/kjames/ros2_ws/install/eecs256aw25/share/eecs256aw25/models/ur_description/meshes/ur15
[0.799s] creating /home/kjames/ros2_ws/install/eecs256aw25/share/eecs256aw25/models/ur_description/meshes/ur15/visual
[0.799s] symbolically linking /home/kjames/ros2_ws/build/eecs256aw25/models/ur_description/meshes/ur15/visual/shoulder.dae -> /home/kjames/ros2_ws/install/eecs256aw25/share/eecs256aw25/models/ur_description/meshes/ur15/visual
[0.799s] symbolically linking /home/kjames/ros2_ws/build/eecs256aw25/models/ur_description/meshes/ur15/visual/wrist3.dae -> /home/kjames/ros2_ws/install/eecs256aw25/share/eecs256aw25/models/ur_description/meshes/ur15/visual
[0.799s] symbolically linking /home/kjames/ros2_ws/build/eecs256aw25/models/ur_description/meshes/ur15/visual/UR15_DIFF_8bit_2K.jpg -> /home/kjames/ros2_ws/install/eecs256aw25/share/eecs256aw25/models/ur_description/meshes/ur15/visual
[0.799s] symbolically linking /home/kjames/ros2_ws/build/eecs256aw25/models/ur_description/meshes/ur15/visual/upperarm.dae -> /home/kjames/ros2_ws/install/eecs256aw25/share/eecs256aw25/models/ur_description/meshes/ur15/visual
[0.799s] symbolically linking /home/kjames/ros2_ws/build/eecs256aw25/models/ur_description/meshes/ur15/visual/wrist1.dae -> /home/kjames/ros2_ws/install/eecs256aw25/share/eecs256aw25/models/ur_description/meshes/ur15/visual
[0.799s] symbolically linking /home/kjames/ros2_ws/build/eecs256aw25/models/ur_description/meshes/ur15/visual/base.dae -> /home/kjames/ros2_ws/install/eecs256aw25/share/eecs256aw25/models/ur_description/meshes/ur15/visual
[0.799s] symbolically linking /home/kjames/ros2_ws/build/eecs256aw25/models/ur_description/meshes/ur15/visual/forearm.dae -> /home/kjames/ros2_ws/install/eecs256aw25/share/eecs256aw25/models/ur_description/meshes/ur15/visual
[0.799s] symbolically linking /home/kjames/ros2_ws/build/eecs256aw25/models/ur_description/meshes/ur15/visual/wrist2.dae -> /home/kjames/ros2_ws/install/eecs256aw25/share/eecs256aw25/models/ur_description/meshes/ur15/visual
[0.799s] creating /home/kjames/ros2_ws/install/eecs256aw25/share/eecs256aw25/models/ur_description/meshes/ur15/collision
[0.799s] symbolically linking /home/kjames/ros2_ws/build/eecs256aw25/models/ur_description/meshes/ur15/collision/shoulder.stl -> /home/kjames/ros2_ws/install/eecs256aw25/share/eecs256aw25/models/ur_description/meshes/ur15/collision
[0.799s] symbolically linking /home/kjames/ros2_ws/build/eecs256aw25/models/ur_description/meshes/ur15/collision/wrist3.stl -> /home/kjames/ros2_ws/install/eecs256aw25/share/eecs256aw25/models/ur_description/meshes/ur15/collision
[0.799s] symbolically linking /home/kjames/ros2_ws/build/eecs256aw25/models/ur_description/meshes/ur15/collision/upperarm.stl -> /home/kjames/ros2_ws/install/eecs256aw25/share/eecs256aw25/models/ur_description/meshes/ur15/collision
[0.799s] symbolically linking /home/kjames/ros2_ws/build/eecs256aw25/models/ur_description/meshes/ur15/collision/base.stl -> /home/kjames/ros2_ws/install/eecs256aw25/share/eecs256aw25/models/ur_description/meshes/ur15/collision
[0.799s] symbolically linking /home/kjames/ros2_ws/build/eecs256aw25/models/ur_description/meshes/ur15/collision/wrist1.stl -> /home/kjames/ros2_ws/install/eecs256aw25/share/eecs256aw25/models/ur_description/meshes/ur15/collision
[0.799s] symbolically linking /home/kjames/ros2_ws/build/eecs256aw25/models/ur_description/meshes/ur15/collision/forearm.stl -> /home/kjames/ros2_ws/install/eecs256aw25/share/eecs256aw25/models/ur_description/meshes/ur15/collision
[0.799s] symbolically linking /home/kjames/ros2_ws/build/eecs256aw25/models/ur_description/meshes/ur15/collision/wrist2.stl -> /home/kjames/ros2_ws/install/eecs256aw25/share/eecs256aw25/models/ur_description/meshes/ur15/collision
[0.799s] creating /home/kjames/ros2_ws/install/eecs256aw25/share/eecs256aw25/models/ur_description/rviz
[0.799s] symbolically linking /home/kjames/ros2_ws/build/eecs256aw25/models/ur_description/rviz/view_robot.rviz -> /home/kjames/ros2_ws/install/eecs256aw25/share/eecs256aw25/models/ur_description/rviz
[0.799s] creating /home/kjames/ros2_ws/install/eecs256aw25/share/eecs256aw25/models/ur_description/.github
[0.799s] creating /home/kjames/ros2_ws/install/eecs256aw25/share/eecs256aw25/models/ur_description/.github/workflows
[0.800s] symbolically linking /home/kjames/ros2_ws/build/eecs256aw25/models/ur_description/.github/workflows/reusable_ici.yml -> /home/kjames/ros2_ws/install/eecs256aw25/share/eecs256aw25/models/ur_description/.github/workflows
[0.800s] symbolically linking /home/kjames/ros2_ws/build/eecs256aw25/models/ur_description/.github/workflows/ci-ros-lint.yml -> /home/kjames/ros2_ws/install/eecs256aw25/share/eecs256aw25/models/ur_description/.github/workflows
[0.800s] symbolically linking /home/kjames/ros2_ws/build/eecs256aw25/models/ur_description/.github/workflows/ci-format.yml -> /home/kjames/ros2_ws/install/eecs256aw25/share/eecs256aw25/models/ur_description/.github/workflows
[0.800s] symbolically linking /home/kjames/ros2_ws/build/eecs256aw25/models/ur_description/.github/workflows/jazzy-binary-main.yml -> /home/kjames/ros2_ws/install/eecs256aw25/share/eecs256aw25/models/ur_description/.github/workflows
[0.800s] symbolically linking /home/kjames/ros2_ws/build/eecs256aw25/models/ur_description/.github/workflows/update-ci.yml -> /home/kjames/ros2_ws/install/eecs256aw25/share/eecs256aw25/models/ur_description/.github/workflows
[0.800s] symbolically linking /home/kjames/ros2_ws/build/eecs256aw25/models/ur_description/.github/workflows/jazzy-binary-testing.yml -> /home/kjames/ros2_ws/install/eecs256aw25/share/eecs256aw25/models/ur_description/.github/workflows
[0.800s] symbolically linking /home/kjames/ros2_ws/build/eecs256aw25/models/ur_description/.github/workflows/sphinx_build.yml -> /home/kjames/ros2_ws/install/eecs256aw25/share/eecs256aw25/models/ur_description/.github/workflows
[0.800s] symbolically linking /home/kjames/ros2_ws/build/eecs256aw25/models/ur_description/.github/workflows/prerelease.yml -> /home/kjames/ros2_ws/install/eecs256aw25/share/eecs256aw25/models/ur_description/.github/workflows
[0.800s] creating /home/kjames/ros2_ws/install/eecs256aw25/share/eecs256aw25/models/ur_description/test
[0.800s] symbolically linking /home/kjames/ros2_ws/build/eecs256aw25/models/ur_description/test/test_view_ur_launch.py -> /home/kjames/ros2_ws/install/eecs256aw25/share/eecs256aw25/models/ur_description/test
[0.800s] symbolically linking /home/kjames/ros2_ws/build/eecs256aw25/models/ur_description/test/test_ur_urdf_xacro.py -> /home/kjames/ros2_ws/install/eecs256aw25/share/eecs256aw25/models/ur_description/test
[0.800s] creating /home/kjames/ros2_ws/install/eecs256aw25/share/eecs256aw25/models/ur_description/.git
[0.800s] symbolically linking /home/kjames/ros2_ws/build/eecs256aw25/models/ur_description/.git/index -> /home/kjames/ros2_ws/install/eecs256aw25/share/eecs256aw25/models/ur_description/.git
[0.800s] symbolically linking /home/kjames/ros2_ws/build/eecs256aw25/models/ur_description/.git/HEAD -> /home/kjames/ros2_ws/install/eecs256aw25/share/eecs256aw25/models/ur_description/.git
[0.800s] symbolically linking /home/kjames/ros2_ws/build/eecs256aw25/models/ur_description/.git/config -> /home/kjames/ros2_ws/install/eecs256aw25/share/eecs256aw25/models/ur_description/.git
[0.800s] symbolically linking /home/kjames/ros2_ws/build/eecs256aw25/models/ur_description/.git/description -> /home/kjames/ros2_ws/install/eecs256aw25/share/eecs256aw25/models/ur_description/.git
[0.800s] symbolically linking /home/kjames/ros2_ws/build/eecs256aw25/models/ur_description/.git/packed-refs -> /home/kjames/ros2_ws/install/eecs256aw25/share/eecs256aw25/models/ur_description/.git
[0.800s] creating /home/kjames/ros2_ws/install/eecs256aw25/share/eecs256aw25/models/ur_description/.git/hooks
[0.800s] symbolically linking /home/kjames/ros2_ws/build/eecs256aw25/models/ur_description/.git/hooks/pre-merge-commit.sample -> /home/kjames/ros2_ws/install/eecs256aw25/share/eecs256aw25/models/ur_description/.git/hooks
[0.800s] symbolically linking /home/kjames/ros2_ws/build/eecs256aw25/models/ur_description/.git/hooks/fsmonitor-watchman.sample -> /home/kjames/ros2_ws/install/eecs256aw25/share/eecs256aw25/models/ur_description/.git/hooks
[0.800s] symbolically linking /home/kjames/ros2_ws/build/eecs256aw25/models/ur_description/.git/hooks/pre-push.sample -> /home/kjames/ros2_ws/install/eecs256aw25/share/eecs256aw25/models/ur_description/.git/hooks
[0.800s] symbolically linking /home/kjames/ros2_ws/build/eecs256aw25/models/ur_description/.git/hooks/pre-applypatch.sample -> /home/kjames/ros2_ws/install/eecs256aw25/share/eecs256aw25/models/ur_description/.git/hooks
[0.800s] symbolically linking /home/kjames/ros2_ws/build/eecs256aw25/models/ur_description/.git/hooks/post-update.sample -> /home/kjames/ros2_ws/install/eecs256aw25/share/eecs256aw25/models/ur_description/.git/hooks
[0.800s] symbolically linking /home/kjames/ros2_ws/build/eecs256aw25/models/ur_description/.git/hooks/push-to-checkout.sample -> /home/kjames/ros2_ws/install/eecs256aw25/share/eecs256aw25/models/ur_description/.git/hooks
[0.800s] symbolically linking /home/kjames/ros2_ws/build/eecs256aw25/models/ur_description/.git/hooks/update.sample -> /home/kjames/ros2_ws/install/eecs256aw25/share/eecs256aw25/models/ur_description/.git/hooks
[0.800s] symbolically linking /home/kjames/ros2_ws/build/eecs256aw25/models/ur_description/.git/hooks/pre-rebase.sample -> /home/kjames/ros2_ws/install/eecs256aw25/share/eecs256aw25/models/ur_description/.git/hooks
[0.800s] symbolically linking /home/kjames/ros2_ws/build/eecs256aw25/models/ur_description/.git/hooks/commit-msg.sample -> /home/kjames/ros2_ws/install/eecs256aw25/share/eecs256aw25/models/ur_description/.git/hooks
[0.800s] symbolically linking /home/kjames/ros2_ws/build/eecs256aw25/models/ur_description/.git/hooks/pre-receive.sample -> /home/kjames/ros2_ws/install/eecs256aw25/share/eecs256aw25/models/ur_description/.git/hooks
[0.800s] symbolically linking /home/kjames/ros2_ws/build/eecs256aw25/models/ur_description/.git/hooks/prepare-commit-msg.sample -> /home/kjames/ros2_ws/install/eecs256aw25/share/eecs256aw25/models/ur_description/.git/hooks
[0.800s] symbolically linking /home/kjames/ros2_ws/build/eecs256aw25/models/ur_description/.git/hooks/pre-commit.sample -> /home/kjames/ros2_ws/install/eecs256aw25/share/eecs256aw25/models/ur_description/.git/hooks
[0.800s] symbolically linking /home/kjames/ros2_ws/build/eecs256aw25/models/ur_description/.git/hooks/applypatch-msg.sample -> /home/kjames/ros2_ws/install/eecs256aw25/share/eecs256aw25/models/ur_description/.git/hooks
[0.800s] symbolically linking /home/kjames/ros2_ws/build/eecs256aw25/models/ur_description/.git/hooks/sendemail-validate.sample -> /home/kjames/ros2_ws/install/eecs256aw25/share/eecs256aw25/models/ur_description/.git/hooks
[0.800s] creating /home/kjames/ros2_ws/install/eecs256aw25/share/eecs256aw25/models/ur_description/.git/info
[0.800s] symbolically linking /home/kjames/ros2_ws/build/eecs256aw25/models/ur_description/.git/info/exclude -> /home/kjames/ros2_ws/install/eecs256aw25/share/eecs256aw25/models/ur_description/.git/info
[0.800s] creating /home/kjames/ros2_ws/install/eecs256aw25/share/eecs256aw25/models/ur_description/.git/objects
[0.801s] creating /home/kjames/ros2_ws/install/eecs256aw25/share/eecs256aw25/models/ur_description/.git/objects/pack
[0.801s] symbolically linking /home/kjames/ros2_ws/build/eecs256aw25/models/ur_description/.git/objects/pack/pack-91c94882fe185c60c3e158d14636bc19d45994aa.idx -> /home/kjames/ros2_ws/install/eecs256aw25/share/eecs256aw25/models/ur_description/.git/objects/pack
[0.801s] symbolically linking /home/kjames/ros2_ws/build/eecs256aw25/models/ur_description/.git/objects/pack/pack-91c94882fe185c60c3e158d14636bc19d45994aa.rev -> /home/kjames/ros2_ws/install/eecs256aw25/share/eecs256aw25/models/ur_description/.git/objects/pack
[0.801s] symbolically linking /home/kjames/ros2_ws/build/eecs256aw25/models/ur_description/.git/objects/pack/pack-91c94882fe185c60c3e158d14636bc19d45994aa.pack -> /home/kjames/ros2_ws/install/eecs256aw25/share/eecs256aw25/models/ur_description/.git/objects/pack
[0.801s] creating /home/kjames/ros2_ws/install/eecs256aw25/share/eecs256aw25/models/ur_description/.git/logs
[0.801s] symbolically linking /home/kjames/ros2_ws/build/eecs256aw25/models/ur_description/.git/logs/HEAD -> /home/kjames/ros2_ws/install/eecs256aw25/share/eecs256aw25/models/ur_description/.git/logs
[0.801s] creating /home/kjames/ros2_ws/install/eecs256aw25/share/eecs256aw25/models/ur_description/.git/logs/refs
[0.801s] creating /home/kjames/ros2_ws/install/eecs256aw25/share/eecs256aw25/models/ur_description/.git/logs/refs/remotes
[0.801s] creating /home/kjames/ros2_ws/install/eecs256aw25/share/eecs256aw25/models/ur_description/.git/logs/refs/remotes/origin
[0.801s] symbolically linking /home/kjames/ros2_ws/build/eecs256aw25/models/ur_description/.git/logs/refs/remotes/origin/HEAD -> /home/kjames/ros2_ws/install/eecs256aw25/share/eecs256aw25/models/ur_description/.git/logs/refs/remotes/origin
[0.801s] creating /home/kjames/ros2_ws/install/eecs256aw25/share/eecs256aw25/models/ur_description/.git/logs/refs/heads
[0.801s] symbolically linking /home/kjames/ros2_ws/build/eecs256aw25/models/ur_description/.git/logs/refs/heads/jazzy -> /home/kjames/ros2_ws/install/eecs256aw25/share/eecs256aw25/models/ur_description/.git/logs/refs/heads
[0.801s] creating /home/kjames/ros2_ws/install/eecs256aw25/share/eecs256aw25/models/ur_description/.git/refs
[0.801s] creating /home/kjames/ros2_ws/install/eecs256aw25/share/eecs256aw25/models/ur_description/.git/refs/remotes
[0.801s] creating /home/kjames/ros2_ws/install/eecs256aw25/share/eecs256aw25/models/ur_description/.git/refs/remotes/origin
[0.801s] symbolically linking /home/kjames/ros2_ws/build/eecs256aw25/models/ur_description/.git/refs/remotes/origin/HEAD -> /home/kjames/ros2_ws/install/eecs256aw25/share/eecs256aw25/models/ur_description/.git/refs/remotes/origin
[0.801s] creating /home/kjames/ros2_ws/install/eecs256aw25/share/eecs256aw25/models/ur_description/.git/refs/heads
[0.801s] symbolically linking /home/kjames/ros2_ws/build/eecs256aw25/models/ur_description/.git/refs/heads/jazzy -> /home/kjames/ros2_ws/install/eecs256aw25/share/eecs256aw25/models/ur_description/.git/refs/heads
[0.801s] creating /home/kjames/ros2_ws/install/eecs256aw25/share/eecs256aw25/models/ur_description/launch
[0.801s] symbolically linking /home/kjames/ros2_ws/build/eecs256aw25/models/ur_description/launch/view_ur.launch.py -> /home/kjames/ros2_ws/install/eecs256aw25/share/eecs256aw25/models/ur_description/launch
[0.801s] creating /home/kjames/ros2_ws/install/eecs256aw25/share/eecs256aw25/models/husky_control
[0.801s] symbolically linking /home/kjames/ros2_ws/build/eecs256aw25/models/husky_control/CHANGELOG.rst -> /home/kjames/ros2_ws/install/eecs256aw25/share/eecs256aw25/models/husky_control
[0.801s] symbolically linking /home/kjames/ros2_ws/build/eecs256aw25/models/husky_control/package.xml -> /home/kjames/ros2_ws/install/eecs256aw25/share/eecs256aw25/models/husky_control
[0.801s] symbolically linking /home/kjames/ros2_ws/build/eecs256aw25/models/husky_control/CMakeLists.txt -> /home/kjames/ros2_ws/install/eecs256aw25/share/eecs256aw25/models/husky_control
[0.801s] creating /home/kjames/ros2_ws/install/eecs256aw25/share/eecs256aw25/models/husky_control/config
[0.801s] symbolically linking /home/kjames/ros2_ws/build/eecs256aw25/models/husky_control/config/teleop_logitech.yaml -> /home/kjames/ros2_ws/install/eecs256aw25/share/eecs256aw25/models/husky_control/config
[0.801s] symbolically linking /home/kjames/ros2_ws/build/eecs256aw25/models/husky_control/config/empty.yaml -> /home/kjames/ros2_ws/install/eecs256aw25/share/eecs256aw25/models/husky_control/config
[0.801s] symbolically linking /home/kjames/ros2_ws/build/eecs256aw25/models/husky_control/config/localization.yaml -> /home/kjames/ros2_ws/install/eecs256aw25/share/eecs256aw25/models/husky_control/config
[0.801s] symbolically linking /home/kjames/ros2_ws/build/eecs256aw25/models/husky_control/config/imu_filter.yaml -> /home/kjames/ros2_ws/install/eecs256aw25/share/eecs256aw25/models/husky_control/config
[0.801s] symbolically linking /home/kjames/ros2_ws/build/eecs256aw25/models/husky_control/config/gazebo_interface.yaml -> /home/kjames/ros2_ws/install/eecs256aw25/share/eecs256aw25/models/husky_control/config
[0.801s] symbolically linking /home/kjames/ros2_ws/build/eecs256aw25/models/husky_control/config/teleop_interactive_markers.yaml -> /home/kjames/ros2_ws/install/eecs256aw25/share/eecs256aw25/models/husky_control/config
[0.801s] symbolically linking /home/kjames/ros2_ws/build/eecs256aw25/models/husky_control/config/twist_mux.yaml -> /home/kjames/ros2_ws/install/eecs256aw25/share/eecs256aw25/models/husky_control/config
[0.801s] symbolically linking /home/kjames/ros2_ws/build/eecs256aw25/models/husky_control/config/teleop_ps4.yaml -> /home/kjames/ros2_ws/install/eecs256aw25/share/eecs256aw25/models/husky_control/config
[0.801s] symbolically linking /home/kjames/ros2_ws/build/eecs256aw25/models/husky_control/config/public_interface.yaml -> /home/kjames/ros2_ws/install/eecs256aw25/share/eecs256aw25/models/husky_control/config
[0.801s] symbolically linking /home/kjames/ros2_ws/build/eecs256aw25/models/husky_control/config/control.yaml -> /home/kjames/ros2_ws/install/eecs256aw25/share/eecs256aw25/models/husky_control/config
[0.801s] creating /home/kjames/ros2_ws/install/eecs256aw25/share/eecs256aw25/models/husky_control/launch
[0.802s] symbolically linking /home/kjames/ros2_ws/build/eecs256aw25/models/husky_control/launch/teleop_joy.launch.py -> /home/kjames/ros2_ws/install/eecs256aw25/share/eecs256aw25/models/husky_control/launch
[0.802s] symbolically linking /home/kjames/ros2_ws/build/eecs256aw25/models/husky_control/launch/control.launch.py -> /home/kjames/ros2_ws/install/eecs256aw25/share/eecs256aw25/models/husky_control/launch
[0.802s] symbolically linking /home/kjames/ros2_ws/build/eecs256aw25/models/husky_control/launch/teleop.launch -> /home/kjames/ros2_ws/install/eecs256aw25/share/eecs256aw25/models/husky_control/launch
[0.802s] symbolically linking /home/kjames/ros2_ws/build/eecs256aw25/models/husky_control/launch/teleop_base.launch.py -> /home/kjames/ros2_ws/install/eecs256aw25/share/eecs256aw25/models/husky_control/launch
[0.802s] symbolically linking /home/kjames/ros2_ws/build/eecs256aw25/models/husky_control/launch/control.launch -> /home/kjames/ros2_ws/install/eecs256aw25/share/eecs256aw25/models/husky_control/launch
[0.802s] creating /home/kjames/ros2_ws/install/eecs256aw25/share/eecs256aw25/models/husky_description
[0.802s] symbolically linking /home/kjames/ros2_ws/build/eecs256aw25/models/husky_description/CHANGELOG.rst -> /home/kjames/ros2_ws/install/eecs256aw25/share/eecs256aw25/models/husky_description
[0.802s] symbolically linking /home/kjames/ros2_ws/build/eecs256aw25/models/husky_description/package.xml -> /home/kjames/ros2_ws/install/eecs256aw25/share/eecs256aw25/models/husky_description
[0.802s] symbolically linking /home/kjames/ros2_ws/build/eecs256aw25/models/husky_description/CMakeLists.txt -> /home/kjames/ros2_ws/install/eecs256aw25/share/eecs256aw25/models/husky_description
[0.802s] creating /home/kjames/ros2_ws/install/eecs256aw25/share/eecs256aw25/models/husky_description/urdf
[0.802s] symbolically linking /home/kjames/ros2_ws/build/eecs256aw25/models/husky_description/urdf/husky.urdf.xacro -> /home/kjames/ros2_ws/install/eecs256aw25/share/eecs256aw25/models/husky_description/urdf
[0.802s] symbolically linking /home/kjames/ros2_ws/build/eecs256aw25/models/husky_description/urdf/decorations.urdf.xacro -> /home/kjames/ros2_ws/install/eecs256aw25/share/eecs256aw25/models/husky_description/urdf
[0.802s] symbolically linking /home/kjames/ros2_ws/build/eecs256aw25/models/husky_description/urdf/empty.urdf -> /home/kjames/ros2_ws/install/eecs256aw25/share/eecs256aw25/models/husky_description/urdf
[0.802s] symbolically linking /home/kjames/ros2_ws/build/eecs256aw25/models/husky_description/urdf/husky_macro.urdf.xacro -> /home/kjames/ros2_ws/install/eecs256aw25/share/eecs256aw25/models/husky_description/urdf
[0.802s] symbolically linking /home/kjames/ros2_ws/build/eecs256aw25/models/husky_description/urdf/wheel.urdf.xacro -> /home/kjames/ros2_ws/install/eecs256aw25/share/eecs256aw25/models/husky_description/urdf
[0.802s] creating /home/kjames/ros2_ws/install/eecs256aw25/share/eecs256aw25/models/husky_description/urdf/accessories
[0.802s] symbolically linking /home/kjames/ros2_ws/build/eecs256aw25/models/husky_description/urdf/accessories/sick_lms1xx_mount.urdf.xacro -> /home/kjames/ros2_ws/install/eecs256aw25/share/eecs256aw25/models/husky_description/urdf/accessories
[0.802s] symbolically linking /home/kjames/ros2_ws/build/eecs256aw25/models/husky_description/urdf/accessories/intel_realsense.urdf.xacro -> /home/kjames/ros2_ws/install/eecs256aw25/share/eecs256aw25/models/husky_description/urdf/accessories
[0.802s] symbolically linking /home/kjames/ros2_ws/build/eecs256aw25/models/husky_description/urdf/accessories/sensor_arch.urdf.xacro -> /home/kjames/ros2_ws/install/eecs256aw25/share/eecs256aw25/models/husky_description/urdf/accessories
[0.802s] creating /home/kjames/ros2_ws/install/eecs256aw25/share/eecs256aw25/models/husky_description/meshes
[0.802s] symbolically linking /home/kjames/ros2_ws/build/eecs256aw25/models/husky_description/meshes/large_top_plate.dae -> /home/kjames/ros2_ws/install/eecs256aw25/share/eecs256aw25/models/husky_description/meshes
[0.802s] symbolically linking /home/kjames/ros2_ws/build/eecs256aw25/models/husky_description/meshes/user_rail.stl -> /home/kjames/ros2_ws/install/eecs256aw25/share/eecs256aw25/models/husky_description/meshes
[0.802s] symbolically linking /home/kjames/ros2_ws/build/eecs256aw25/models/husky_description/meshes/top_plate.dae -> /home/kjames/ros2_ws/install/eecs256aw25/share/eecs256aw25/models/husky_description/meshes
[0.802s] symbolically linking /home/kjames/ros2_ws/build/eecs256aw25/models/husky_description/meshes/top_plate.stl -> /home/kjames/ros2_ws/install/eecs256aw25/share/eecs256aw25/models/husky_description/meshes
[0.802s] symbolically linking /home/kjames/ros2_ws/build/eecs256aw25/models/husky_description/meshes/base_link.stl -> /home/kjames/ros2_ws/install/eecs256aw25/share/eecs256aw25/models/husky_description/meshes
[0.802s] symbolically linking /home/kjames/ros2_ws/build/eecs256aw25/models/husky_description/meshes/wheel.dae -> /home/kjames/ros2_ws/install/eecs256aw25/share/eecs256aw25/models/husky_description/meshes
[0.802s] symbolically linking /home/kjames/ros2_ws/build/eecs256aw25/models/husky_description/meshes/wheel.stl -> /home/kjames/ros2_ws/install/eecs256aw25/share/eecs256aw25/models/husky_description/meshes
[0.802s] symbolically linking /home/kjames/ros2_ws/build/eecs256aw25/models/husky_description/meshes/top_chassis.dae -> /home/kjames/ros2_ws/install/eecs256aw25/share/eecs256aw25/models/husky_description/meshes
[0.802s] symbolically linking /home/kjames/ros2_ws/build/eecs256aw25/models/husky_description/meshes/bumper_extension.dae -> /home/kjames/ros2_ws/install/eecs256aw25/share/eecs256aw25/models/husky_description/meshes
[0.802s] symbolically linking /home/kjames/ros2_ws/build/eecs256aw25/models/husky_description/meshes/top_chassis.stl -> /home/kjames/ros2_ws/install/eecs256aw25/share/eecs256aw25/models/husky_description/meshes
[0.802s] symbolically linking /home/kjames/ros2_ws/build/eecs256aw25/models/husky_description/meshes/user_rail.dae -> /home/kjames/ros2_ws/install/eecs256aw25/share/eecs256aw25/models/husky_description/meshes
[0.802s] symbolically linking /home/kjames/ros2_ws/build/eecs256aw25/models/husky_description/meshes/bumper.dae -> /home/kjames/ros2_ws/install/eecs256aw25/share/eecs256aw25/models/husky_description/meshes
[0.802s] symbolically linking /home/kjames/ros2_ws/build/eecs256aw25/models/husky_description/meshes/base_link.dae -> /home/kjames/ros2_ws/install/eecs256aw25/share/eecs256aw25/models/husky_description/meshes
[0.802s] symbolically linking /home/kjames/ros2_ws/build/eecs256aw25/models/husky_description/meshes/large_top_plate_collision.stl -> /home/kjames/ros2_ws/install/eecs256aw25/share/eecs256aw25/models/husky_description/meshes
[0.802s] creating /home/kjames/ros2_ws/install/eecs256aw25/share/eecs256aw25/models/husky_description/meshes/accessories
[0.802s] symbolically linking /home/kjames/ros2_ws/build/eecs256aw25/models/husky_description/meshes/accessories/300_mm_sensor_arch.dae -> /home/kjames/ros2_ws/install/eecs256aw25/share/eecs256aw25/models/husky_description/meshes/accessories
[0.803s] symbolically linking /home/kjames/ros2_ws/build/eecs256aw25/models/husky_description/meshes/accessories/lms1xx_mount.dae -> /home/kjames/ros2_ws/install/eecs256aw25/share/eecs256aw25/models/husky_description/meshes/accessories
[0.803s] symbolically linking /home/kjames/ros2_ws/build/eecs256aw25/models/husky_description/meshes/accessories/510_mm_sensor_arch.stl -> /home/kjames/ros2_ws/install/eecs256aw25/share/eecs256aw25/models/husky_description/meshes/accessories
[0.803s] symbolically linking /home/kjames/ros2_ws/build/eecs256aw25/models/husky_description/meshes/accessories/lidar_mount.stl -> /home/kjames/ros2_ws/install/eecs256aw25/share/eecs256aw25/models/husky_description/meshes/accessories
[0.803s] symbolically linking /home/kjames/ros2_ws/build/eecs256aw25/models/husky_description/meshes/accessories/510_mm_sensor_arch.dae -> /home/kjames/ros2_ws/install/eecs256aw25/share/eecs256aw25/models/husky_description/meshes/accessories
[0.803s] symbolically linking /home/kjames/ros2_ws/build/eecs256aw25/models/husky_description/meshes/accessories/lms1xx_mount.stl -> /home/kjames/ros2_ws/install/eecs256aw25/share/eecs256aw25/models/husky_description/meshes/accessories
[0.803s] symbolically linking /home/kjames/ros2_ws/build/eecs256aw25/models/husky_description/meshes/accessories/300_mm_sensor_arch.stl -> /home/kjames/ros2_ws/install/eecs256aw25/share/eecs256aw25/models/husky_description/meshes/accessories
[0.803s] creating /home/kjames/ros2_ws/install/eecs256aw25/share/eecs256aw25/models/husky_description/launch
[0.803s] symbolically linking /home/kjames/ros2_ws/build/eecs256aw25/models/husky_description/launch/description.launch -> /home/kjames/ros2_ws/install/eecs256aw25/share/eecs256aw25/models/husky_description/launch
[0.803s] symbolically linking /home/kjames/ros2_ws/build/eecs256aw25/models/husky_description/launch/description_launch.py -> /home/kjames/ros2_ws/install/eecs256aw25/share/eecs256aw25/models/husky_description/launch
[0.816s] Invoked command in '/home/kjames/ros2_ws/build/eecs256aw25' returned '0': DEBUGINFOD_URLS=https://debuginfod.ubuntu.com PYTHONPATH=/home/kjames/ros2_ws/build/eecs256aw25/prefix_override:/usr/lib/python3/dist-packages/colcon_core/task/python/colcon_distutils_commands:/home/kjames/ros2_ws/install/eecs256aw25/lib/python3.12/site-packages:${PYTHONPATH} /usr/bin/python3 -W ignore:setup.py install is deprecated -W ignore:easy_install command is deprecated setup.py develop --editable --build-directory /home/kjames/ros2_ws/build/eecs256aw25/build --no-deps symlink_data
