running develop
Removing /home/kjames/ros2_ws/install/eecs256aw25/lib/python3.12/site-packages/eecs256aw25.egg-link (link to .)
running egg_info
writing ../../build/eecs256aw25/eecs256aw25.egg-info/PKG-INFO
writing dependency_links to ../../build/eecs256aw25/eecs256aw25.egg-info/dependency_links.txt
writing entry points to ../../build/eecs256aw25/eecs256aw25.egg-info/entry_points.txt
writing requirements to ../../build/eecs256aw25/eecs256aw25.egg-info/requires.txt
writing top-level names to ../../build/eecs256aw25/eecs256aw25.egg-info/top_level.txt
reading manifest file '../../build/eecs256aw25/eecs256aw25.egg-info/SOURCES.txt'
writing manifest file '../../build/eecs256aw25/eecs256aw25.egg-info/SOURCES.txt'
running build
running build_py
creating /home/kjames/ros2_ws/build/eecs256aw25/build
creating /home/kjames/ros2_ws/build/eecs256aw25/build/lib
creating /home/kjames/ros2_ws/build/eecs256aw25/build/lib/eecs256aw25
copying eecs256aw25/visualize.py -> /home/kjames/ros2_ws/build/eecs256aw25/build/lib/eecs256aw25
copying eecs256aw25/open_loop.py -> /home/kjames/ros2_ws/build/eecs256aw25/build/lib/eecs256aw25
copying eecs256aw25/orient_a_star.py -> /home/kjames/ros2_ws/build/eecs256aw25/build/lib/eecs256aw25
copying eecs256aw25/__init__.py -> /home/kjames/ros2_ws/build/eecs256aw25/build/lib/eecs256aw25
copying eecs256aw25/point_a_star.py -> /home/kjames/ros2_ws/build/eecs256aw25/build/lib/eecs256aw25
copying eecs256aw25/subscriber.py -> /home/kjames/ros2_ws/build/eecs256aw25/build/lib/eecs256aw25
copying eecs256aw25/closed_loop.py -> /home/kjames/ros2_ws/build/eecs256aw25/build/lib/eecs256aw25
copying eecs256aw25/verify_logic_only.py -> /home/kjames/ros2_ws/build/eecs256aw25/build/lib/eecs256aw25
copying eecs256aw25/test_a_star.py -> /home/kjames/ros2_ws/build/eecs256aw25/build/lib/eecs256aw25
copying eecs256aw25/publisher.py -> /home/kjames/ros2_ws/build/eecs256aw25/build/lib/eecs256aw25
running install
running install_lib
creating /home/kjames/ros2_ws/install/eecs256aw25/lib/python3.12/site-packages/eecs256aw25
copying /home/kjames/ros2_ws/build/eecs256aw25/build/lib/eecs256aw25/visualize.py -> /home/kjames/ros2_ws/install/eecs256aw25/lib/python3.12/site-packages/eecs256aw25
copying /home/kjames/ros2_ws/build/eecs256aw25/build/lib/eecs256aw25/open_loop.py -> /home/kjames/ros2_ws/install/eecs256aw25/lib/python3.12/site-packages/eecs256aw25
copying /home/kjames/ros2_ws/build/eecs256aw25/build/lib/eecs256aw25/orient_a_star.py -> /home/kjames/ros2_ws/install/eecs256aw25/lib/python3.12/site-packages/eecs256aw25
copying /home/kjames/ros2_ws/build/eecs256aw25/build/lib/eecs256aw25/__init__.py -> /home/kjames/ros2_ws/install/eecs256aw25/lib/python3.12/site-packages/eecs256aw25
copying /home/kjames/ros2_ws/build/eecs256aw25/build/lib/eecs256aw25/point_a_star.py -> /home/kjames/ros2_ws/install/eecs256aw25/lib/python3.12/site-packages/eecs256aw25
copying /home/kjames/ros2_ws/build/eecs256aw25/build/lib/eecs256aw25/subscriber.py -> /home/kjames/ros2_ws/install/eecs256aw25/lib/python3.12/site-packages/eecs256aw25
copying /home/kjames/ros2_ws/build/eecs256aw25/build/lib/eecs256aw25/closed_loop.py -> /home/kjames/ros2_ws/install/eecs256aw25/lib/python3.12/site-packages/eecs256aw25
copying /home/kjames/ros2_ws/build/eecs256aw25/build/lib/eecs256aw25/verify_logic_only.py -> /home/kjames/ros2_ws/install/eecs256aw25/lib/python3.12/site-packages/eecs256aw25
copying /home/kjames/ros2_ws/build/eecs256aw25/build/lib/eecs256aw25/test_a_star.py -> /home/kjames/ros2_ws/install/eecs256aw25/lib/python3.12/site-packages/eecs256aw25
copying /home/kjames/ros2_ws/build/eecs256aw25/build/lib/eecs256aw25/publisher.py -> /home/kjames/ros2_ws/install/eecs256aw25/lib/python3.12/site-packages/eecs256aw25
byte-compiling /home/kjames/ros2_ws/install/eecs256aw25/lib/python3.12/site-packages/eecs256aw25/visualize.py to visualize.cpython-312.pyc
byte-compiling /home/kjames/ros2_ws/install/eecs256aw25/lib/python3.12/site-packages/eecs256aw25/open_loop.py to open_loop.cpython-312.pyc
byte-compiling /home/kjames/ros2_ws/install/eecs256aw25/lib/python3.12/site-packages/eecs256aw25/orient_a_star.py to orient_a_star.cpython-312.pyc
byte-compiling /home/kjames/ros2_ws/install/eecs256aw25/lib/python3.12/site-packages/eecs256aw25/__init__.py to __init__.cpython-312.pyc
byte-compiling /home/kjames/ros2_ws/install/eecs256aw25/lib/python3.12/site-packages/eecs256aw25/point_a_star.py to point_a_star.cpython-312.pyc
byte-compiling /home/kjames/ros2_ws/install/eecs256aw25/lib/python3.12/site-packages/eecs256aw25/subscriber.py to subscriber.cpython-312.pyc
byte-compiling /home/kjames/ros2_ws/install/eecs256aw25/lib/python3.12/site-packages/eecs256aw25/closed_loop.py to closed_loop.cpython-312.pyc
byte-compiling /home/kjames/ros2_ws/install/eecs256aw25/lib/python3.12/site-packages/eecs256aw25/verify_logic_only.py to verify_logic_only.cpython-312.pyc
byte-compiling /home/kjames/ros2_ws/install/eecs256aw25/lib/python3.12/site-packages/eecs256aw25/test_a_star.py to test_a_star.cpython-312.pyc
byte-compiling /home/kjames/ros2_ws/install/eecs256aw25/lib/python3.12/site-packages/eecs256aw25/publisher.py to publisher.cpython-312.pyc
running install_data
copying resource/eecs256aw25 -> /home/kjames/ros2_ws/install/eecs256aw25/share/ament_index/resource_index/packages
copying package.xml -> /home/kjames/ros2_ws/install/eecs256aw25/share/eecs256aw25
copying launch/closed_loop.launch.py -> /home/kjames/ros2_ws/install/eecs256aw25/share/eecs256aw25/launch
copying launch/lab3_turtlebot4_spawn.launch.py -> /home/kjames/ros2_ws/install/eecs256aw25/share/eecs256aw25/launch
copying launch/lab3_gz.launch.py -> /home/kjames/ros2_ws/install/eecs256aw25/share/eecs256aw25/launch
running install_egg_info
Copying ../../build/eecs256aw25/eecs256aw25.egg-info to /home/kjames/ros2_ws/install/eecs256aw25/lib/python3.12/site-packages/eecs256aw25-0.0.0-py3.12.egg-info
running install_scripts
Installing closed_loop script to /home/kjames/ros2_ws/install/eecs256aw25/lib/eecs256aw25
Installing listener script to /home/kjames/ros2_ws/install/eecs256aw25/lib/eecs256aw25
Installing open_loop script to /home/kjames/ros2_ws/install/eecs256aw25/lib/eecs256aw25
Installing talker script to /home/kjames/ros2_ws/install/eecs256aw25/lib/eecs256aw25
writing list of installed files to '/home/kjames/ros2_ws/build/eecs256aw25/install.log'
