[0.372s] Invoking command in '/home/kjames/ros2_ws/build/eecs256aw25': DEBUGINFOD_URLS=https://debuginfod.ubuntu.com PYTHONPATH=/home/kjames/ros2_ws/build/eecs256aw25/prefix_override:/usr/lib/python3/dist-packages/colcon_core/task/python/colcon_distutils_commands:/home/kjames/ros2_ws/install/eecs256aw25/lib/python3.12/site-packages:${PYTHONPATH} /usr/bin/python3 -W ignore:setup.py install is deprecated -W ignore:easy_install command is deprecated setup.py develop --uninstall --editable --build-directory /home/kjames/ros2_ws/build/eecs256aw25/build
[0.517s] running develop
[0.604s] Removing /home/kjames/ros2_ws/install/eecs256aw25/lib/python3.12/site-packages/eecs256aw25.egg-link (link to .)
[0.618s] Invoked command in '/home/kjames/ros2_ws/build/eecs256aw25' returned '0': DEBUGINFOD_URLS=https://debuginfod.ubuntu.com PYTHONPATH=/home/kjames/ros2_ws/build/eecs256aw25/prefix_override:/usr/lib/python3/dist-packages/colcon_core/task/python/colcon_distutils_commands:/home/kjames/ros2_ws/install/eecs256aw25/lib/python3.12/site-packages:${PYTHONPATH} /usr/bin/python3 -W ignore:setup.py install is deprecated -W ignore:easy_install command is deprecated setup.py develop --uninstall --editable --build-directory /home/kjames/ros2_ws/build/eecs256aw25/build
[0.618s] Invoking command in '/home/kjames/ros2_ws/src/eecs256aw25': DEBUGINFOD_URLS=https://debuginfod.ubuntu.com PYTHONPATH=/home/kjames/ros2_ws/build/eecs256aw25/prefix_override:/usr/lib/python3/dist-packages/colcon_core/task/python/colcon_distutils_commands:/home/kjames/ros2_ws/install/eecs256aw25/lib/python3.12/site-packages:${PYTHONPATH} /usr/bin/python3 -W ignore:setup.py install is deprecated -W ignore:easy_install command is deprecated setup.py egg_info --egg-base ../../build/eecs256aw25 build --build-base /home/kjames/ros2_ws/build/eecs256aw25/build install --record /home/kjames/ros2_ws/build/eecs256aw25/install.log --single-version-externally-managed install_data --force
[0.743s] running egg_info
[0.751s] writing ../../build/eecs256aw25/eecs256aw25.egg-info/PKG-INFO
[0.751s] writing dependency_links to ../../build/eecs256aw25/eecs256aw25.egg-info/dependency_links.txt
[0.751s] writing entry points to ../../build/eecs256aw25/eecs256aw25.egg-info/entry_points.txt
[0.751s] writing requirements to ../../build/eecs256aw25/eecs256aw25.egg-info/requires.txt
[0.751s] writing top-level names to ../../build/eecs256aw25/eecs256aw25.egg-info/top_level.txt
[0.768s] reading manifest file '../../build/eecs256aw25/eecs256aw25.egg-info/SOURCES.txt'
[0.768s] writing manifest file '../../build/eecs256aw25/eecs256aw25.egg-info/SOURCES.txt'
[0.768s] running build
[0.768s] running build_py
[0.768s] creating /home/kjames/ros2_ws/build/eecs256aw25/build
[0.768s] creating /home/kjames/ros2_ws/build/eecs256aw25/build/lib
[0.768s] creating /home/kjames/ros2_ws/build/eecs256aw25/build/lib/eecs256aw25
[0.769s] copying eecs256aw25/visualize.py -> /home/kjames/ros2_ws/build/eecs256aw25/build/lib/eecs256aw25
[0.769s] copying eecs256aw25/open_loop.py -> /home/kjames/ros2_ws/build/eecs256aw25/build/lib/eecs256aw25
[0.769s] copying eecs256aw25/orient_a_star.py -> /home/kjames/ros2_ws/build/eecs256aw25/build/lib/eecs256aw25
[0.769s] copying eecs256aw25/__init__.py -> /home/kjames/ros2_ws/build/eecs256aw25/build/lib/eecs256aw25
[0.769s] copying eecs256aw25/point_a_star.py -> /home/kjames/ros2_ws/build/eecs256aw25/build/lib/eecs256aw25
[0.769s] copying eecs256aw25/subscriber.py -> /home/kjames/ros2_ws/build/eecs256aw25/build/lib/eecs256aw25
[0.769s] copying eecs256aw25/closed_loop.py -> /home/kjames/ros2_ws/build/eecs256aw25/build/lib/eecs256aw25
[0.769s] copying eecs256aw25/verify_logic_only.py -> /home/kjames/ros2_ws/build/eecs256aw25/build/lib/eecs256aw25
[0.769s] copying eecs256aw25/test_a_star.py -> /home/kjames/ros2_ws/build/eecs256aw25/build/lib/eecs256aw25
[0.769s] copying eecs256aw25/publisher.py -> /home/kjames/ros2_ws/build/eecs256aw25/build/lib/eecs256aw25
[0.769s] running install
[0.772s] running install_lib
[0.780s] creating /home/kjames/ros2_ws/install/eecs256aw25/lib/python3.12/site-packages/eecs256aw25
[0.780s] copying /home/kjames/ros2_ws/build/eecs256aw25/build/lib/eecs256aw25/visualize.py -> /home/kjames/ros2_ws/install/eecs256aw25/lib/python3.12/site-packages/eecs256aw25
[0.780s] copying /home/kjames/ros2_ws/build/eecs256aw25/build/lib/eecs256aw25/open_loop.py -> /home/kjames/ros2_ws/install/eecs256aw25/lib/python3.12/site-packages/eecs256aw25
[0.780s] copying /home/kjames/ros2_ws/build/eecs256aw25/build/lib/eecs256aw25/orient_a_star.py -> /home/kjames/ros2_ws/install/eecs256aw25/lib/python3.12/site-packages/eecs256aw25
[0.780s] copying /home/kjames/ros2_ws/build/eecs256aw25/build/lib/eecs256aw25/__init__.py -> /home/kjames/ros2_ws/install/eecs256aw25/lib/python3.12/site-packages/eecs256aw25
[0.780s] copying /home/kjames/ros2_ws/build/eecs256aw25/build/lib/eecs256aw25/point_a_star.py -> /home/kjames/ros2_ws/install/eecs256aw25/lib/python3.12/site-packages/eecs256aw25
[0.781s] copying /home/kjames/ros2_ws/build/eecs256aw25/build/lib/eecs256aw25/subscriber.py -> /home/kjames/ros2_ws/install/eecs256aw25/lib/python3.12/site-packages/eecs256aw25
[0.781s] copying /home/kjames/ros2_ws/build/eecs256aw25/build/lib/eecs256aw25/closed_loop.py -> /home/kjames/ros2_ws/install/eecs256aw25/lib/python3.12/site-packages/eecs256aw25
[0.781s] copying /home/kjames/ros2_ws/build/eecs256aw25/build/lib/eecs256aw25/verify_logic_only.py -> /home/kjames/ros2_ws/install/eecs256aw25/lib/python3.12/site-packages/eecs256aw25
[0.781s] copying /home/kjames/ros2_ws/build/eecs256aw25/build/lib/eecs256aw25/test_a_star.py -> /home/kjames/ros2_ws/install/eecs256aw25/lib/python3.12/site-packages/eecs256aw25
[0.781s] copying /home/kjames/ros2_ws/build/eecs256aw25/build/lib/eecs256aw25/publisher.py -> /home/kjames/ros2_ws/install/eecs256aw25/lib/python3.12/site-packages/eecs256aw25
[0.781s] byte-compiling /home/kjames/ros2_ws/install/eecs256aw25/lib/python3.12/site-packages/eecs256aw25/visualize.py to visualize.cpython-312.pyc
[0.781s] byte-compiling /home/kjames/ros2_ws/install/eecs256aw25/lib/python3.12/site-packages/eecs256aw25/open_loop.py to open_loop.cpython-312.pyc
[0.781s] byte-compiling /home/kjames/ros2_ws/install/eecs256aw25/lib/python3.12/site-packages/eecs256aw25/orient_a_star.py to orient_a_star.cpython-312.pyc
[0.782s] byte-compiling /home/kjames/ros2_ws/install/eecs256aw25/lib/python3.12/site-packages/eecs256aw25/__init__.py to __init__.cpython-312.pyc
[0.782s] byte-compiling /home/kjames/ros2_ws/install/eecs256aw25/lib/python3.12/site-packages/eecs256aw25/point_a_star.py to point_a_star.cpython-312.pyc
[0.782s] byte-compiling /home/kjames/ros2_ws/install/eecs256aw25/lib/python3.12/site-packages/eecs256aw25/subscriber.py to subscriber.cpython-312.pyc
[0.782s] byte-compiling /home/kjames/ros2_ws/install/eecs256aw25/lib/python3.12/site-packages/eecs256aw25/closed_loop.py to closed_loop.cpython-312.pyc
[0.783s] byte-compiling /home/kjames/ros2_ws/install/eecs256aw25/lib/python3.12/site-packages/eecs256aw25/verify_logic_only.py to verify_logic_only.cpython-312.pyc
[0.783s] byte-compiling /home/kjames/ros2_ws/install/eecs256aw25/lib/python3.12/site-packages/eecs256aw25/test_a_star.py to test_a_star.cpython-312.pyc
[0.784s] byte-compiling /home/kjames/ros2_ws/install/eecs256aw25/lib/python3.12/site-packages/eecs256aw25/publisher.py to publisher.cpython-312.pyc
[0.784s] running install_data
[0.784s] copying resource/eecs256aw25 -> /home/kjames/ros2_ws/install/eecs256aw25/share/ament_index/resource_index/packages
[0.784s] copying package.xml -> /home/kjames/ros2_ws/install/eecs256aw25/share/eecs256aw25
[0.784s] copying launch/closed_loop.launch.py -> /home/kjames/ros2_ws/install/eecs256aw25/share/eecs256aw25/launch
[0.784s] copying launch/lab3_turtlebot4_spawn.launch.py -> /home/kjames/ros2_ws/install/eecs256aw25/share/eecs256aw25/launch
[0.784s] copying launch/lab3_gz.launch.py -> /home/kjames/ros2_ws/install/eecs256aw25/share/eecs256aw25/launch
[0.784s] running install_egg_info
[0.793s] Copying ../../build/eecs256aw25/eecs256aw25.egg-info to /home/kjames/ros2_ws/install/eecs256aw25/lib/python3.12/site-packages/eecs256aw25-0.0.0-py3.12.egg-info
[0.794s] running install_scripts
[0.850s] Installing closed_loop script to /home/kjames/ros2_ws/install/eecs256aw25/lib/eecs256aw25
[0.850s] Installing listener script to /home/kjames/ros2_ws/install/eecs256aw25/lib/eecs256aw25
[0.850s] Installing open_loop script to /home/kjames/ros2_ws/install/eecs256aw25/lib/eecs256aw25
[0.850s] Installing talker script to /home/kjames/ros2_ws/install/eecs256aw25/lib/eecs256aw25
[0.850s] writing list of installed files to '/home/kjames/ros2_ws/build/eecs256aw25/install.log'
[0.862s] Invoked command in '/home/kjames/ros2_ws/src/eecs256aw25' returned '0': DEBUGINFOD_URLS=https://debuginfod.ubuntu.com PYTHONPATH=/home/kjames/ros2_ws/build/eecs256aw25/prefix_override:/usr/lib/python3/dist-packages/colcon_core/task/python/colcon_distutils_commands:/home/kjames/ros2_ws/install/eecs256aw25/lib/python3.12/site-packages:${PYTHONPATH} /usr/bin/python3 -W ignore:setup.py install is deprecated -W ignore:easy_install command is deprecated setup.py egg_info --egg-base ../../build/eecs256aw25 build --build-base /home/kjames/ros2_ws/build/eecs256aw25/build install --record /home/kjames/ros2_ws/build/eecs256aw25/install.log --single-version-externally-managed install_data --force
