running develop
running egg_info
creating eecs256aw25.egg-info
writing eecs256aw25.egg-info/PKG-INFO
writing dependency_links to eecs256aw25.egg-info/dependency_links.txt
writing entry points to eecs256aw25.egg-info/entry_points.txt
writing requirements to eecs256aw25.egg-info/requires.txt
writing top-level names to eecs256aw25.egg-info/top_level.txt
writing manifest file 'eecs256aw25.egg-info/SOURCES.txt'
reading manifest file 'eecs256aw25.egg-info/SOURCES.txt'
writing manifest file 'eecs256aw25.egg-info/SOURCES.txt'
running build_ext
Creating /home/kjames/ros2_ws/install/eecs256aw25/lib/python3.12/site-packages/eecs256aw25.egg-link (link to .)
Installing closed_loop script to /home/kjames/ros2_ws/install/eecs256aw25/lib/eecs256aw25
Installing listener script to /home/kjames/ros2_ws/install/eecs256aw25/lib/eecs256aw25
Installing open_loop script to /home/kjames/ros2_ws/install/eecs256aw25/lib/eecs256aw25
Installing talker script to /home/kjames/ros2_ws/install/eecs256aw25/lib/eecs256aw25

Installed /home/kjames/ros2_ws/build/eecs256aw25
running symlink_data
creating /home/kjames/ros2_ws/install/eecs256aw25/share/ament_index
creating /home/kjames/ros2_ws/install/eecs256aw25/share/ament_index/resource_index
creating /home/kjames/ros2_ws/install/eecs256aw25/share/ament_index/resource_index/packages
symbolically linking /home/kjames/ros2_ws/build/eecs256aw25/resource/eecs256aw25 -> /home/kjames/ros2_ws/install/eecs256aw25/share/ament_index/resource_index/packages
symbolically linking /home/kjames/ros2_ws/build/eecs256aw25/package.xml -> /home/kjames/ros2_ws/install/eecs256aw25/share/eecs256aw25
creating /home/kjames/ros2_ws/install/eecs256aw25/share/eecs256aw25/launch
symbolically linking /home/kjames/ros2_ws/build/eecs256aw25/launch/closed_loop.launch.py -> /home/kjames/ros2_ws/install/eecs256aw25/share/eecs256aw25/launch
symbolically linking /home/kjames/ros2_ws/build/eecs256aw25/launch/lab3_turtlebot4_spawn.launch.py -> /home/kjames/ros2_ws/install/eecs256aw25/share/eecs256aw25/launch
symbolically linking /home/kjames/ros2_ws/build/eecs256aw25/launch/spawn_husky_ur.launch.py -> /home/kjames/ros2_ws/install/eecs256aw25/share/eecs256aw25/launch
symbolically linking /home/kjames/ros2_ws/build/eecs256aw25/launch/lab3_gz.launch.py -> /home/kjames/ros2_ws/install/eecs256aw25/share/eecs256aw25/launch
creating /home/kjames/ros2_ws/install/eecs256aw25/share/eecs256aw25/models
symbolically linking /home/kjames/ros2_ws/build/eecs256aw25/models/.gitkeep -> /home/kjames/ros2_ws/install/eecs256aw25/share/eecs256aw25/models
symbolically linking /home/kjames/ros2_ws/build/eecs256aw25/models/husky_ur_extras.urdf.xacro -> /home/kjames/ros2_ws/install/eecs256aw25/share/eecs256aw25/models
creating /home/kjames/ros2_ws/install/eecs256aw25/share/eecs256aw25/models/husky_ur_description
symbolically linking /home/kjames/ros2_ws/build/eecs256aw25/models/husky_ur_description/package.xml -> /home/kjames/ros2_ws/install/eecs256aw25/share/eecs256aw25/models/husky_ur_description
symbolically linking /home/kjames/ros2_ws/build/eecs256aw25/models/husky_ur_description/CMakeLists.txt -> /home/kjames/ros2_ws/install/eecs256aw25/share/eecs256aw25/models/husky_ur_description
creating /home/kjames/ros2_ws/install/eecs256aw25/share/eecs256aw25/models/husky_ur_description/urdf
symbolically linking /home/kjames/ros2_ws/build/eecs256aw25/models/husky_ur_description/urdf/husky_ur3_description.urdf.xacro -> /home/kjames/ros2_ws/install/eecs256aw25/share/eecs256aw25/models/husky_ur_description/urdf
symbolically linking /home/kjames/ros2_ws/build/eecs256aw25/models/husky_ur_description/urdf/husky_dual_ur5_e_description.urdf.xacro -> /home/kjames/ros2_ws/install/eecs256aw25/share/eecs256aw25/models/husky_ur_description/urdf
symbolically linking /home/kjames/ros2_ws/build/eecs256aw25/models/husky_ur_description/urdf/husky_ur5_description.urdf.xacro -> /home/kjames/ros2_ws/install/eecs256aw25/share/eecs256aw25/models/husky_ur_description/urdf
symbolically linking /home/kjames/ros2_ws/build/eecs256aw25/models/husky_ur_description/urdf/husky_dual_ur5_description.urdf.xacro -> /home/kjames/ros2_ws/install/eecs256aw25/share/eecs256aw25/models/husky_ur_description/urdf
symbolically linking /home/kjames/ros2_ws/build/eecs256aw25/models/husky_ur_description/urdf/husky_dual_ur3_description.urdf.xacro -> /home/kjames/ros2_ws/install/eecs256aw25/share/eecs256aw25/models/husky_ur_description/urdf
symbolically linking /home/kjames/ros2_ws/build/eecs256aw25/models/husky_ur_description/urdf/husky_ur5_e_description.urdf.xacro -> /home/kjames/ros2_ws/install/eecs256aw25/share/eecs256aw25/models/husky_ur_description/urdf
symbolically linking /home/kjames/ros2_ws/build/eecs256aw25/models/husky_ur_description/urdf/husky_dual_ur3_e_description.urdf.xacro -> /home/kjames/ros2_ws/install/eecs256aw25/share/eecs256aw25/models/husky_ur_description/urdf
symbolically linking /home/kjames/ros2_ws/build/eecs256aw25/models/husky_ur_description/urdf/husky_ur3_e_description.urdf.xacro -> /home/kjames/ros2_ws/install/eecs256aw25/share/eecs256aw25/models/husky_ur_description/urdf
creating /home/kjames/ros2_ws/install/eecs256aw25/share/eecs256aw25/models/husky_ur_description/urdf/inc
symbolically linking /home/kjames/ros2_ws/build/eecs256aw25/models/husky_ur_description/urdf/inc/ur_robotiq_2f_gripper.urdf.xacro -> /home/kjames/ros2_ws/install/eecs256aw25/share/eecs256aw25/models/husky_ur_description/urdf/inc
creating /home/kjames/ros2_ws/install/eecs256aw25/share/eecs256aw25/models/husky_ur_description/meshes
symbolically linking /home/kjames/ros2_ws/build/eecs256aw25/models/husky_ur_description/meshes/dual_arm_bulkhead_collision.stl -> /home/kjames/ros2_ws/install/eecs256aw25/share/eecs256aw25/models/husky_ur_description/meshes
symbolically linking /home/kjames/ros2_ws/build/eecs256aw25/models/husky_ur_description/meshes/dual_arm_bulkhead.dae -> /home/kjames/ros2_ws/install/eecs256aw25/share/eecs256aw25/models/husky_ur_description/meshes
creating /home/kjames/ros2_ws/install/eecs256aw25/share/eecs256aw25/models/husky_ur_description/scripts
symbolically linking /home/kjames/ros2_ws/build/eecs256aw25/models/husky_ur_description/scripts/setup_husky_ur3_envar -> /home/kjames/ros2_ws/install/eecs256aw25/share/eecs256aw25/models/husky_ur_description/scripts
symbolically linking /home/kjames/ros2_ws/build/eecs256aw25/models/husky_ur_description/scripts/setup_husky_dual_ur3_e_envar -> /home/kjames/ros2_ws/install/eecs256aw25/share/eecs256aw25/models/husky_ur_description/scripts
symbolically linking /home/kjames/ros2_ws/build/eecs256aw25/models/husky_ur_description/scripts/setup_husky_ur_envar -> /home/kjames/ros2_ws/install/eecs256aw25/share/eecs256aw25/models/husky_ur_description/scripts
symbolically linking /home/kjames/ros2_ws/build/eecs256aw25/models/husky_ur_description/scripts/setup_husky_ur3_e_envar -> /home/kjames/ros2_ws/install/eecs256aw25/share/eecs256aw25/models/husky_ur_description/scripts
symbolically linking /home/kjames/ros2_ws/build/eecs256aw25/models/husky_ur_description/scripts/setup_husky_ur5_envar -> /home/kjames/ros2_ws/install/eecs256aw25/share/eecs256aw25/models/husky_ur_description/scripts
symbolically linking /home/kjames/ros2_ws/build/eecs256aw25/models/husky_ur_description/scripts/setup_husky_dual_ur5_e_envar -> /home/kjames/ros2_ws/install/eecs256aw25/share/eecs256aw25/models/husky_ur_description/scripts
symbolically linking /home/kjames/ros2_ws/build/eecs256aw25/models/husky_ur_description/scripts/setup_husky_dual_ur3_envar -> /home/kjames/ros2_ws/install/eecs256aw25/share/eecs256aw25/models/husky_ur_description/scripts
symbolically linking /home/kjames/ros2_ws/build/eecs256aw25/models/husky_ur_description/scripts/setup_husky_ur5_e_envar -> /home/kjames/ros2_ws/install/eecs256aw25/share/eecs256aw25/models/husky_ur_description/scripts
symbolically linking /home/kjames/ros2_ws/build/eecs256aw25/models/husky_ur_description/scripts/setup_husky_dual_ur5_envar -> /home/kjames/ros2_ws/install/eecs256aw25/share/eecs256aw25/models/husky_ur_description/scripts
creating /home/kjames/ros2_ws/install/eecs256aw25/share/eecs256aw25/models/ur_description
symbolically linking /home/kjames/ros2_ws/build/eecs256aw25/models/ur_description/CONTRIBUTING.md -> /home/kjames/ros2_ws/install/eecs256aw25/share/eecs256aw25/models/ur_description
symbolically linking /home/kjames/ros2_ws/build/eecs256aw25/models/ur_description/model.pdf -> /home/kjames/ros2_ws/install/eecs256aw25/share/eecs256aw25/models/ur_description
symbolically linking /home/kjames/ros2_ws/build/eecs256aw25/models/ur_description/README.md -> /home/kjames/ros2_ws/install/eecs256aw25/share/eecs256aw25/models/ur_description
symbolically linking /home/kjames/ros2_ws/build/eecs256aw25/models/ur_description/CHANGELOG.rst -> /home/kjames/ros2_ws/install/eecs256aw25/share/eecs256aw25/models/ur_description
symbolically linking /home/kjames/ros2_ws/build/eecs256aw25/models/ur_description/doc_requirements.txt -> /home/kjames/ros2_ws/install/eecs256aw25/share/eecs256aw25/models/ur_description
symbolically linking /home/kjames/ros2_ws/build/eecs256aw25/models/ur_description/LICENSE -> /home/kjames/ros2_ws/install/eecs256aw25/share/eecs256aw25/models/ur_description
symbolically linking /home/kjames/ros2_ws/build/eecs256aw25/models/ur_description/package.xml -> /home/kjames/ros2_ws/install/eecs256aw25/share/eecs256aw25/models/ur_description
symbolically linking /home/kjames/ros2_ws/build/eecs256aw25/models/ur_description/CMakeLists.txt -> /home/kjames/ros2_ws/install/eecs256aw25/share/eecs256aw25/models/ur_description
symbolically linking /home/kjames/ros2_ws/build/eecs256aw25/models/ur_description/.pre-commit-config.yaml -> /home/kjames/ros2_ws/install/eecs256aw25/share/eecs256aw25/models/ur_description
symbolically linking /home/kjames/ros2_ws/build/eecs256aw25/models/ur_description/.gitignore -> /home/kjames/ros2_ws/install/eecs256aw25/share/eecs256aw25/models/ur_description
symbolically linking /home/kjames/ros2_ws/build/eecs256aw25/models/ur_description/ci_status.md -> /home/kjames/ros2_ws/install/eecs256aw25/share/eecs256aw25/models/ur_description
creating /home/kjames/ros2_ws/install/eecs256aw25/share/eecs256aw25/models/ur_description/urdf
symbolically linking /home/kjames/ros2_ws/build/eecs256aw25/models/ur_description/urdf/ur_macro.xacro -> /home/kjames/ros2_ws/install/eecs256aw25/share/eecs256aw25/models/ur_description/urdf
symbolically linking /home/kjames/ros2_ws/build/eecs256aw25/models/ur_description/urdf/ros2_control_mock_hardware.xacro -> /home/kjames/ros2_ws/install/eecs256aw25/share/eecs256aw25/models/ur_description/urdf
symbolically linking /home/kjames/ros2_ws/build/eecs256aw25/models/ur_description/urdf/ur_mocked.urdf.xacro -> /home/kjames/ros2_ws/install/eecs256aw25/share/eecs256aw25/models/ur_description/urdf
symbolically linking /home/kjames/ros2_ws/build/eecs256aw25/models/ur_description/urdf/ur.urdf.xacro -> /home/kjames/ros2_ws/install/eecs256aw25/share/eecs256aw25/models/ur_description/urdf
creating /home/kjames/ros2_ws/install/eecs256aw25/share/eecs256aw25/models/ur_description/urdf/inc
symbolically linking /home/kjames/ros2_ws/build/eecs256aw25/models/ur_description/urdf/inc/ur_sensors.xacro -> /home/kjames/ros2_ws/install/eecs256aw25/share/eecs256aw25/models/ur_description/urdf/inc
symbolically linking /home/kjames/ros2_ws/build/eecs256aw25/models/ur_description/urdf/inc/ur_joint_control.xacro -> /home/kjames/ros2_ws/install/eecs256aw25/share/eecs256aw25/models/ur_description/urdf/inc
symbolically linking /home/kjames/ros2_ws/build/eecs256aw25/models/ur_description/urdf/inc/ur_transmissions.xacro -> /home/kjames/ros2_ws/install/eecs256aw25/share/eecs256aw25/models/ur_description/urdf/inc
symbolically linking /home/kjames/ros2_ws/build/eecs256aw25/models/ur_description/urdf/inc/ur_common.xacro -> /home/kjames/ros2_ws/install/eecs256aw25/share/eecs256aw25/models/ur_description/urdf/inc
creating /home/kjames/ros2_ws/install/eecs256aw25/share/eecs256aw25/models/ur_description/doc
symbolically linking /home/kjames/ros2_ws/build/eecs256aw25/models/ur_description/doc/conf.py -> /home/kjames/ros2_ws/install/eecs256aw25/share/eecs256aw25/models/ur_description/doc
symbolically linking /home/kjames/ros2_ws/build/eecs256aw25/models/ur_description/doc/structure.drawio -> /home/kjames/ros2_ws/install/eecs256aw25/share/eecs256aw25/models/ur_description/doc
symbolically linking /home/kjames/ros2_ws/build/eecs256aw25/models/ur_description/doc/migration_notes.rst -> /home/kjames/ros2_ws/install/eecs256aw25/share/eecs256aw25/models/ur_description/doc
symbolically linking /home/kjames/ros2_ws/build/eecs256aw25/models/ur_description/doc/structure.svg -> /home/kjames/ros2_ws/install/eecs256aw25/share/eecs256aw25/models/ur_description/doc
symbolically linking /home/kjames/ros2_ws/build/eecs256aw25/models/ur_description/doc/index.rst -> /home/kjames/ros2_ws/install/eecs256aw25/share/eecs256aw25/models/ur_description/doc
symbolically linking /home/kjames/ros2_ws/build/eecs256aw25/models/ur_description/doc/robot_frames.rst -> /home/kjames/ros2_ws/install/eecs256aw25/share/eecs256aw25/models/ur_description/doc
creating /home/kjames/ros2_ws/install/eecs256aw25/share/eecs256aw25/models/ur_description/doc/frames
symbolically linking /home/kjames/ros2_ws/build/eecs256aw25/models/ur_description/doc/frames/base_link.png -> /home/kjames/ros2_ws/install/eecs256aw25/share/eecs256aw25/models/ur_description/doc/frames
symbolically linking /home/kjames/ros2_ws/build/eecs256aw25/models/ur_description/doc/frames/base.png -> /home/kjames/ros2_ws/install/eecs256aw25/share/eecs256aw25/models/ur_description/doc/frames
creating /home/kjames/ros2_ws/install/eecs256aw25/share/eecs256aw25/models/ur_description/doc/migration
symbolically linking /home/kjames/ros2_ws/build/eecs256aw25/models/ur_description/doc/migration/jazzy.rst -> /home/kjames/ros2_ws/install/eecs256aw25/share/eecs256aw25/models/ur_description/doc/migration
creating /home/kjames/ros2_ws/install/eecs256aw25/share/eecs256aw25/models/ur_description/config
symbolically linking /home/kjames/ros2_ws/build/eecs256aw25/models/ur_description/config/initial_positions.yaml -> /home/kjames/ros2_ws/install/eecs256aw25/share/eecs256aw25/models/ur_description/config
creating /home/kjames/ros2_ws/install/eecs256aw25/share/eecs256aw25/models/ur_description/config/ur5e
symbolically linking /home/kjames/ros2_ws/build/eecs256aw25/models/ur_description/config/ur5e/physical_parameters.yaml -> /home/kjames/ros2_ws/install/eecs256aw25/share/eecs256aw25/models/ur_description/config/ur5e
symbolically linking /home/kjames/ros2_ws/build/eecs256aw25/models/ur_description/config/ur5e/joint_limits.yaml -> /home/kjames/ros2_ws/install/eecs256aw25/share/eecs256aw25/models/ur_description/config/ur5e
symbolically linking /home/kjames/ros2_ws/build/eecs256aw25/models/ur_description/config/ur5e/visual_parameters.yaml -> /home/kjames/ros2_ws/install/eecs256aw25/share/eecs256aw25/models/ur_description/config/ur5e
symbolically linking /home/kjames/ros2_ws/build/eecs256aw25/models/ur_description/config/ur5e/default_kinematics.yaml -> /home/kjames/ros2_ws/install/eecs256aw25/share/eecs256aw25/models/ur_description/config/ur5e
creating /home/kjames/ros2_ws/install/eecs256aw25/share/eecs256aw25/models/ur_description/config/ur20
symbolically linking /home/kjames/ros2_ws/build/eecs256aw25/models/ur_description/config/ur20/physical_parameters.yaml -> /home/kjames/ros2_ws/install/eecs256aw25/share/eecs256aw25/models/ur_description/config/ur20
symbolically linking /home/kjames/ros2_ws/build/eecs256aw25/models/ur_description/config/ur20/joint_limits.yaml -> /home/kjames/ros2_ws/install/eecs256aw25/share/eecs256aw25/models/ur_description/config/ur20
symbolically linking /home/kjames/ros2_ws/build/eecs256aw25/models/ur_description/config/ur20/visual_parameters.yaml -> /home/kjames/ros2_ws/install/eecs256aw25/share/eecs256aw25/models/ur_description/config/ur20
symbolically linking /home/kjames/ros2_ws/build/eecs256aw25/models/ur_description/config/ur20/default_kinematics.yaml -> /home/kjames/ros2_ws/install/eecs256aw25/share/eecs256aw25/models/ur_description/config/ur20
creating /home/kjames/ros2_ws/install/eecs256aw25/share/eecs256aw25/models/ur_description/config/ur18
symbolically linking /home/kjames/ros2_ws/build/eecs256aw25/models/ur_description/config/ur18/physical_parameters.yaml -> /home/kjames/ros2_ws/install/eecs256aw25/share/eecs256aw25/models/ur_description/config/ur18
symbolically linking /home/kjames/ros2_ws/build/eecs256aw25/models/ur_description/config/ur18/joint_limits.yaml -> /home/kjames/ros2_ws/install/eecs256aw25/share/eecs256aw25/models/ur_description/config/ur18
symbolically linking /home/kjames/ros2_ws/build/eecs256aw25/models/ur_description/config/ur18/visual_parameters.yaml -> /home/kjames/ros2_ws/install/eecs256aw25/share/eecs256aw25/models/ur_description/config/ur18
symbolically linking /home/kjames/ros2_ws/build/eecs256aw25/models/ur_description/config/ur18/default_kinematics.yaml -> /home/kjames/ros2_ws/install/eecs256aw25/share/eecs256aw25/models/ur_description/config/ur18
creating /home/kjames/ros2_ws/install/eecs256aw25/share/eecs256aw25/models/ur_description/config/ur7e
symbolically linking /home/kjames/ros2_ws/build/eecs256aw25/models/ur_description/config/ur7e/physical_parameters.yaml -> /home/kjames/ros2_ws/install/eecs256aw25/share/eecs256aw25/models/ur_description/config/ur7e
symbolically linking /home/kjames/ros2_ws/build/eecs256aw25/models/ur_description/config/ur7e/joint_limits.yaml -> /home/kjames/ros2_ws/install/eecs256aw25/share/eecs256aw25/models/ur_description/config/ur7e
symbolically linking /home/kjames/ros2_ws/build/eecs256aw25/models/ur_description/config/ur7e/visual_parameters.yaml -> /home/kjames/ros2_ws/install/eecs256aw25/share/eecs256aw25/models/ur_description/config/ur7e
symbolically linking /home/kjames/ros2_ws/build/eecs256aw25/models/ur_description/config/ur7e/default_kinematics.yaml -> /home/kjames/ros2_ws/install/eecs256aw25/share/eecs256aw25/models/ur_description/config/ur7e
creating /home/kjames/ros2_ws/install/eecs256aw25/share/eecs256aw25/models/ur_description/config/ur3
symbolically linking /home/kjames/ros2_ws/build/eecs256aw25/models/ur_description/config/ur3/physical_parameters.yaml -> /home/kjames/ros2_ws/install/eecs256aw25/share/eecs256aw25/models/ur_description/config/ur3
symbolically linking /home/kjames/ros2_ws/build/eecs256aw25/models/ur_description/config/ur3/joint_limits.yaml -> /home/kjames/ros2_ws/install/eecs256aw25/share/eecs256aw25/models/ur_description/config/ur3
symbolically linking /home/kjames/ros2_ws/build/eecs256aw25/models/ur_description/config/ur3/visual_parameters.yaml -> /home/kjames/ros2_ws/install/eecs256aw25/share/eecs256aw25/models/ur_description/config/ur3
symbolically linking /home/kjames/ros2_ws/build/eecs256aw25/models/ur_description/config/ur3/default_kinematics.yaml -> /home/kjames/ros2_ws/install/eecs256aw25/share/eecs256aw25/models/ur_description/config/ur3
creating /home/kjames/ros2_ws/install/eecs256aw25/share/eecs256aw25/models/ur_description/config/ur30
symbolically linking /home/kjames/ros2_ws/build/eecs256aw25/models/ur_description/config/ur30/physical_parameters.yaml -> /home/kjames/ros2_ws/install/eecs256aw25/share/eecs256aw25/models/ur_description/config/ur30
symbolically linking /home/kjames/ros2_ws/build/eecs256aw25/models/ur_description/config/ur30/joint_limits.yaml -> /home/kjames/ros2_ws/install/eecs256aw25/share/eecs256aw25/models/ur_description/config/ur30
symbolically linking /home/kjames/ros2_ws/build/eecs256aw25/models/ur_description/config/ur30/visual_parameters.yaml -> /home/kjames/ros2_ws/install/eecs256aw25/share/eecs256aw25/models/ur_description/config/ur30
symbolically linking /home/kjames/ros2_ws/build/eecs256aw25/models/ur_description/config/ur30/default_kinematics.yaml -> /home/kjames/ros2_ws/install/eecs256aw25/share/eecs256aw25/models/ur_description/config/ur30
creating /home/kjames/ros2_ws/install/eecs256aw25/share/eecs256aw25/models/ur_description/config/ur10
symbolically linking /home/kjames/ros2_ws/build/eecs256aw25/models/ur_description/config/ur10/physical_parameters.yaml -> /home/kjames/ros2_ws/install/eecs256aw25/share/eecs256aw25/models/ur_description/config/ur10
symbolically linking /home/kjames/ros2_ws/build/eecs256aw25/models/ur_description/config/ur10/joint_limits.yaml -> /home/kjames/ros2_ws/install/eecs256aw25/share/eecs256aw25/models/ur_description/config/ur10
symbolically linking /home/kjames/ros2_ws/build/eecs256aw25/models/ur_description/config/ur10/visual_parameters.yaml -> /home/kjames/ros2_ws/install/eecs256aw25/share/eecs256aw25/models/ur_description/config/ur10
symbolically linking /home/kjames/ros2_ws/build/eecs256aw25/models/ur_description/config/ur10/default_kinematics.yaml -> /home/kjames/ros2_ws/install/eecs256aw25/share/eecs256aw25/models/ur_description/config/ur10
creating /home/kjames/ros2_ws/install/eecs256aw25/share/eecs256aw25/models/ur_description/config/ur12e
symbolically linking /home/kjames/ros2_ws/build/eecs256aw25/models/ur_description/config/ur12e/physical_parameters.yaml -> /home/kjames/ros2_ws/install/eecs256aw25/share/eecs256aw25/models/ur_description/config/ur12e
symbolically linking /home/kjames/ros2_ws/build/eecs256aw25/models/ur_description/config/ur12e/joint_limits.yaml -> /home/kjames/ros2_ws/install/eecs256aw25/share/eecs256aw25/models/ur_description/config/ur12e
symbolically linking /home/kjames/ros2_ws/build/eecs256aw25/models/ur_description/config/ur12e/visual_parameters.yaml -> /home/kjames/ros2_ws/install/eecs256aw25/share/eecs256aw25/models/ur_description/config/ur12e
symbolically linking /home/kjames/ros2_ws/build/eecs256aw25/models/ur_description/config/ur12e/default_kinematics.yaml -> /home/kjames/ros2_ws/install/eecs256aw25/share/eecs256aw25/models/ur_description/config/ur12e
creating /home/kjames/ros2_ws/install/eecs256aw25/share/eecs256aw25/models/ur_description/config/ur16e
symbolically linking /home/kjames/ros2_ws/build/eecs256aw25/models/ur_description/config/ur16e/physical_parameters.yaml -> /home/kjames/ros2_ws/install/eecs256aw25/share/eecs256aw25/models/ur_description/config/ur16e
symbolically linking /home/kjames/ros2_ws/build/eecs256aw25/models/ur_description/config/ur16e/joint_limits.yaml -> /home/kjames/ros2_ws/install/eecs256aw25/share/eecs256aw25/models/ur_description/config/ur16e
symbolically linking /home/kjames/ros2_ws/build/eecs256aw25/models/ur_description/config/ur16e/visual_parameters.yaml -> /home/kjames/ros2_ws/install/eecs256aw25/share/eecs256aw25/models/ur_description/config/ur16e
symbolically linking /home/kjames/ros2_ws/build/eecs256aw25/models/ur_description/config/ur16e/default_kinematics.yaml -> /home/kjames/ros2_ws/install/eecs256aw25/share/eecs256aw25/models/ur_description/config/ur16e
creating /home/kjames/ros2_ws/install/eecs256aw25/share/eecs256aw25/models/ur_description/config/ur5
symbolically linking /home/kjames/ros2_ws/build/eecs256aw25/models/ur_description/config/ur5/physical_parameters.yaml -> /home/kjames/ros2_ws/install/eecs256aw25/share/eecs256aw25/models/ur_description/config/ur5
symbolically linking /home/kjames/ros2_ws/build/eecs256aw25/models/ur_description/config/ur5/joint_limits.yaml -> /home/kjames/ros2_ws/install/eecs256aw25/share/eecs256aw25/models/ur_description/config/ur5
symbolically linking /home/kjames/ros2_ws/build/eecs256aw25/models/ur_description/config/ur5/visual_parameters.yaml -> /home/kjames/ros2_ws/install/eecs256aw25/share/eecs256aw25/models/ur_description/config/ur5
symbolically linking /home/kjames/ros2_ws/build/eecs256aw25/models/ur_description/config/ur5/default_kinematics.yaml -> /home/kjames/ros2_ws/install/eecs256aw25/share/eecs256aw25/models/ur_description/config/ur5
creating /home/kjames/ros2_ws/install/eecs256aw25/share/eecs256aw25/models/ur_description/config/ur8long
symbolically linking /home/kjames/ros2_ws/build/eecs256aw25/models/ur_description/config/ur8long/physical_parameters.yaml -> /home/kjames/ros2_ws/install/eecs256aw25/share/eecs256aw25/models/ur_description/config/ur8long
symbolically linking /home/kjames/ros2_ws/build/eecs256aw25/models/ur_description/config/ur8long/joint_limits.yaml -> /home/kjames/ros2_ws/install/eecs256aw25/share/eecs256aw25/models/ur_description/config/ur8long
symbolically linking /home/kjames/ros2_ws/build/eecs256aw25/models/ur_description/config/ur8long/visual_parameters.yaml -> /home/kjames/ros2_ws/install/eecs256aw25/share/eecs256aw25/models/ur_description/config/ur8long
symbolically linking /home/kjames/ros2_ws/build/eecs256aw25/models/ur_description/config/ur8long/default_kinematics.yaml -> /home/kjames/ros2_ws/install/eecs256aw25/share/eecs256aw25/models/ur_description/config/ur8long
creating /home/kjames/ros2_ws/install/eecs256aw25/share/eecs256aw25/models/ur_description/config/ur3e
symbolically linking /home/kjames/ros2_ws/build/eecs256aw25/models/ur_description/config/ur3e/physical_parameters.yaml -> /home/kjames/ros2_ws/install/eecs256aw25/share/eecs256aw25/models/ur_description/config/ur3e
symbolically linking /home/kjames/ros2_ws/build/eecs256aw25/models/ur_description/config/ur3e/joint_limits.yaml -> /home/kjames/ros2_ws/install/eecs256aw25/share/eecs256aw25/models/ur_description/config/ur3e
symbolically linking /home/kjames/ros2_ws/build/eecs256aw25/models/ur_description/config/ur3e/visual_parameters.yaml -> /home/kjames/ros2_ws/install/eecs256aw25/share/eecs256aw25/models/ur_description/config/ur3e
symbolically linking /home/kjames/ros2_ws/build/eecs256aw25/models/ur_description/config/ur3e/default_kinematics.yaml -> /home/kjames/ros2_ws/install/eecs256aw25/share/eecs256aw25/models/ur_description/config/ur3e
creating /home/kjames/ros2_ws/install/eecs256aw25/share/eecs256aw25/models/ur_description/config/ur10e
symbolically linking /home/kjames/ros2_ws/build/eecs256aw25/models/ur_description/config/ur10e/physical_parameters.yaml -> /home/kjames/ros2_ws/install/eecs256aw25/share/eecs256aw25/models/ur_description/config/ur10e
symbolically linking /home/kjames/ros2_ws/build/eecs256aw25/models/ur_description/config/ur10e/joint_limits.yaml -> /home/kjames/ros2_ws/install/eecs256aw25/share/eecs256aw25/models/ur_description/config/ur10e
symbolically linking /home/kjames/ros2_ws/build/eecs256aw25/models/ur_description/config/ur10e/visual_parameters.yaml -> /home/kjames/ros2_ws/install/eecs256aw25/share/eecs256aw25/models/ur_description/config/ur10e
symbolically linking /home/kjames/ros2_ws/build/eecs256aw25/models/ur_description/config/ur10e/default_kinematics.yaml -> /home/kjames/ros2_ws/install/eecs256aw25/share/eecs256aw25/models/ur_description/config/ur10e
creating /home/kjames/ros2_ws/install/eecs256aw25/share/eecs256aw25/models/ur_description/config/ur15
symbolically linking /home/kjames/ros2_ws/build/eecs256aw25/models/ur_description/config/ur15/physical_parameters.yaml -> /home/kjames/ros2_ws/install/eecs256aw25/share/eecs256aw25/models/ur_description/config/ur15
symbolically linking /home/kjames/ros2_ws/build/eecs256aw25/models/ur_description/config/ur15/joint_limits.yaml -> /home/kjames/ros2_ws/install/eecs256aw25/share/eecs256aw25/models/ur_description/config/ur15
symbolically linking /home/kjames/ros2_ws/build/eecs256aw25/models/ur_description/config/ur15/visual_parameters.yaml -> /home/kjames/ros2_ws/install/eecs256aw25/share/eecs256aw25/models/ur_description/config/ur15
symbolically linking /home/kjames/ros2_ws/build/eecs256aw25/models/ur_description/config/ur15/default_kinematics.yaml -> /home/kjames/ros2_ws/install/eecs256aw25/share/eecs256aw25/models/ur_description/config/ur15
creating /home/kjames/ros2_ws/install/eecs256aw25/share/eecs256aw25/models/ur_description/meshes
creating /home/kjames/ros2_ws/install/eecs256aw25/share/eecs256aw25/models/ur_description/meshes/ur5e
creating /home/kjames/ros2_ws/install/eecs256aw25/share/eecs256aw25/models/ur_description/meshes/ur5e/visual
symbolically linking /home/kjames/ros2_ws/build/eecs256aw25/models/ur_description/meshes/ur5e/visual/shoulder.dae -> /home/kjames/ros2_ws/install/eecs256aw25/share/eecs256aw25/models/ur_description/meshes/ur5e/visual
symbolically linking /home/kjames/ros2_ws/build/eecs256aw25/models/ur_description/meshes/ur5e/visual/wrist3.dae -> /home/kjames/ros2_ws/install/eecs256aw25/share/eecs256aw25/models/ur_description/meshes/ur5e/visual
symbolically linking /home/kjames/ros2_ws/build/eecs256aw25/models/ur_description/meshes/ur5e/visual/upperarm.dae -> /home/kjames/ros2_ws/install/eecs256aw25/share/eecs256aw25/models/ur_description/meshes/ur5e/visual
symbolically linking /home/kjames/ros2_ws/build/eecs256aw25/models/ur_description/meshes/ur5e/visual/wrist1.dae -> /home/kjames/ros2_ws/install/eecs256aw25/share/eecs256aw25/models/ur_description/meshes/ur5e/visual
symbolically linking /home/kjames/ros2_ws/build/eecs256aw25/models/ur_description/meshes/ur5e/visual/base.dae -> /home/kjames/ros2_ws/install/eecs256aw25/share/eecs256aw25/models/ur_description/meshes/ur5e/visual
symbolically linking /home/kjames/ros2_ws/build/eecs256aw25/models/ur_description/meshes/ur5e/visual/forearm.dae -> /home/kjames/ros2_ws/install/eecs256aw25/share/eecs256aw25/models/ur_description/meshes/ur5e/visual
symbolically linking /home/kjames/ros2_ws/build/eecs256aw25/models/ur_description/meshes/ur5e/visual/wrist2.dae -> /home/kjames/ros2_ws/install/eecs256aw25/share/eecs256aw25/models/ur_description/meshes/ur5e/visual
creating /home/kjames/ros2_ws/install/eecs256aw25/share/eecs256aw25/models/ur_description/meshes/ur5e/collision
symbolically linking /home/kjames/ros2_ws/build/eecs256aw25/models/ur_description/meshes/ur5e/collision/shoulder.stl -> /home/kjames/ros2_ws/install/eecs256aw25/share/eecs256aw25/models/ur_description/meshes/ur5e/collision
symbolically linking /home/kjames/ros2_ws/build/eecs256aw25/models/ur_description/meshes/ur5e/collision/wrist3.stl -> /home/kjames/ros2_ws/install/eecs256aw25/share/eecs256aw25/models/ur_description/meshes/ur5e/collision
symbolically linking /home/kjames/ros2_ws/build/eecs256aw25/models/ur_description/meshes/ur5e/collision/upperarm.stl -> /home/kjames/ros2_ws/install/eecs256aw25/share/eecs256aw25/models/ur_description/meshes/ur5e/collision
symbolically linking /home/kjames/ros2_ws/build/eecs256aw25/models/ur_description/meshes/ur5e/collision/base.stl -> /home/kjames/ros2_ws/install/eecs256aw25/share/eecs256aw25/models/ur_description/meshes/ur5e/collision
symbolically linking /home/kjames/ros2_ws/build/eecs256aw25/models/ur_description/meshes/ur5e/collision/wrist1.stl -> /home/kjames/ros2_ws/install/eecs256aw25/share/eecs256aw25/models/ur_description/meshes/ur5e/collision
symbolically linking /home/kjames/ros2_ws/build/eecs256aw25/models/ur_description/meshes/ur5e/collision/forearm.stl -> /home/kjames/ros2_ws/install/eecs256aw25/share/eecs256aw25/models/ur_description/meshes/ur5e/collision
symbolically linking /home/kjames/ros2_ws/build/eecs256aw25/models/ur_description/meshes/ur5e/collision/wrist2.stl -> /home/kjames/ros2_ws/install/eecs256aw25/share/eecs256aw25/models/ur_description/meshes/ur5e/collision
creating /home/kjames/ros2_ws/install/eecs256aw25/share/eecs256aw25/models/ur_description/meshes/ur20
symbolically linking /home/kjames/ros2_ws/build/eecs256aw25/models/ur_description/meshes/ur20/LICENSE.txt -> /home/kjames/ros2_ws/install/eecs256aw25/share/eecs256aw25/models/ur_description/meshes/ur20
creating /home/kjames/ros2_ws/install/eecs256aw25/share/eecs256aw25/models/ur_description/meshes/ur20/visual
symbolically linking /home/kjames/ros2_ws/build/eecs256aw25/models/ur_description/meshes/ur20/visual/shoulder.dae -> /home/kjames/ros2_ws/install/eecs256aw25/share/eecs256aw25/models/ur_description/meshes/ur20/visual
symbolically linking /home/kjames/ros2_ws/build/eecs256aw25/models/ur_description/meshes/ur20/visual/UR20_DIFF_8bit_2K.png -> /home/kjames/ros2_ws/install/eecs256aw25/share/eecs256aw25/models/ur_description/meshes/ur20/visual
symbolically linking /home/kjames/ros2_ws/build/eecs256aw25/models/ur_description/meshes/ur20/visual/wrist3.dae -> /home/kjames/ros2_ws/install/eecs256aw25/share/eecs256aw25/models/ur_description/meshes/ur20/visual
symbolically linking /home/kjames/ros2_ws/build/eecs256aw25/models/ur_description/meshes/ur20/visual/upperarm.dae -> /home/kjames/ros2_ws/install/eecs256aw25/share/eecs256aw25/models/ur_description/meshes/ur20/visual
symbolically linking /home/kjames/ros2_ws/build/eecs256aw25/models/ur_description/meshes/ur20/visual/wrist1.dae -> /home/kjames/ros2_ws/install/eecs256aw25/share/eecs256aw25/models/ur_description/meshes/ur20/visual
symbolically linking /home/kjames/ros2_ws/build/eecs256aw25/models/ur_description/meshes/ur20/visual/base.dae -> /home/kjames/ros2_ws/install/eecs256aw25/share/eecs256aw25/models/ur_description/meshes/ur20/visual
symbolically linking /home/kjames/ros2_ws/build/eecs256aw25/models/ur_description/meshes/ur20/visual/forearm.dae -> /home/kjames/ros2_ws/install/eecs256aw25/share/eecs256aw25/models/ur_description/meshes/ur20/visual
symbolically linking /home/kjames/ros2_ws/build/eecs256aw25/models/ur_description/meshes/ur20/visual/wrist2.dae -> /home/kjames/ros2_ws/install/eecs256aw25/share/eecs256aw25/models/ur_description/meshes/ur20/visual
creating /home/kjames/ros2_ws/install/eecs256aw25/share/eecs256aw25/models/ur_description/meshes/ur20/collision
symbolically linking /home/kjames/ros2_ws/build/eecs256aw25/models/ur_description/meshes/ur20/collision/shoulder.stl -> /home/kjames/ros2_ws/install/eecs256aw25/share/eecs256aw25/models/ur_description/meshes/ur20/collision
symbolically linking /home/kjames/ros2_ws/build/eecs256aw25/models/ur_description/meshes/ur20/collision/wrist3.stl -> /home/kjames/ros2_ws/install/eecs256aw25/share/eecs256aw25/models/ur_description/meshes/ur20/collision
symbolically linking /home/kjames/ros2_ws/build/eecs256aw25/models/ur_description/meshes/ur20/collision/upperarm.stl -> /home/kjames/ros2_ws/install/eecs256aw25/share/eecs256aw25/models/ur_description/meshes/ur20/collision
symbolically linking /home/kjames/ros2_ws/build/eecs256aw25/models/ur_description/meshes/ur20/collision/base.stl -> /home/kjames/ros2_ws/install/eecs256aw25/share/eecs256aw25/models/ur_description/meshes/ur20/collision
symbolically linking /home/kjames/ros2_ws/build/eecs256aw25/models/ur_description/meshes/ur20/collision/wrist1.stl -> /home/kjames/ros2_ws/install/eecs256aw25/share/eecs256aw25/models/ur_description/meshes/ur20/collision
symbolically linking /home/kjames/ros2_ws/build/eecs256aw25/models/ur_description/meshes/ur20/collision/forearm.stl -> /home/kjames/ros2_ws/install/eecs256aw25/share/eecs256aw25/models/ur_description/meshes/ur20/collision
symbolically linking /home/kjames/ros2_ws/build/eecs256aw25/models/ur_description/meshes/ur20/collision/wrist2.stl -> /home/kjames/ros2_ws/install/eecs256aw25/share/eecs256aw25/models/ur_description/meshes/ur20/collision
creating /home/kjames/ros2_ws/install/eecs256aw25/share/eecs256aw25/models/ur_description/meshes/ur18
symbolically linking /home/kjames/ros2_ws/build/eecs256aw25/models/ur_description/meshes/ur18/LICENSE.txt -> /home/kjames/ros2_ws/install/eecs256aw25/share/eecs256aw25/models/ur_description/meshes/ur18
creating /home/kjames/ros2_ws/install/eecs256aw25/share/eecs256aw25/models/ur_description/meshes/ur18/visual
symbolically linking /home/kjames/ros2_ws/build/eecs256aw25/models/ur_description/meshes/ur18/visual/upperarm.dae -> /home/kjames/ros2_ws/install/eecs256aw25/share/eecs256aw25/models/ur_description/meshes/ur18/visual
symbolically linking /home/kjames/ros2_ws/build/eecs256aw25/models/ur_description/meshes/ur18/visual/UR18_DIFF_8bit_2K.jpg -> /home/kjames/ros2_ws/install/eecs256aw25/share/eecs256aw25/models/ur_description/meshes/ur18/visual
symbolically linking /home/kjames/ros2_ws/build/eecs256aw25/models/ur_description/meshes/ur18/visual/forearm.dae -> /home/kjames/ros2_ws/install/eecs256aw25/share/eecs256aw25/models/ur_description/meshes/ur18/visual
creating /home/kjames/ros2_ws/install/eecs256aw25/share/eecs256aw25/models/ur_description/meshes/ur18/collision
symbolically linking /home/kjames/ros2_ws/build/eecs256aw25/models/ur_description/meshes/ur18/collision/upperarm.stl -> /home/kjames/ros2_ws/install/eecs256aw25/share/eecs256aw25/models/ur_description/meshes/ur18/collision
symbolically linking /home/kjames/ros2_ws/build/eecs256aw25/models/ur_description/meshes/ur18/collision/forearm.stl -> /home/kjames/ros2_ws/install/eecs256aw25/share/eecs256aw25/models/ur_description/meshes/ur18/collision
creating /home/kjames/ros2_ws/install/eecs256aw25/share/eecs256aw25/models/ur_description/meshes/ur3
creating /home/kjames/ros2_ws/install/eecs256aw25/share/eecs256aw25/models/ur_description/meshes/ur3/visual
symbolically linking /home/kjames/ros2_ws/build/eecs256aw25/models/ur_description/meshes/ur3/visual/shoulder.dae -> /home/kjames/ros2_ws/install/eecs256aw25/share/eecs256aw25/models/ur_description/meshes/ur3/visual
symbolically linking /home/kjames/ros2_ws/build/eecs256aw25/models/ur_description/meshes/ur3/visual/wrist3.dae -> /home/kjames/ros2_ws/install/eecs256aw25/share/eecs256aw25/models/ur_description/meshes/ur3/visual
symbolically linking /home/kjames/ros2_ws/build/eecs256aw25/models/ur_description/meshes/ur3/visual/upperarm.dae -> /home/kjames/ros2_ws/install/eecs256aw25/share/eecs256aw25/models/ur_description/meshes/ur3/visual
symbolically linking /home/kjames/ros2_ws/build/eecs256aw25/models/ur_description/meshes/ur3/visual/wrist1.dae -> /home/kjames/ros2_ws/install/eecs256aw25/share/eecs256aw25/models/ur_description/meshes/ur3/visual
symbolically linking /home/kjames/ros2_ws/build/eecs256aw25/models/ur_description/meshes/ur3/visual/base.dae -> /home/kjames/ros2_ws/install/eecs256aw25/share/eecs256aw25/models/ur_description/meshes/ur3/visual
symbolically linking /home/kjames/ros2_ws/build/eecs256aw25/models/ur_description/meshes/ur3/visual/forearm.dae -> /home/kjames/ros2_ws/install/eecs256aw25/share/eecs256aw25/models/ur_description/meshes/ur3/visual
symbolically linking /home/kjames/ros2_ws/build/eecs256aw25/models/ur_description/meshes/ur3/visual/wrist2.dae -> /home/kjames/ros2_ws/install/eecs256aw25/share/eecs256aw25/models/ur_description/meshes/ur3/visual
creating /home/kjames/ros2_ws/install/eecs256aw25/share/eecs256aw25/models/ur_description/meshes/ur3/collision
symbolically linking /home/kjames/ros2_ws/build/eecs256aw25/models/ur_description/meshes/ur3/collision/shoulder.stl -> /home/kjames/ros2_ws/install/eecs256aw25/share/eecs256aw25/models/ur_description/meshes/ur3/collision
symbolically linking /home/kjames/ros2_ws/build/eecs256aw25/models/ur_description/meshes/ur3/collision/wrist3.stl -> /home/kjames/ros2_ws/install/eecs256aw25/share/eecs256aw25/models/ur_description/meshes/ur3/collision
symbolically linking /home/kjames/ros2_ws/build/eecs256aw25/models/ur_description/meshes/ur3/collision/upperarm.stl -> /home/kjames/ros2_ws/install/eecs256aw25/share/eecs256aw25/models/ur_description/meshes/ur3/collision
symbolically linking /home/kjames/ros2_ws/build/eecs256aw25/models/ur_description/meshes/ur3/collision/base.stl -> /home/kjames/ros2_ws/install/eecs256aw25/share/eecs256aw25/models/ur_description/meshes/ur3/collision
symbolically linking /home/kjames/ros2_ws/build/eecs256aw25/models/ur_description/meshes/ur3/collision/wrist1.stl -> /home/kjames/ros2_ws/install/eecs256aw25/share/eecs256aw25/models/ur_description/meshes/ur3/collision
symbolically linking /home/kjames/ros2_ws/build/eecs256aw25/models/ur_description/meshes/ur3/collision/forearm.stl -> /home/kjames/ros2_ws/install/eecs256aw25/share/eecs256aw25/models/ur_description/meshes/ur3/collision
symbolically linking /home/kjames/ros2_ws/build/eecs256aw25/models/ur_description/meshes/ur3/collision/wrist2.stl -> /home/kjames/ros2_ws/install/eecs256aw25/share/eecs256aw25/models/ur_description/meshes/ur3/collision
creating /home/kjames/ros2_ws/install/eecs256aw25/share/eecs256aw25/models/ur_description/meshes/ur30
symbolically linking /home/kjames/ros2_ws/build/eecs256aw25/models/ur_description/meshes/ur30/LICENSE.txt -> /home/kjames/ros2_ws/install/eecs256aw25/share/eecs256aw25/models/ur_description/meshes/ur30
creating /home/kjames/ros2_ws/install/eecs256aw25/share/eecs256aw25/models/ur_description/meshes/ur30/visual
symbolically linking /home/kjames/ros2_ws/build/eecs256aw25/models/ur_description/meshes/ur30/visual/upperarm.dae -> /home/kjames/ros2_ws/install/eecs256aw25/share/eecs256aw25/models/ur_description/meshes/ur30/visual
symbolically linking /home/kjames/ros2_ws/build/eecs256aw25/models/ur_description/meshes/ur30/visual/UR30_DIFF_8bit_2K.png -> /home/kjames/ros2_ws/install/eecs256aw25/share/eecs256aw25/models/ur_description/meshes/ur30/visual
symbolically linking /home/kjames/ros2_ws/build/eecs256aw25/models/ur_description/meshes/ur30/visual/forearm.dae -> /home/kjames/ros2_ws/install/eecs256aw25/share/eecs256aw25/models/ur_description/meshes/ur30/visual
creating /home/kjames/ros2_ws/install/eecs256aw25/share/eecs256aw25/models/ur_description/meshes/ur30/collision
symbolically linking /home/kjames/ros2_ws/build/eecs256aw25/models/ur_description/meshes/ur30/collision/upperarm.stl -> /home/kjames/ros2_ws/install/eecs256aw25/share/eecs256aw25/models/ur_description/meshes/ur30/collision
symbolically linking /home/kjames/ros2_ws/build/eecs256aw25/models/ur_description/meshes/ur30/collision/forearm.stl -> /home/kjames/ros2_ws/install/eecs256aw25/share/eecs256aw25/models/ur_description/meshes/ur30/collision
creating /home/kjames/ros2_ws/install/eecs256aw25/share/eecs256aw25/models/ur_description/meshes/ur10
creating /home/kjames/ros2_ws/install/eecs256aw25/share/eecs256aw25/models/ur_description/meshes/ur10/visual
symbolically linking /home/kjames/ros2_ws/build/eecs256aw25/models/ur_description/meshes/ur10/visual/shoulder.dae -> /home/kjames/ros2_ws/install/eecs256aw25/share/eecs256aw25/models/ur_description/meshes/ur10/visual
symbolically linking /home/kjames/ros2_ws/build/eecs256aw25/models/ur_description/meshes/ur10/visual/wrist3.dae -> /home/kjames/ros2_ws/install/eecs256aw25/share/eecs256aw25/models/ur_description/meshes/ur10/visual
symbolically linking /home/kjames/ros2_ws/build/eecs256aw25/models/ur_description/meshes/ur10/visual/upperarm.dae -> /home/kjames/ros2_ws/install/eecs256aw25/share/eecs256aw25/models/ur_description/meshes/ur10/visual
symbolically linking /home/kjames/ros2_ws/build/eecs256aw25/models/ur_description/meshes/ur10/visual/wrist1.dae -> /home/kjames/ros2_ws/install/eecs256aw25/share/eecs256aw25/models/ur_description/meshes/ur10/visual
symbolically linking /home/kjames/ros2_ws/build/eecs256aw25/models/ur_description/meshes/ur10/visual/base.dae -> /home/kjames/ros2_ws/install/eecs256aw25/share/eecs256aw25/models/ur_description/meshes/ur10/visual
symbolically linking /home/kjames/ros2_ws/build/eecs256aw25/models/ur_description/meshes/ur10/visual/forearm.dae -> /home/kjames/ros2_ws/install/eecs256aw25/share/eecs256aw25/models/ur_description/meshes/ur10/visual
symbolically linking /home/kjames/ros2_ws/build/eecs256aw25/models/ur_description/meshes/ur10/visual/wrist2.dae -> /home/kjames/ros2_ws/install/eecs256aw25/share/eecs256aw25/models/ur_description/meshes/ur10/visual
creating /home/kjames/ros2_ws/install/eecs256aw25/share/eecs256aw25/models/ur_description/meshes/ur10/collision
symbolically linking /home/kjames/ros2_ws/build/eecs256aw25/models/ur_description/meshes/ur10/collision/shoulder.stl -> /home/kjames/ros2_ws/install/eecs256aw25/share/eecs256aw25/models/ur_description/meshes/ur10/collision
symbolically linking /home/kjames/ros2_ws/build/eecs256aw25/models/ur_description/meshes/ur10/collision/wrist3.stl -> /home/kjames/ros2_ws/install/eecs256aw25/share/eecs256aw25/models/ur_description/meshes/ur10/collision
symbolically linking /home/kjames/ros2_ws/build/eecs256aw25/models/ur_description/meshes/ur10/collision/upperarm.stl -> /home/kjames/ros2_ws/install/eecs256aw25/share/eecs256aw25/models/ur_description/meshes/ur10/collision
symbolically linking /home/kjames/ros2_ws/build/eecs256aw25/models/ur_description/meshes/ur10/collision/base.stl -> /home/kjames/ros2_ws/install/eecs256aw25/share/eecs256aw25/models/ur_description/meshes/ur10/collision
symbolically linking /home/kjames/ros2_ws/build/eecs256aw25/models/ur_description/meshes/ur10/collision/wrist1.stl -> /home/kjames/ros2_ws/install/eecs256aw25/share/eecs256aw25/models/ur_description/meshes/ur10/collision
symbolically linking /home/kjames/ros2_ws/build/eecs256aw25/models/ur_description/meshes/ur10/collision/forearm.stl -> /home/kjames/ros2_ws/install/eecs256aw25/share/eecs256aw25/models/ur_description/meshes/ur10/collision
symbolically linking /home/kjames/ros2_ws/build/eecs256aw25/models/ur_description/meshes/ur10/collision/wrist2.stl -> /home/kjames/ros2_ws/install/eecs256aw25/share/eecs256aw25/models/ur_description/meshes/ur10/collision
creating /home/kjames/ros2_ws/install/eecs256aw25/share/eecs256aw25/models/ur_description/meshes/ur16e
creating /home/kjames/ros2_ws/install/eecs256aw25/share/eecs256aw25/models/ur_description/meshes/ur16e/visual
symbolically linking /home/kjames/ros2_ws/build/eecs256aw25/models/ur_description/meshes/ur16e/visual/upperarm.dae -> /home/kjames/ros2_ws/install/eecs256aw25/share/eecs256aw25/models/ur_description/meshes/ur16e/visual
symbolically linking /home/kjames/ros2_ws/build/eecs256aw25/models/ur_description/meshes/ur16e/visual/forearm.dae -> /home/kjames/ros2_ws/install/eecs256aw25/share/eecs256aw25/models/ur_description/meshes/ur16e/visual
creating /home/kjames/ros2_ws/install/eecs256aw25/share/eecs256aw25/models/ur_description/meshes/ur16e/collision
symbolically linking /home/kjames/ros2_ws/build/eecs256aw25/models/ur_description/meshes/ur16e/collision/upperarm.stl -> /home/kjames/ros2_ws/install/eecs256aw25/share/eecs256aw25/models/ur_description/meshes/ur16e/collision
symbolically linking /home/kjames/ros2_ws/build/eecs256aw25/models/ur_description/meshes/ur16e/collision/forearm.stl -> /home/kjames/ros2_ws/install/eecs256aw25/share/eecs256aw25/models/ur_description/meshes/ur16e/collision
creating /home/kjames/ros2_ws/install/eecs256aw25/share/eecs256aw25/models/ur_description/meshes/ur5
creating /home/kjames/ros2_ws/install/eecs256aw25/share/eecs256aw25/models/ur_description/meshes/ur5/visual
symbolically linking /home/kjames/ros2_ws/build/eecs256aw25/models/ur_description/meshes/ur5/visual/shoulder.dae -> /home/kjames/ros2_ws/install/eecs256aw25/share/eecs256aw25/models/ur_description/meshes/ur5/visual
symbolically linking /home/kjames/ros2_ws/build/eecs256aw25/models/ur_description/meshes/ur5/visual/wrist3.dae -> /home/kjames/ros2_ws/install/eecs256aw25/share/eecs256aw25/models/ur_description/meshes/ur5/visual
symbolically linking /home/kjames/ros2_ws/build/eecs256aw25/models/ur_description/meshes/ur5/visual/upperarm.dae -> /home/kjames/ros2_ws/install/eecs256aw25/share/eecs256aw25/models/ur_description/meshes/ur5/visual
symbolically linking /home/kjames/ros2_ws/build/eecs256aw25/models/ur_description/meshes/ur5/visual/wrist1.dae -> /home/kjames/ros2_ws/install/eecs256aw25/share/eecs256aw25/models/ur_description/meshes/ur5/visual
symbolically linking /home/kjames/ros2_ws/build/eecs256aw25/models/ur_description/meshes/ur5/visual/base.dae -> /home/kjames/ros2_ws/install/eecs256aw25/share/eecs256aw25/models/ur_description/meshes/ur5/visual
symbolically linking /home/kjames/ros2_ws/build/eecs256aw25/models/ur_description/meshes/ur5/visual/forearm.dae -> /home/kjames/ros2_ws/install/eecs256aw25/share/eecs256aw25/models/ur_description/meshes/ur5/visual
symbolically linking /home/kjames/ros2_ws/build/eecs256aw25/models/ur_description/meshes/ur5/visual/wrist2.dae -> /home/kjames/ros2_ws/install/eecs256aw25/share/eecs256aw25/models/ur_description/meshes/ur5/visual
creating /home/kjames/ros2_ws/install/eecs256aw25/share/eecs256aw25/models/ur_description/meshes/ur5/collision
symbolically linking /home/kjames/ros2_ws/build/eecs256aw25/models/ur_description/meshes/ur5/collision/shoulder.stl -> /home/kjames/ros2_ws/install/eecs256aw25/share/eecs256aw25/models/ur_description/meshes/ur5/collision
symbolically linking /home/kjames/ros2_ws/build/eecs256aw25/models/ur_description/meshes/ur5/collision/wrist3.stl -> /home/kjames/ros2_ws/install/eecs256aw25/share/eecs256aw25/models/ur_description/meshes/ur5/collision
symbolically linking /home/kjames/ros2_ws/build/eecs256aw25/models/ur_description/meshes/ur5/collision/upperarm.stl -> /home/kjames/ros2_ws/install/eecs256aw25/share/eecs256aw25/models/ur_description/meshes/ur5/collision
symbolically linking /home/kjames/ros2_ws/build/eecs256aw25/models/ur_description/meshes/ur5/collision/base.stl -> /home/kjames/ros2_ws/install/eecs256aw25/share/eecs256aw25/models/ur_description/meshes/ur5/collision
symbolically linking /home/kjames/ros2_ws/build/eecs256aw25/models/ur_description/meshes/ur5/collision/wrist1.stl -> /home/kjames/ros2_ws/install/eecs256aw25/share/eecs256aw25/models/ur_description/meshes/ur5/collision
symbolically linking /home/kjames/ros2_ws/build/eecs256aw25/models/ur_description/meshes/ur5/collision/forearm.stl -> /home/kjames/ros2_ws/install/eecs256aw25/share/eecs256aw25/models/ur_description/meshes/ur5/collision
symbolically linking /home/kjames/ros2_ws/build/eecs256aw25/models/ur_description/meshes/ur5/collision/wrist2.stl -> /home/kjames/ros2_ws/install/eecs256aw25/share/eecs256aw25/models/ur_description/meshes/ur5/collision
creating /home/kjames/ros2_ws/install/eecs256aw25/share/eecs256aw25/models/ur_description/meshes/ur8long
symbolically linking /home/kjames/ros2_ws/build/eecs256aw25/models/ur_description/meshes/ur8long/LICENSE.txt -> /home/kjames/ros2_ws/install/eecs256aw25/share/eecs256aw25/models/ur_description/meshes/ur8long
creating /home/kjames/ros2_ws/install/eecs256aw25/share/eecs256aw25/models/ur_description/meshes/ur8long/visual
symbolically linking /home/kjames/ros2_ws/build/eecs256aw25/models/ur_description/meshes/ur8long/visual/UR8Long_DIFF_8bit_2K.jpg -> /home/kjames/ros2_ws/install/eecs256aw25/share/eecs256aw25/models/ur_description/meshes/ur8long/visual
symbolically linking /home/kjames/ros2_ws/build/eecs256aw25/models/ur_description/meshes/ur8long/visual/upperarm.dae -> /home/kjames/ros2_ws/install/eecs256aw25/share/eecs256aw25/models/ur_description/meshes/ur8long/visual
symbolically linking /home/kjames/ros2_ws/build/eecs256aw25/models/ur_description/meshes/ur8long/visual/forearm.dae -> /home/kjames/ros2_ws/install/eecs256aw25/share/eecs256aw25/models/ur_description/meshes/ur8long/visual
creating /home/kjames/ros2_ws/install/eecs256aw25/share/eecs256aw25/models/ur_description/meshes/ur8long/collision
symbolically linking /home/kjames/ros2_ws/build/eecs256aw25/models/ur_description/meshes/ur8long/collision/upperarm.stl -> /home/kjames/ros2_ws/install/eecs256aw25/share/eecs256aw25/models/ur_description/meshes/ur8long/collision
symbolically linking /home/kjames/ros2_ws/build/eecs256aw25/models/ur_description/meshes/ur8long/collision/forearm.stl -> /home/kjames/ros2_ws/install/eecs256aw25/share/eecs256aw25/models/ur_description/meshes/ur8long/collision
creating /home/kjames/ros2_ws/install/eecs256aw25/share/eecs256aw25/models/ur_description/meshes/ur3e
creating /home/kjames/ros2_ws/install/eecs256aw25/share/eecs256aw25/models/ur_description/meshes/ur3e/visual
symbolically linking /home/kjames/ros2_ws/build/eecs256aw25/models/ur_description/meshes/ur3e/visual/shoulder.dae -> /home/kjames/ros2_ws/install/eecs256aw25/share/eecs256aw25/models/ur_description/meshes/ur3e/visual
symbolically linking /home/kjames/ros2_ws/build/eecs256aw25/models/ur_description/meshes/ur3e/visual/wrist3.dae -> /home/kjames/ros2_ws/install/eecs256aw25/share/eecs256aw25/models/ur_description/meshes/ur3e/visual
symbolically linking /home/kjames/ros2_ws/build/eecs256aw25/models/ur_description/meshes/ur3e/visual/upperarm.dae -> /home/kjames/ros2_ws/install/eecs256aw25/share/eecs256aw25/models/ur_description/meshes/ur3e/visual
symbolically linking /home/kjames/ros2_ws/build/eecs256aw25/models/ur_description/meshes/ur3e/visual/wrist1.dae -> /home/kjames/ros2_ws/install/eecs256aw25/share/eecs256aw25/models/ur_description/meshes/ur3e/visual
symbolically linking /home/kjames/ros2_ws/build/eecs256aw25/models/ur_description/meshes/ur3e/visual/base.dae -> /home/kjames/ros2_ws/install/eecs256aw25/share/eecs256aw25/models/ur_description/meshes/ur3e/visual
symbolically linking /home/kjames/ros2_ws/build/eecs256aw25/models/ur_description/meshes/ur3e/visual/forearm.dae -> /home/kjames/ros2_ws/install/eecs256aw25/share/eecs256aw25/models/ur_description/meshes/ur3e/visual
symbolically linking /home/kjames/ros2_ws/build/eecs256aw25/models/ur_description/meshes/ur3e/visual/wrist2.dae -> /home/kjames/ros2_ws/install/eecs256aw25/share/eecs256aw25/models/ur_description/meshes/ur3e/visual
creating /home/kjames/ros2_ws/install/eecs256aw25/share/eecs256aw25/models/ur_description/meshes/ur3e/collision
symbolically linking /home/kjames/ros2_ws/build/eecs256aw25/models/ur_description/meshes/ur3e/collision/shoulder.stl -> /home/kjames/ros2_ws/install/eecs256aw25/share/eecs256aw25/models/ur_description/meshes/ur3e/collision
symbolically linking /home/kjames/ros2_ws/build/eecs256aw25/models/ur_description/meshes/ur3e/collision/wrist3.stl -> /home/kjames/ros2_ws/install/eecs256aw25/share/eecs256aw25/models/ur_description/meshes/ur3e/collision
symbolically linking /home/kjames/ros2_ws/build/eecs256aw25/models/ur_description/meshes/ur3e/collision/upperarm.stl -> /home/kjames/ros2_ws/install/eecs256aw25/share/eecs256aw25/models/ur_description/meshes/ur3e/collision
symbolically linking /home/kjames/ros2_ws/build/eecs256aw25/models/ur_description/meshes/ur3e/collision/base.stl -> /home/kjames/ros2_ws/install/eecs256aw25/share/eecs256aw25/models/ur_description/meshes/ur3e/collision
symbolically linking /home/kjames/ros2_ws/build/eecs256aw25/models/ur_description/meshes/ur3e/collision/wrist1.stl -> /home/kjames/ros2_ws/install/eecs256aw25/share/eecs256aw25/models/ur_description/meshes/ur3e/collision
symbolically linking /home/kjames/ros2_ws/build/eecs256aw25/models/ur_description/meshes/ur3e/collision/forearm.stl -> /home/kjames/ros2_ws/install/eecs256aw25/share/eecs256aw25/models/ur_description/meshes/ur3e/collision
symbolically linking /home/kjames/ros2_ws/build/eecs256aw25/models/ur_description/meshes/ur3e/collision/wrist2.stl -> /home/kjames/ros2_ws/install/eecs256aw25/share/eecs256aw25/models/ur_description/meshes/ur3e/collision
creating /home/kjames/ros2_ws/install/eecs256aw25/share/eecs256aw25/models/ur_description/meshes/ur10e
creating /home/kjames/ros2_ws/install/eecs256aw25/share/eecs256aw25/models/ur_description/meshes/ur10e/visual
symbolically linking /home/kjames/ros2_ws/build/eecs256aw25/models/ur_description/meshes/ur10e/visual/shoulder.dae -> /home/kjames/ros2_ws/install/eecs256aw25/share/eecs256aw25/models/ur_description/meshes/ur10e/visual
symbolically linking /home/kjames/ros2_ws/build/eecs256aw25/models/ur_description/meshes/ur10e/visual/wrist3.dae -> /home/kjames/ros2_ws/install/eecs256aw25/share/eecs256aw25/models/ur_description/meshes/ur10e/visual
symbolically linking /home/kjames/ros2_ws/build/eecs256aw25/models/ur_description/meshes/ur10e/visual/upperarm.dae -> /home/kjames/ros2_ws/install/eecs256aw25/share/eecs256aw25/models/ur_description/meshes/ur10e/visual
symbolically linking /home/kjames/ros2_ws/build/eecs256aw25/models/ur_description/meshes/ur10e/visual/wrist1.dae -> /home/kjames/ros2_ws/install/eecs256aw25/share/eecs256aw25/models/ur_description/meshes/ur10e/visual
symbolically linking /home/kjames/ros2_ws/build/eecs256aw25/models/ur_description/meshes/ur10e/visual/base.dae -> /home/kjames/ros2_ws/install/eecs256aw25/share/eecs256aw25/models/ur_description/meshes/ur10e/visual
symbolically linking /home/kjames/ros2_ws/build/eecs256aw25/models/ur_description/meshes/ur10e/visual/forearm.dae -> /home/kjames/ros2_ws/install/eecs256aw25/share/eecs256aw25/models/ur_description/meshes/ur10e/visual
symbolically linking /home/kjames/ros2_ws/build/eecs256aw25/models/ur_description/meshes/ur10e/visual/wrist2.dae -> /home/kjames/ros2_ws/install/eecs256aw25/share/eecs256aw25/models/ur_description/meshes/ur10e/visual
creating /home/kjames/ros2_ws/install/eecs256aw25/share/eecs256aw25/models/ur_description/meshes/ur10e/collision
symbolically linking /home/kjames/ros2_ws/build/eecs256aw25/models/ur_description/meshes/ur10e/collision/shoulder.stl -> /home/kjames/ros2_ws/install/eecs256aw25/share/eecs256aw25/models/ur_description/meshes/ur10e/collision
symbolically linking /home/kjames/ros2_ws/build/eecs256aw25/models/ur_description/meshes/ur10e/collision/wrist3.stl -> /home/kjames/ros2_ws/install/eecs256aw25/share/eecs256aw25/models/ur_description/meshes/ur10e/collision
symbolically linking /home/kjames/ros2_ws/build/eecs256aw25/models/ur_description/meshes/ur10e/collision/upperarm.stl -> /home/kjames/ros2_ws/install/eecs256aw25/share/eecs256aw25/models/ur_description/meshes/ur10e/collision
symbolically linking /home/kjames/ros2_ws/build/eecs256aw25/models/ur_description/meshes/ur10e/collision/base.stl -> /home/kjames/ros2_ws/install/eecs256aw25/share/eecs256aw25/models/ur_description/meshes/ur10e/collision
symbolically linking /home/kjames/ros2_ws/build/eecs256aw25/models/ur_description/meshes/ur10e/collision/wrist1.stl -> /home/kjames/ros2_ws/install/eecs256aw25/share/eecs256aw25/models/ur_description/meshes/ur10e/collision
symbolically linking /home/kjames/ros2_ws/build/eecs256aw25/models/ur_description/meshes/ur10e/collision/forearm.stl -> /home/kjames/ros2_ws/install/eecs256aw25/share/eecs256aw25/models/ur_description/meshes/ur10e/collision
symbolically linking /home/kjames/ros2_ws/build/eecs256aw25/models/ur_description/meshes/ur10e/collision/wrist2.stl -> /home/kjames/ros2_ws/install/eecs256aw25/share/eecs256aw25/models/ur_description/meshes/ur10e/collision
creating /home/kjames/ros2_ws/install/eecs256aw25/share/eecs256aw25/models/ur_description/meshes/ur15
symbolically linking /home/kjames/ros2_ws/build/eecs256aw25/models/ur_description/meshes/ur15/LICENSE.txt -> /home/kjames/ros2_ws/install/eecs256aw25/share/eecs256aw25/models/ur_description/meshes/ur15
creating /home/kjames/ros2_ws/install/eecs256aw25/share/eecs256aw25/models/ur_description/meshes/ur15/visual
symbolically linking /home/kjames/ros2_ws/build/eecs256aw25/models/ur_description/meshes/ur15/visual/shoulder.dae -> /home/kjames/ros2_ws/install/eecs256aw25/share/eecs256aw25/models/ur_description/meshes/ur15/visual
symbolically linking /home/kjames/ros2_ws/build/eecs256aw25/models/ur_description/meshes/ur15/visual/wrist3.dae -> /home/kjames/ros2_ws/install/eecs256aw25/share/eecs256aw25/models/ur_description/meshes/ur15/visual
symbolically linking /home/kjames/ros2_ws/build/eecs256aw25/models/ur_description/meshes/ur15/visual/UR15_DIFF_8bit_2K.jpg -> /home/kjames/ros2_ws/install/eecs256aw25/share/eecs256aw25/models/ur_description/meshes/ur15/visual
symbolically linking /home/kjames/ros2_ws/build/eecs256aw25/models/ur_description/meshes/ur15/visual/upperarm.dae -> /home/kjames/ros2_ws/install/eecs256aw25/share/eecs256aw25/models/ur_description/meshes/ur15/visual
symbolically linking /home/kjames/ros2_ws/build/eecs256aw25/models/ur_description/meshes/ur15/visual/wrist1.dae -> /home/kjames/ros2_ws/install/eecs256aw25/share/eecs256aw25/models/ur_description/meshes/ur15/visual
symbolically linking /home/kjames/ros2_ws/build/eecs256aw25/models/ur_description/meshes/ur15/visual/base.dae -> /home/kjames/ros2_ws/install/eecs256aw25/share/eecs256aw25/models/ur_description/meshes/ur15/visual
symbolically linking /home/kjames/ros2_ws/build/eecs256aw25/models/ur_description/meshes/ur15/visual/forearm.dae -> /home/kjames/ros2_ws/install/eecs256aw25/share/eecs256aw25/models/ur_description/meshes/ur15/visual
symbolically linking /home/kjames/ros2_ws/build/eecs256aw25/models/ur_description/meshes/ur15/visual/wrist2.dae -> /home/kjames/ros2_ws/install/eecs256aw25/share/eecs256aw25/models/ur_description/meshes/ur15/visual
creating /home/kjames/ros2_ws/install/eecs256aw25/share/eecs256aw25/models/ur_description/meshes/ur15/collision
symbolically linking /home/kjames/ros2_ws/build/eecs256aw25/models/ur_description/meshes/ur15/collision/shoulder.stl -> /home/kjames/ros2_ws/install/eecs256aw25/share/eecs256aw25/models/ur_description/meshes/ur15/collision
symbolically linking /home/kjames/ros2_ws/build/eecs256aw25/models/ur_description/meshes/ur15/collision/wrist3.stl -> /home/kjames/ros2_ws/install/eecs256aw25/share/eecs256aw25/models/ur_description/meshes/ur15/collision
symbolically linking /home/kjames/ros2_ws/build/eecs256aw25/models/ur_description/meshes/ur15/collision/upperarm.stl -> /home/kjames/ros2_ws/install/eecs256aw25/share/eecs256aw25/models/ur_description/meshes/ur15/collision
symbolically linking /home/kjames/ros2_ws/build/eecs256aw25/models/ur_description/meshes/ur15/collision/base.stl -> /home/kjames/ros2_ws/install/eecs256aw25/share/eecs256aw25/models/ur_description/meshes/ur15/collision
symbolically linking /home/kjames/ros2_ws/build/eecs256aw25/models/ur_description/meshes/ur15/collision/wrist1.stl -> /home/kjames/ros2_ws/install/eecs256aw25/share/eecs256aw25/models/ur_description/meshes/ur15/collision
symbolically linking /home/kjames/ros2_ws/build/eecs256aw25/models/ur_description/meshes/ur15/collision/forearm.stl -> /home/kjames/ros2_ws/install/eecs256aw25/share/eecs256aw25/models/ur_description/meshes/ur15/collision
symbolically linking /home/kjames/ros2_ws/build/eecs256aw25/models/ur_description/meshes/ur15/collision/wrist2.stl -> /home/kjames/ros2_ws/install/eecs256aw25/share/eecs256aw25/models/ur_description/meshes/ur15/collision
creating /home/kjames/ros2_ws/install/eecs256aw25/share/eecs256aw25/models/ur_description/rviz
symbolically linking /home/kjames/ros2_ws/build/eecs256aw25/models/ur_description/rviz/view_robot.rviz -> /home/kjames/ros2_ws/install/eecs256aw25/share/eecs256aw25/models/ur_description/rviz
creating /home/kjames/ros2_ws/install/eecs256aw25/share/eecs256aw25/models/ur_description/.github
creating /home/kjames/ros2_ws/install/eecs256aw25/share/eecs256aw25/models/ur_description/.github/workflows
symbolically linking /home/kjames/ros2_ws/build/eecs256aw25/models/ur_description/.github/workflows/reusable_ici.yml -> /home/kjames/ros2_ws/install/eecs256aw25/share/eecs256aw25/models/ur_description/.github/workflows
symbolically linking /home/kjames/ros2_ws/build/eecs256aw25/models/ur_description/.github/workflows/ci-ros-lint.yml -> /home/kjames/ros2_ws/install/eecs256aw25/share/eecs256aw25/models/ur_description/.github/workflows
symbolically linking /home/kjames/ros2_ws/build/eecs256aw25/models/ur_description/.github/workflows/ci-format.yml -> /home/kjames/ros2_ws/install/eecs256aw25/share/eecs256aw25/models/ur_description/.github/workflows
symbolically linking /home/kjames/ros2_ws/build/eecs256aw25/models/ur_description/.github/workflows/jazzy-binary-main.yml -> /home/kjames/ros2_ws/install/eecs256aw25/share/eecs256aw25/models/ur_description/.github/workflows
symbolically linking /home/kjames/ros2_ws/build/eecs256aw25/models/ur_description/.github/workflows/update-ci.yml -> /home/kjames/ros2_ws/install/eecs256aw25/share/eecs256aw25/models/ur_description/.github/workflows
symbolically linking /home/kjames/ros2_ws/build/eecs256aw25/models/ur_description/.github/workflows/jazzy-binary-testing.yml -> /home/kjames/ros2_ws/install/eecs256aw25/share/eecs256aw25/models/ur_description/.github/workflows
symbolically linking /home/kjames/ros2_ws/build/eecs256aw25/models/ur_description/.github/workflows/sphinx_build.yml -> /home/kjames/ros2_ws/install/eecs256aw25/share/eecs256aw25/models/ur_description/.github/workflows
symbolically linking /home/kjames/ros2_ws/build/eecs256aw25/models/ur_description/.github/workflows/prerelease.yml -> /home/kjames/ros2_ws/install/eecs256aw25/share/eecs256aw25/models/ur_description/.github/workflows
creating /home/kjames/ros2_ws/install/eecs256aw25/share/eecs256aw25/models/ur_description/test
symbolically linking /home/kjames/ros2_ws/build/eecs256aw25/models/ur_description/test/test_view_ur_launch.py -> /home/kjames/ros2_ws/install/eecs256aw25/share/eecs256aw25/models/ur_description/test
symbolically linking /home/kjames/ros2_ws/build/eecs256aw25/models/ur_description/test/test_ur_urdf_xacro.py -> /home/kjames/ros2_ws/install/eecs256aw25/share/eecs256aw25/models/ur_description/test
creating /home/kjames/ros2_ws/install/eecs256aw25/share/eecs256aw25/models/ur_description/.git
symbolically linking /home/kjames/ros2_ws/build/eecs256aw25/models/ur_description/.git/index -> /home/kjames/ros2_ws/install/eecs256aw25/share/eecs256aw25/models/ur_description/.git
symbolically linking /home/kjames/ros2_ws/build/eecs256aw25/models/ur_description/.git/HEAD -> /home/kjames/ros2_ws/install/eecs256aw25/share/eecs256aw25/models/ur_description/.git
symbolically linking /home/kjames/ros2_ws/build/eecs256aw25/models/ur_description/.git/config -> /home/kjames/ros2_ws/install/eecs256aw25/share/eecs256aw25/models/ur_description/.git
symbolically linking /home/kjames/ros2_ws/build/eecs256aw25/models/ur_description/.git/description -> /home/kjames/ros2_ws/install/eecs256aw25/share/eecs256aw25/models/ur_description/.git
symbolically linking /home/kjames/ros2_ws/build/eecs256aw25/models/ur_description/.git/packed-refs -> /home/kjames/ros2_ws/install/eecs256aw25/share/eecs256aw25/models/ur_description/.git
creating /home/kjames/ros2_ws/install/eecs256aw25/share/eecs256aw25/models/ur_description/.git/hooks
symbolically linking /home/kjames/ros2_ws/build/eecs256aw25/models/ur_description/.git/hooks/pre-merge-commit.sample -> /home/kjames/ros2_ws/install/eecs256aw25/share/eecs256aw25/models/ur_description/.git/hooks
symbolically linking /home/kjames/ros2_ws/build/eecs256aw25/models/ur_description/.git/hooks/fsmonitor-watchman.sample -> /home/kjames/ros2_ws/install/eecs256aw25/share/eecs256aw25/models/ur_description/.git/hooks
symbolically linking /home/kjames/ros2_ws/build/eecs256aw25/models/ur_description/.git/hooks/pre-push.sample -> /home/kjames/ros2_ws/install/eecs256aw25/share/eecs256aw25/models/ur_description/.git/hooks
symbolically linking /home/kjames/ros2_ws/build/eecs256aw25/models/ur_description/.git/hooks/pre-applypatch.sample -> /home/kjames/ros2_ws/install/eecs256aw25/share/eecs256aw25/models/ur_description/.git/hooks
symbolically linking /home/kjames/ros2_ws/build/eecs256aw25/models/ur_description/.git/hooks/post-update.sample -> /home/kjames/ros2_ws/install/eecs256aw25/share/eecs256aw25/models/ur_description/.git/hooks
symbolically linking /home/kjames/ros2_ws/build/eecs256aw25/models/ur_description/.git/hooks/push-to-checkout.sample -> /home/kjames/ros2_ws/install/eecs256aw25/share/eecs256aw25/models/ur_description/.git/hooks
symbolically linking /home/kjames/ros2_ws/build/eecs256aw25/models/ur_description/.git/hooks/update.sample -> /home/kjames/ros2_ws/install/eecs256aw25/share/eecs256aw25/models/ur_description/.git/hooks
symbolically linking /home/kjames/ros2_ws/build/eecs256aw25/models/ur_description/.git/hooks/pre-rebase.sample -> /home/kjames/ros2_ws/install/eecs256aw25/share/eecs256aw25/models/ur_description/.git/hooks
symbolically linking /home/kjames/ros2_ws/build/eecs256aw25/models/ur_description/.git/hooks/commit-msg.sample -> /home/kjames/ros2_ws/install/eecs256aw25/share/eecs256aw25/models/ur_description/.git/hooks
symbolically linking /home/kjames/ros2_ws/build/eecs256aw25/models/ur_description/.git/hooks/pre-receive.sample -> /home/kjames/ros2_ws/install/eecs256aw25/share/eecs256aw25/models/ur_description/.git/hooks
symbolically linking /home/kjames/ros2_ws/build/eecs256aw25/models/ur_description/.git/hooks/prepare-commit-msg.sample -> /home/kjames/ros2_ws/install/eecs256aw25/share/eecs256aw25/models/ur_description/.git/hooks
symbolically linking /home/kjames/ros2_ws/build/eecs256aw25/models/ur_description/.git/hooks/pre-commit.sample -> /home/kjames/ros2_ws/install/eecs256aw25/share/eecs256aw25/models/ur_description/.git/hooks
symbolically linking /home/kjames/ros2_ws/build/eecs256aw25/models/ur_description/.git/hooks/applypatch-msg.sample -> /home/kjames/ros2_ws/install/eecs256aw25/share/eecs256aw25/models/ur_description/.git/hooks
symbolically linking /home/kjames/ros2_ws/build/eecs256aw25/models/ur_description/.git/hooks/sendemail-validate.sample -> /home/kjames/ros2_ws/install/eecs256aw25/share/eecs256aw25/models/ur_description/.git/hooks
creating /home/kjames/ros2_ws/install/eecs256aw25/share/eecs256aw25/models/ur_description/.git/info
symbolically linking /home/kjames/ros2_ws/build/eecs256aw25/models/ur_description/.git/info/exclude -> /home/kjames/ros2_ws/install/eecs256aw25/share/eecs256aw25/models/ur_description/.git/info
creating /home/kjames/ros2_ws/install/eecs256aw25/share/eecs256aw25/models/ur_description/.git/objects
creating /home/kjames/ros2_ws/install/eecs256aw25/share/eecs256aw25/models/ur_description/.git/objects/pack
symbolically linking /home/kjames/ros2_ws/build/eecs256aw25/models/ur_description/.git/objects/pack/pack-91c94882fe185c60c3e158d14636bc19d45994aa.idx -> /home/kjames/ros2_ws/install/eecs256aw25/share/eecs256aw25/models/ur_description/.git/objects/pack
symbolically linking /home/kjames/ros2_ws/build/eecs256aw25/models/ur_description/.git/objects/pack/pack-91c94882fe185c60c3e158d14636bc19d45994aa.rev -> /home/kjames/ros2_ws/install/eecs256aw25/share/eecs256aw25/models/ur_description/.git/objects/pack
symbolically linking /home/kjames/ros2_ws/build/eecs256aw25/models/ur_description/.git/objects/pack/pack-91c94882fe185c60c3e158d14636bc19d45994aa.pack -> /home/kjames/ros2_ws/install/eecs256aw25/share/eecs256aw25/models/ur_description/.git/objects/pack
creating /home/kjames/ros2_ws/install/eecs256aw25/share/eecs256aw25/models/ur_description/.git/logs
symbolically linking /home/kjames/ros2_ws/build/eecs256aw25/models/ur_description/.git/logs/HEAD -> /home/kjames/ros2_ws/install/eecs256aw25/share/eecs256aw25/models/ur_description/.git/logs
creating /home/kjames/ros2_ws/install/eecs256aw25/share/eecs256aw25/models/ur_description/.git/logs/refs
creating /home/kjames/ros2_ws/install/eecs256aw25/share/eecs256aw25/models/ur_description/.git/logs/refs/remotes
creating /home/kjames/ros2_ws/install/eecs256aw25/share/eecs256aw25/models/ur_description/.git/logs/refs/remotes/origin
symbolically linking /home/kjames/ros2_ws/build/eecs256aw25/models/ur_description/.git/logs/refs/remotes/origin/HEAD -> /home/kjames/ros2_ws/install/eecs256aw25/share/eecs256aw25/models/ur_description/.git/logs/refs/remotes/origin
creating /home/kjames/ros2_ws/install/eecs256aw25/share/eecs256aw25/models/ur_description/.git/logs/refs/heads
symbolically linking /home/kjames/ros2_ws/build/eecs256aw25/models/ur_description/.git/logs/refs/heads/jazzy -> /home/kjames/ros2_ws/install/eecs256aw25/share/eecs256aw25/models/ur_description/.git/logs/refs/heads
creating /home/kjames/ros2_ws/install/eecs256aw25/share/eecs256aw25/models/ur_description/.git/refs
creating /home/kjames/ros2_ws/install/eecs256aw25/share/eecs256aw25/models/ur_description/.git/refs/remotes
creating /home/kjames/ros2_ws/install/eecs256aw25/share/eecs256aw25/models/ur_description/.git/refs/remotes/origin
symbolically linking /home/kjames/ros2_ws/build/eecs256aw25/models/ur_description/.git/refs/remotes/origin/HEAD -> /home/kjames/ros2_ws/install/eecs256aw25/share/eecs256aw25/models/ur_description/.git/refs/remotes/origin
creating /home/kjames/ros2_ws/install/eecs256aw25/share/eecs256aw25/models/ur_description/.git/refs/heads
symbolically linking /home/kjames/ros2_ws/build/eecs256aw25/models/ur_description/.git/refs/heads/jazzy -> /home/kjames/ros2_ws/install/eecs256aw25/share/eecs256aw25/models/ur_description/.git/refs/heads
creating /home/kjames/ros2_ws/install/eecs256aw25/share/eecs256aw25/models/ur_description/launch
symbolically linking /home/kjames/ros2_ws/build/eecs256aw25/models/ur_description/launch/view_ur.launch.py -> /home/kjames/ros2_ws/install/eecs256aw25/share/eecs256aw25/models/ur_description/launch
creating /home/kjames/ros2_ws/install/eecs256aw25/share/eecs256aw25/models/husky_description
symbolically linking /home/kjames/ros2_ws/build/eecs256aw25/models/husky_description/CHANGELOG.rst -> /home/kjames/ros2_ws/install/eecs256aw25/share/eecs256aw25/models/husky_description
symbolically linking /home/kjames/ros2_ws/build/eecs256aw25/models/husky_description/package.xml -> /home/kjames/ros2_ws/install/eecs256aw25/share/eecs256aw25/models/husky_description
symbolically linking /home/kjames/ros2_ws/build/eecs256aw25/models/husky_description/CMakeLists.txt -> /home/kjames/ros2_ws/install/eecs256aw25/share/eecs256aw25/models/husky_description
creating /home/kjames/ros2_ws/install/eecs256aw25/share/eecs256aw25/models/husky_description/urdf
symbolically linking /home/kjames/ros2_ws/build/eecs256aw25/models/husky_description/urdf/husky.urdf.xacro -> /home/kjames/ros2_ws/install/eecs256aw25/share/eecs256aw25/models/husky_description/urdf
symbolically linking /home/kjames/ros2_ws/build/eecs256aw25/models/husky_description/urdf/decorations.urdf.xacro -> /home/kjames/ros2_ws/install/eecs256aw25/share/eecs256aw25/models/husky_description/urdf
symbolically linking /home/kjames/ros2_ws/build/eecs256aw25/models/husky_description/urdf/empty.urdf -> /home/kjames/ros2_ws/install/eecs256aw25/share/eecs256aw25/models/husky_description/urdf
symbolically linking /home/kjames/ros2_ws/build/eecs256aw25/models/husky_description/urdf/husky_macro.urdf.xacro -> /home/kjames/ros2_ws/install/eecs256aw25/share/eecs256aw25/models/husky_description/urdf
symbolically linking /home/kjames/ros2_ws/build/eecs256aw25/models/husky_description/urdf/wheel.urdf.xacro -> /home/kjames/ros2_ws/install/eecs256aw25/share/eecs256aw25/models/husky_description/urdf
creating /home/kjames/ros2_ws/install/eecs256aw25/share/eecs256aw25/models/husky_description/urdf/accessories
symbolically linking /home/kjames/ros2_ws/build/eecs256aw25/models/husky_description/urdf/accessories/sick_lms1xx_mount.urdf.xacro -> /home/kjames/ros2_ws/install/eecs256aw25/share/eecs256aw25/models/husky_description/urdf/accessories
symbolically linking /home/kjames/ros2_ws/build/eecs256aw25/models/husky_description/urdf/accessories/intel_realsense.urdf.xacro -> /home/kjames/ros2_ws/install/eecs256aw25/share/eecs256aw25/models/husky_description/urdf/accessories
symbolically linking /home/kjames/ros2_ws/build/eecs256aw25/models/husky_description/urdf/accessories/sensor_arch.urdf.xacro -> /home/kjames/ros2_ws/install/eecs256aw25/share/eecs256aw25/models/husky_description/urdf/accessories
creating /home/kjames/ros2_ws/install/eecs256aw25/share/eecs256aw25/models/husky_description/meshes
symbolically linking /home/kjames/ros2_ws/build/eecs256aw25/models/husky_description/meshes/large_top_plate.dae -> /home/kjames/ros2_ws/install/eecs256aw25/share/eecs256aw25/models/husky_description/meshes
symbolically linking /home/kjames/ros2_ws/build/eecs256aw25/models/husky_description/meshes/user_rail.stl -> /home/kjames/ros2_ws/install/eecs256aw25/share/eecs256aw25/models/husky_description/meshes
symbolically linking /home/kjames/ros2_ws/build/eecs256aw25/models/husky_description/meshes/top_plate.dae -> /home/kjames/ros2_ws/install/eecs256aw25/share/eecs256aw25/models/husky_description/meshes
symbolically linking /home/kjames/ros2_ws/build/eecs256aw25/models/husky_description/meshes/top_plate.stl -> /home/kjames/ros2_ws/install/eecs256aw25/share/eecs256aw25/models/husky_description/meshes
symbolically linking /home/kjames/ros2_ws/build/eecs256aw25/models/husky_description/meshes/base_link.stl -> /home/kjames/ros2_ws/install/eecs256aw25/share/eecs256aw25/models/husky_description/meshes
symbolically linking /home/kjames/ros2_ws/build/eecs256aw25/models/husky_description/meshes/wheel.dae -> /home/kjames/ros2_ws/install/eecs256aw25/share/eecs256aw25/models/husky_description/meshes
symbolically linking /home/kjames/ros2_ws/build/eecs256aw25/models/husky_description/meshes/wheel.stl -> /home/kjames/ros2_ws/install/eecs256aw25/share/eecs256aw25/models/husky_description/meshes
symbolically linking /home/kjames/ros2_ws/build/eecs256aw25/models/husky_description/meshes/top_chassis.dae -> /home/kjames/ros2_ws/install/eecs256aw25/share/eecs256aw25/models/husky_description/meshes
symbolically linking /home/kjames/ros2_ws/build/eecs256aw25/models/husky_description/meshes/bumper_extension.dae -> /home/kjames/ros2_ws/install/eecs256aw25/share/eecs256aw25/models/husky_description/meshes
symbolically linking /home/kjames/ros2_ws/build/eecs256aw25/models/husky_description/meshes/top_chassis.stl -> /home/kjames/ros2_ws/install/eecs256aw25/share/eecs256aw25/models/husky_description/meshes
symbolically linking /home/kjames/ros2_ws/build/eecs256aw25/models/husky_description/meshes/user_rail.dae -> /home/kjames/ros2_ws/install/eecs256aw25/share/eecs256aw25/models/husky_description/meshes
symbolically linking /home/kjames/ros2_ws/build/eecs256aw25/models/husky_description/meshes/bumper.dae -> /home/kjames/ros2_ws/install/eecs256aw25/share/eecs256aw25/models/husky_description/meshes
symbolically linking /home/kjames/ros2_ws/build/eecs256aw25/models/husky_description/meshes/base_link.dae -> /home/kjames/ros2_ws/install/eecs256aw25/share/eecs256aw25/models/husky_description/meshes
symbolically linking /home/kjames/ros2_ws/build/eecs256aw25/models/husky_description/meshes/large_top_plate_collision.stl -> /home/kjames/ros2_ws/install/eecs256aw25/share/eecs256aw25/models/husky_description/meshes
creating /home/kjames/ros2_ws/install/eecs256aw25/share/eecs256aw25/models/husky_description/meshes/accessories
symbolically linking /home/kjames/ros2_ws/build/eecs256aw25/models/husky_description/meshes/accessories/300_mm_sensor_arch.dae -> /home/kjames/ros2_ws/install/eecs256aw25/share/eecs256aw25/models/husky_description/meshes/accessories
symbolically linking /home/kjames/ros2_ws/build/eecs256aw25/models/husky_description/meshes/accessories/lms1xx_mount.dae -> /home/kjames/ros2_ws/install/eecs256aw25/share/eecs256aw25/models/husky_description/meshes/accessories
symbolically linking /home/kjames/ros2_ws/build/eecs256aw25/models/husky_description/meshes/accessories/510_mm_sensor_arch.stl -> /home/kjames/ros2_ws/install/eecs256aw25/share/eecs256aw25/models/husky_description/meshes/accessories
symbolically linking /home/kjames/ros2_ws/build/eecs256aw25/models/husky_description/meshes/accessories/lidar_mount.stl -> /home/kjames/ros2_ws/install/eecs256aw25/share/eecs256aw25/models/husky_description/meshes/accessories
symbolically linking /home/kjames/ros2_ws/build/eecs256aw25/models/husky_description/meshes/accessories/510_mm_sensor_arch.dae -> /home/kjames/ros2_ws/install/eecs256aw25/share/eecs256aw25/models/husky_description/meshes/accessories
symbolically linking /home/kjames/ros2_ws/build/eecs256aw25/models/husky_description/meshes/accessories/lms1xx_mount.stl -> /home/kjames/ros2_ws/install/eecs256aw25/share/eecs256aw25/models/husky_description/meshes/accessories
symbolically linking /home/kjames/ros2_ws/build/eecs256aw25/models/husky_description/meshes/accessories/300_mm_sensor_arch.stl -> /home/kjames/ros2_ws/install/eecs256aw25/share/eecs256aw25/models/husky_description/meshes/accessories
creating /home/kjames/ros2_ws/install/eecs256aw25/share/eecs256aw25/models/husky_description/launch
symbolically linking /home/kjames/ros2_ws/build/eecs256aw25/models/husky_description/launch/description.launch -> /home/kjames/ros2_ws/install/eecs256aw25/share/eecs256aw25/models/husky_description/launch
symbolically linking /home/kjames/ros2_ws/build/eecs256aw25/models/husky_description/launch/description_launch.py -> /home/kjames/ros2_ws/install/eecs256aw25/share/eecs256aw25/models/husky_description/launch
