/home/kjames/ros2_ws/install/eecs256aw25/lib/python3.12/site-packages/eecs256aw25/visualize.py
/home/kjames/ros2_ws/install/eecs256aw25/lib/python3.12/site-packages/eecs256aw25/open_loop.py
/home/kjames/ros2_ws/install/eecs256aw25/lib/python3.12/site-packages/eecs256aw25/orient_a_star.py
/home/kjames/ros2_ws/install/eecs256aw25/lib/python3.12/site-packages/eecs256aw25/__init__.py
/home/kjames/ros2_ws/install/eecs256aw25/lib/python3.12/site-packages/eecs256aw25/point_a_star.py
/home/kjames/ros2_ws/install/eecs256aw25/lib/python3.12/site-packages/eecs256aw25/subscriber.py
/home/kjames/ros2_ws/install/eecs256aw25/lib/python3.12/site-packages/eecs256aw25/closed_loop.py
/home/kjames/ros2_ws/install/eecs256aw25/lib/python3.12/site-packages/eecs256aw25/verify_logic_only.py
/home/kjames/ros2_ws/install/eecs256aw25/lib/python3.12/site-packages/eecs256aw25/test_a_star.py
/home/kjames/ros2_ws/install/eecs256aw25/lib/python3.12/site-packages/eecs256aw25/publisher.py
/home/kjames/ros2_ws/install/eecs256aw25/lib/python3.12/site-packages/eecs256aw25/__pycache__/visualize.cpython-312.pyc
/home/kjames/ros2_ws/install/eecs256aw25/lib/python3.12/site-packages/eecs256aw25/__pycache__/open_loop.cpython-312.pyc
/home/kjames/ros2_ws/install/eecs256aw25/lib/python3.12/site-packages/eecs256aw25/__pycache__/orient_a_star.cpython-312.pyc
/home/kjames/ros2_ws/install/eecs256aw25/lib/python3.12/site-packages/eecs256aw25/__pycache__/__init__.cpython-312.pyc
/home/kjames/ros2_ws/install/eecs256aw25/lib/python3.12/site-packages/eecs256aw25/__pycache__/point_a_star.cpython-312.pyc
/home/kjames/ros2_ws/install/eecs256aw25/lib/python3.12/site-packages/eecs256aw25/__pycache__/subscriber.cpython-312.pyc
/home/kjames/ros2_ws/install/eecs256aw25/lib/python3.12/site-packages/eecs256aw25/__pycache__/closed_loop.cpython-312.pyc
/home/kjames/ros2_ws/install/eecs256aw25/lib/python3.12/site-packages/eecs256aw25/__pycache__/verify_logic_only.cpython-312.pyc
/home/kjames/ros2_ws/install/eecs256aw25/lib/python3.12/site-packages/eecs256aw25/__pycache__/test_a_star.cpython-312.pyc
/home/kjames/ros2_ws/install/eecs256aw25/lib/python3.12/site-packages/eecs256aw25/__pycache__/publisher.cpython-312.pyc
/home/kjames/ros2_ws/install/eecs256aw25/share/ament_index/resource_index/packages/eecs256aw25
/home/kjames/ros2_ws/install/eecs256aw25/share/eecs256aw25/package.xml
/home/kjames/ros2_ws/install/eecs256aw25/share/eecs256aw25/launch/closed_loop.launch.py
/home/kjames/ros2_ws/install/eecs256aw25/share/eecs256aw25/launch/lab3_turtlebot4_spawn.launch.py
/home/kjames/ros2_ws/install/eecs256aw25/share/eecs256aw25/launch/lab3_gz.launch.py
/home/kjames/ros2_ws/install/eecs256aw25/lib/python3.12/site-packages/eecs256aw25-0.0.0-py3.12.egg-info/zip-safe
/home/kjames/ros2_ws/install/eecs256aw25/lib/python3.12/site-packages/eecs256aw25-0.0.0-py3.12.egg-info/dependency_links.txt
/home/kjames/ros2_ws/install/eecs256aw25/lib/python3.12/site-packages/eecs256aw25-0.0.0-py3.12.egg-info/requires.txt
/home/kjames/ros2_ws/install/eecs256aw25/lib/python3.12/site-packages/eecs256aw25-0.0.0-py3.12.egg-info/top_level.txt
/home/kjames/ros2_ws/install/eecs256aw25/lib/python3.12/site-packages/eecs256aw25-0.0.0-py3.12.egg-info/PKG-INFO
/home/kjames/ros2_ws/install/eecs256aw25/lib/python3.12/site-packages/eecs256aw25-0.0.0-py3.12.egg-info/SOURCES.txt
/home/kjames/ros2_ws/install/eecs256aw25/lib/python3.12/site-packages/eecs256aw25-0.0.0-py3.12.egg-info/entry_points.txt
/home/kjames/ros2_ws/install/eecs256aw25/lib/eecs256aw25/closed_loop
/home/kjames/ros2_ws/install/eecs256aw25/lib/eecs256aw25/listener
/home/kjames/ros2_ws/install/eecs256aw25/lib/eecs256aw25/open_loop
/home/kjames/ros2_ws/install/eecs256aw25/lib/eecs256aw25/talker
