[0.397s] Invoking command in '/home/kjames/ros2_ws/build/eecs256aw25': DEBUGINFOD_URLS=https://debuginfod.ubuntu.com PYTHONPATH=/home/kjames/ros2_ws/build/eecs256aw25/prefix_override:/usr/lib/python3/dist-packages/colcon_core/task/python/colcon_distutils_commands:/home/kjames/ros2_ws/install/eecs256aw25/lib/python3.12/site-packages:${PYTHONPATH} /usr/bin/python3 -W ignore:setup.py install is deprecated -W ignore:easy_install command is deprecated setup.py develop --editable --build-directory /home/kjames/ros2_ws/build/eecs256aw25/build --no-deps symlink_data --force
[0.551s] running develop
[0.641s] running egg_info
[0.649s] writing eecs256aw25.egg-info/PKG-INFO
[0.649s] writing dependency_links to eecs256aw25.egg-info/dependency_links.txt
[0.649s] writing entry points to eecs256aw25.egg-info/entry_points.txt
[0.650s] writing requirements to eecs256aw25.egg-info/requires.txt
[0.650s] writing top-level names to eecs256aw25.egg-info/top_level.txt
[0.668s] reading manifest file 'eecs256aw25.egg-info/SOURCES.txt'
[0.668s] writing manifest file 'eecs256aw25.egg-info/SOURCES.txt'
[0.678s] running build_ext
[0.678s] Creating /home/kjames/ros2_ws/install/eecs256aw25/lib/python3.12/site-packages/eecs256aw25.egg-link (link to .)
[0.678s] Installing closed_loop script to /home/kjames/ros2_ws/install/eecs256aw25/lib/eecs256aw25
[0.678s] Installing listener script to /home/kjames/ros2_ws/install/eecs256aw25/lib/eecs256aw25
[0.678s] Installing open_loop script to /home/kjames/ros2_ws/install/eecs256aw25/lib/eecs256aw25
[0.678s] Installing talker script to /home/kjames/ros2_ws/install/eecs256aw25/lib/eecs256aw25
[0.678s] 
[0.678s] Installed /home/kjames/ros2_ws/build/eecs256aw25
[0.679s] running symlink_data
[0.679s] symbolically linking /home/kjames/ros2_ws/build/eecs256aw25/resource/eecs256aw25 -> /home/kjames/ros2_ws/install/eecs256aw25/share/ament_index/resource_index/packages
[0.679s] symbolically linking /home/kjames/ros2_ws/build/eecs256aw25/package.xml -> /home/kjames/ros2_ws/install/eecs256aw25/share/eecs256aw25
[0.679s] error: [Errno 2] No such file or directory: '/home/kjames/ros2_ws/install/eecs256aw25/share/eecs256aw25/launch/closed_loop.launch.py'
[0.695s] Invoked command in '/home/kjames/ros2_ws/build/eecs256aw25' returned '1': DEBUGINFOD_URLS=https://debuginfod.ubuntu.com PYTHONPATH=/home/kjames/ros2_ws/build/eecs256aw25/prefix_override:/usr/lib/python3/dist-packages/colcon_core/task/python/colcon_distutils_commands:/home/kjames/ros2_ws/install/eecs256aw25/lib/python3.12/site-packages:${PYTHONPATH} /usr/bin/python3 -W ignore:setup.py install is deprecated -W ignore:easy_install command is deprecated setup.py develop --editable --build-directory /home/kjames/ros2_ws/build/eecs256aw25/build --no-deps symlink_data --force
