[0.361s] Invoking command in '/home/kjames/ros2_ws/src/eecs256aw25': DEBUGINFOD_URLS=https://debuginfod.ubuntu.com PYTHONPATH=/home/kjames/ros2_ws/build/eecs256aw25/prefix_override:/usr/lib/python3/dist-packages/colcon_core/task/python/colcon_distutils_commands:/home/kjames/ros2_ws/install/eecs256aw25/lib/python3.12/site-packages:${PYTHONPATH} /usr/bin/python3 -W ignore:setup.py install is deprecated -W ignore:easy_install command is deprecated setup.py egg_info --egg-base ../../build/eecs256aw25 build --build-base /home/kjames/ros2_ws/build/eecs256aw25/build install --record /home/kjames/ros2_ws/build/eecs256aw25/install.log --single-version-externally-managed install_data
[0.489s] running egg_info
[0.497s] writing ../../build/eecs256aw25/eecs256aw25.egg-info/PKG-INFO
[0.497s] writing dependency_links to ../../build/eecs256aw25/eecs256aw25.egg-info/dependency_links.txt
[0.497s] writing entry points to ../../build/eecs256aw25/eecs256aw25.egg-info/entry_points.txt
[0.497s] writing requirements to ../../build/eecs256aw25/eecs256aw25.egg-info/requires.txt
[0.497s] writing top-level names to ../../build/eecs256aw25/eecs256aw25.egg-info/top_level.txt
[0.514s] reading manifest file '../../build/eecs256aw25/eecs256aw25.egg-info/SOURCES.txt'
[0.514s] writing manifest file '../../build/eecs256aw25/eecs256aw25.egg-info/SOURCES.txt'
[0.514s] running build
[0.514s] running build_py
[0.514s] copying eecs256aw25/orient_a_star.py -> /home/kjames/ros2_ws/build/eecs256aw25/build/lib/eecs256aw25
[0.514s] copying eecs256aw25/point_a_star.py -> /home/kjames/ros2_ws/build/eecs256aw25/build/lib/eecs256aw25
[0.514s] copying eecs256aw25/test_a_star.py -> /home/kjames/ros2_ws/build/eecs256aw25/build/lib/eecs256aw25
[0.514s] running install
[0.517s] running install_lib
[0.526s] copying /home/kjames/ros2_ws/build/eecs256aw25/build/lib/eecs256aw25/orient_a_star.py -> /home/kjames/ros2_ws/install/eecs256aw25/lib/python3.12/site-packages/eecs256aw25
[0.526s] copying /home/kjames/ros2_ws/build/eecs256aw25/build/lib/eecs256aw25/point_a_star.py -> /home/kjames/ros2_ws/install/eecs256aw25/lib/python3.12/site-packages/eecs256aw25
[0.526s] copying /home/kjames/ros2_ws/build/eecs256aw25/build/lib/eecs256aw25/test_a_star.py -> /home/kjames/ros2_ws/install/eecs256aw25/lib/python3.12/site-packages/eecs256aw25
[0.526s] byte-compiling /home/kjames/ros2_ws/install/eecs256aw25/lib/python3.12/site-packages/eecs256aw25/orient_a_star.py to orient_a_star.cpython-312.pyc
[0.526s]   File "/home/kjames/ros2_ws/install/eecs256aw25/lib/python3.12/site-packages/eecs256aw25/orient_a_star.py", line 13
[0.526s]     x, y, theta =
[0.526s]                  ^
[0.526s] SyntaxError: invalid syntax
[0.526s] 
[0.526s] byte-compiling /home/kjames/ros2_ws/install/eecs256aw25/lib/python3.12/site-packages/eecs256aw25/point_a_star.py to point_a_star.cpython-312.pyc
[0.526s] byte-compiling /home/kjames/ros2_ws/install/eecs256aw25/lib/python3.12/site-packages/eecs256aw25/test_a_star.py to test_a_star.cpython-312.pyc
[0.526s] running install_data
[0.527s]   File "/home/kjames/ros2_ws/install/eecs256aw25/lib/python3.12/site-packages/eecs256aw25/test_a_star.py", line 94
[0.527s]     all_rows = [p[0] for p in obstacles] + [s[0] for s in closed_positions] + \\
[0.527s]                                                                                ^
[0.527s] SyntaxError: unexpected character after line continuation character
[0.527s] 
[0.527s] running install_egg_info
[0.536s] removing '/home/kjames/ros2_ws/install/eecs256aw25/lib/python3.12/site-packages/eecs256aw25-0.0.0-py3.12.egg-info' (and everything under it)
[0.536s] Copying ../../build/eecs256aw25/eecs256aw25.egg-info to /home/kjames/ros2_ws/install/eecs256aw25/lib/python3.12/site-packages/eecs256aw25-0.0.0-py3.12.egg-info
[0.536s] running install_scripts
[0.591s] Installing closed_loop script to /home/kjames/ros2_ws/install/eecs256aw25/lib/eecs256aw25
[0.591s] Installing listener script to /home/kjames/ros2_ws/install/eecs256aw25/lib/eecs256aw25
[0.591s] Installing open_loop script to /home/kjames/ros2_ws/install/eecs256aw25/lib/eecs256aw25
[0.592s] Installing talker script to /home/kjames/ros2_ws/install/eecs256aw25/lib/eecs256aw25
[0.592s] writing list of installed files to '/home/kjames/ros2_ws/build/eecs256aw25/install.log'
[0.604s] Invoked command in '/home/kjames/ros2_ws/src/eecs256aw25' returned '0': DEBUGINFOD_URLS=https://debuginfod.ubuntu.com PYTHONPATH=/home/kjames/ros2_ws/build/eecs256aw25/prefix_override:/usr/lib/python3/dist-packages/colcon_core/task/python/colcon_distutils_commands:/home/kjames/ros2_ws/install/eecs256aw25/lib/python3.12/site-packages:${PYTHONPATH} /usr/bin/python3 -W ignore:setup.py install is deprecated -W ignore:easy_install command is deprecated setup.py egg_info --egg-base ../../build/eecs256aw25 build --build-base /home/kjames/ros2_ws/build/eecs256aw25/build install --record /home/kjames/ros2_ws/build/eecs256aw25/install.log --single-version-externally-managed install_data
