[0.442s] Invoking command in '/home/kjames/ros2_ws/build/eecs256aw25': DEBUGINFOD_URLS=https://debuginfod.ubuntu.com PYTHONPATH=/home/kjames/ros2_ws/build/eecs256aw25/prefix_override:/usr/lib/python3/dist-packages/colcon_core/task/python/colcon_distutils_commands:/home/kjames/ros2_ws/install/eecs256aw25/lib/python3.12/site-packages:${PYTHONPATH} /usr/bin/python3 -W ignore:setup.py install is deprecated -W ignore:easy_install command is deprecated setup.py develop --editable --build-directory /home/kjames/ros2_ws/build/eecs256aw25/build --no-deps symlink_data
[0.614s] running develop
[0.712s] running egg_info
[0.722s] writing eecs256aw25.egg-info/PKG-INFO
[0.722s] writing dependency_links to eecs256aw25.egg-info/dependency_links.txt
[0.722s] writing entry points to eecs256aw25.egg-info/entry_points.txt
[0.722s] writing requirements to eecs256aw25.egg-info/requires.txt
[0.722s] writing top-level names to eecs256aw25.egg-info/top_level.txt
[0.744s] reading manifest file 'eecs256aw25.egg-info/SOURCES.txt'
[0.747s] writing manifest file 'eecs256aw25.egg-info/SOURCES.txt'
[0.757s] running build_ext
[0.757s] Creating /home/kjames/ros2_ws/install/eecs256aw25/lib/python3.12/site-packages/eecs256aw25.egg-link (link to .)
[0.757s] Installing closed_loop script to /home/kjames/ros2_ws/install/eecs256aw25/lib/eecs256aw25
[0.758s] Installing listener script to /home/kjames/ros2_ws/install/eecs256aw25/lib/eecs256aw25
[0.758s] Installing open_loop script to /home/kjames/ros2_ws/install/eecs256aw25/lib/eecs256aw25
[0.758s] Installing talker script to /home/kjames/ros2_ws/install/eecs256aw25/lib/eecs256aw25
[0.758s] 
[0.758s] Installed /home/kjames/ros2_ws/build/eecs256aw25
[0.758s] running symlink_data
[0.781s] Invoked command in '/home/kjames/ros2_ws/build/eecs256aw25' returned '0': DEBUGINFOD_URLS=https://debuginfod.ubuntu.com PYTHONPATH=/home/kjames/ros2_ws/build/eecs256aw25/prefix_override:/usr/lib/python3/dist-packages/colcon_core/task/python/colcon_distutils_commands:/home/kjames/ros2_ws/install/eecs256aw25/lib/python3.12/site-packages:${PYTHONPATH} /usr/bin/python3 -W ignore:setup.py install is deprecated -W ignore:easy_install command is deprecated setup.py develop --editable --build-directory /home/kjames/ros2_ws/build/eecs256aw25/build --no-deps symlink_data
