[2.162s] Invoking command in '/home/kjames/ros2_ws/src/eecs256aw25': DEBUGINFOD_URLS=https://debuginfod.ubuntu.com PYTHONPATH=/home/kjames/ros2_ws/build/eecs256aw25/prefix_override:/usr/lib/python3/dist-packages/colcon_core/task/python/colcon_distutils_commands:/home/kjames/ros2_ws/install/eecs256aw25/lib/python3.12/site-packages:${PYTHONPATH} /usr/bin/python3 -W ignore:setup.py install is deprecated -W ignore:easy_install command is deprecated setup.py egg_info --egg-base ../../build/eecs256aw25 build --build-base /home/kjames/ros2_ws/build/eecs256aw25/build install --record /home/kjames/ros2_ws/build/eecs256aw25/install.log --single-version-externally-managed install_data
[3.040s] running egg_info
[3.055s] writing ../../build/eecs256aw25/eecs256aw25.egg-info/PKG-INFO
[3.055s] writing dependency_links to ../../build/eecs256aw25/eecs256aw25.egg-info/dependency_links.txt
[3.056s] writing entry points to ../../build/eecs256aw25/eecs256aw25.egg-info/entry_points.txt
[3.056s] writing requirements to ../../build/eecs256aw25/eecs256aw25.egg-info/requires.txt
[3.056s] writing top-level names to ../../build/eecs256aw25/eecs256aw25.egg-info/top_level.txt
[3.148s] reading manifest file '../../build/eecs256aw25/eecs256aw25.egg-info/SOURCES.txt'
[3.151s] writing manifest file '../../build/eecs256aw25/eecs256aw25.egg-info/SOURCES.txt'
[3.152s] running build
[3.152s] running build_py
[3.153s] copying eecs256aw25/closed_loop.py -> /home/kjames/ros2_ws/build/eecs256aw25/build/lib/eecs256aw25
[3.154s] running install
[3.174s] running install_lib
[3.254s] copying /home/kjames/ros2_ws/build/eecs256aw25/build/lib/eecs256aw25/closed_loop.py -> /home/kjames/ros2_ws/install/eecs256aw25/lib/python3.12/site-packages/eecs256aw25
[3.256s] byte-compiling /home/kjames/ros2_ws/install/eecs256aw25/lib/python3.12/site-packages/eecs256aw25/closed_loop.py to closed_loop.cpython-312.pyc
[3.262s] running install_data
[3.262s] running install_egg_info
[3.336s] removing '/home/kjames/ros2_ws/install/eecs256aw25/lib/python3.12/site-packages/eecs256aw25-0.0.0-py3.12.egg-info' (and everything under it)
[3.337s] Copying ../../build/eecs256aw25/eecs256aw25.egg-info to /home/kjames/ros2_ws/install/eecs256aw25/lib/python3.12/site-packages/eecs256aw25-0.0.0-py3.12.egg-info
[3.340s] running install_scripts
[3.838s] Installing closed_loop script to /home/kjames/ros2_ws/install/eecs256aw25/lib/eecs256aw25
[3.838s] Installing listener script to /home/kjames/ros2_ws/install/eecs256aw25/lib/eecs256aw25
[3.839s] Installing open_loop script to /home/kjames/ros2_ws/install/eecs256aw25/lib/eecs256aw25
[3.840s] Installing talker script to /home/kjames/ros2_ws/install/eecs256aw25/lib/eecs256aw25
[3.840s] writing list of installed files to '/home/kjames/ros2_ws/build/eecs256aw25/install.log'
[3.898s] Invoked command in '/home/kjames/ros2_ws/src/eecs256aw25' returned '0': DEBUGINFOD_URLS=https://debuginfod.ubuntu.com PYTHONPATH=/home/kjames/ros2_ws/build/eecs256aw25/prefix_override:/usr/lib/python3/dist-packages/colcon_core/task/python/colcon_distutils_commands:/home/kjames/ros2_ws/install/eecs256aw25/lib/python3.12/site-packages:${PYTHONPATH} /usr/bin/python3 -W ignore:setup.py install is deprecated -W ignore:easy_install command is deprecated setup.py egg_info --egg-base ../../build/eecs256aw25 build --build-base /home/kjames/ros2_ws/build/eecs256aw25/build install --record /home/kjames/ros2_ws/build/eecs256aw25/install.log --single-version-externally-managed install_data
